<?xml version="1.0" encoding="UTF-8"?>
<testsuites name="Data_csv" time="38.1" tests="5" failures="0" errors="0">
   <testsuite name="Data_csv" tests="5" failures="0" errors="0" time="38.1" skipped="0" timestamp="12-01-2024T17:19:21" hostname="daniela.feliciano - vass-06956.VASS.INET" id="Test Suites/datos_externos/Data_csv">
      <properties>
         <property name="deviceName" value=""/>
         <property name="devicePlatform" value=""/>
         <property name="logFolder" value="C:\\KATALON\\Proyectos\\Proyecto_uno\\Reports\\20240112_171914\\datos_externos\\Data_csv\\20240112_171914"/>
         <property name="logFiles" value="C:\\KATALON\\Proyectos\\Proyecto_uno\\Reports\\20240112_171914\\datos_externos\\Data_csv\\20240112_171914\\execution0.log"/>
         <property name="attachments" value=""/>
         <property name="hostName" value="daniela.feliciano - vass-06956.VASS.INET"/>
         <property name="os" value="Windows 10 64bit"/>
         <property name="katalonVersion" value="9.2.0.212"/>
         <property name="browser" value="Chrome 120.0.0.0"/>
         <property name="hostAddress" value="192.168.1.57"/>
         <property name="sessionId" value="76e354927b5533c43f44f25497b85b24"/>
         <property name="seleniumVersion" value="3.141.59"/>
         <property name="proxyInformation" value="ProxyInformation { proxyOption=NO_PROXY, proxyServerType=HTTP, username=, password=********, proxyServerAddress=, proxyServerPort=0, executionList=&quot;&quot;, isApplyToDesiredCapabilities=true }"/>
         <property name="platform" value="Windows 10"/>
      </properties>
      <testcase name="Test Cases/Datos_externos/Driver_csv/Caso_drive_csv" time="9.254" classname="Test Cases/Datos_externos/Driver_csv/Caso_drive_csv" status="PASSED">
         <system-out><![CDATA[12-01-2024T17:19:21 - [TEST_CASE][PASSED] - Test Cases/Datos_externos/Driver_csv/Caso_drive_csv: Test Cases/Datos_externos/Driver_csv/Caso_drive_csv

12-01-2024T17:19:22 - [TEST_STEP][PASSED] - openBrowser(""): Browser is opened with url: ''

12-01-2024T17:19:22 - [MESSAGE][INFO] - Starting 'Chrome' driver

12-01-2024T17:19:22 - [MESSAGE][INFO] - Action delay is set to 0 milliseconds

12-01-2024T17:19:24 - [MESSAGE][PASSED] - Browser is opened with url: ''

12-01-2024T17:19:24 - [TEST_STEP][PASSED] - navigateToUrl("https://demoqa.com/automation-practice-form"): Navigate to 'https://demoqa.com/automation-practice-form' successfully

12-01-2024T17:19:26 - [MESSAGE][PASSED] - Navigate to 'https://demoqa.com/automation-practice-form' successfully

12-01-2024T17:19:26 - [TEST_STEP][PASSED] - waitForPageLoad(0): Wait for page load successfully

12-01-2024T17:19:26 - [MESSAGE][WARNING] - Timeout '0' is invalid. Using default page load timeout: '30'

12-01-2024T17:19:27 - [MESSAGE][PASSED] - Wait for page load successfully

12-01-2024T17:19:27 - [TEST_STEP][PASSED] - setText(findTestObject("Object Repository/driver_excel/Page_DEMOQA/inputfirstName"), nombre): Text 'nombre1' is set on object 'Object Repository/driver_excel/Page_DEMOQA/inputfirstName'

12-01-2024T17:19:28 - [MESSAGE][PASSED] - Text 'nombre1' is set on object 'Object Repository/driver_excel/Page_DEMOQA/inputfirstName'

12-01-2024T17:19:28 - [TEST_STEP][PASSED] - setText(findTestObject("Object Repository/driver_excel/Page_DEMOQA/inputlastName"), apellido): Text ' apellido1' is set on object 'Object Repository/driver_excel/Page_DEMOQA/inputlastName'

12-01-2024T17:19:29 - [MESSAGE][PASSED] - Text ' apellido1' is set on object 'Object Repository/driver_excel/Page_DEMOQA/inputlastName'

12-01-2024T17:19:29 - [TEST_STEP][PASSED] - setText(findTestObject("Object Repository/driver_excel/Page_DEMOQA/inputuserEmail"), email): Text ' email1' is set on object 'Object Repository/driver_excel/Page_DEMOQA/inputuserEmail'

12-01-2024T17:19:30 - [MESSAGE][PASSED] - Text ' email1' is set on object 'Object Repository/driver_excel/Page_DEMOQA/inputuserEmail'

12-01-2024T17:19:30 - [TEST_STEP][PASSED] - delay(0): Delayed 0 second(s)

12-01-2024T17:19:30 - [MESSAGE][PASSED] - Delayed 0 second(s)

12-01-2024T17:19:30 - [TEST_STEP][PASSED] - closeBrowser(): Browser is closed

12-01-2024T17:19:30 - [MESSAGE][PASSED] - Browser is closed]]></system-out>
         <system-err><![CDATA[]]></system-err>
      </testcase>
      <testcase name="Test Cases/Datos_externos/Driver_csv/Caso_drive_csv" time="7.184" classname="Test Cases/Datos_externos/Driver_csv/Caso_drive_csv" status="PASSED">
         <system-out><![CDATA[12-01-2024T17:19:30 - [TEST_CASE][PASSED] - Test Cases/Datos_externos/Driver_csv/Caso_drive_csv: Test Cases/Datos_externos/Driver_csv/Caso_drive_csv

12-01-2024T17:19:30 - [TEST_STEP][PASSED] - openBrowser(""): Browser is opened with url: ''

12-01-2024T17:19:30 - [MESSAGE][INFO] - Starting 'Chrome' driver

12-01-2024T17:19:30 - [MESSAGE][INFO] - Action delay is set to 0 milliseconds

12-01-2024T17:19:32 - [MESSAGE][PASSED] - Browser is opened with url: ''

12-01-2024T17:19:32 - [TEST_STEP][PASSED] - navigateToUrl("https://demoqa.com/automation-practice-form"): Navigate to 'https://demoqa.com/automation-practice-form' successfully

12-01-2024T17:19:33 - [MESSAGE][PASSED] - Navigate to 'https://demoqa.com/automation-practice-form' successfully

12-01-2024T17:19:33 - [TEST_STEP][PASSED] - waitForPageLoad(0): Wait for page load successfully

12-01-2024T17:19:33 - [MESSAGE][WARNING] - Timeout '0' is invalid. Using default page load timeout: '30'

12-01-2024T17:19:34 - [MESSAGE][PASSED] - Wait for page load successfully

12-01-2024T17:19:34 - [TEST_STEP][PASSED] - setText(findTestObject("Object Repository/driver_excel/Page_DEMOQA/inputfirstName"), nombre): Text 'nombre2' is set on object 'Object Repository/driver_excel/Page_DEMOQA/inputfirstName'

12-01-2024T17:19:35 - [MESSAGE][PASSED] - Text 'nombre2' is set on object 'Object Repository/driver_excel/Page_DEMOQA/inputfirstName'

12-01-2024T17:19:35 - [TEST_STEP][PASSED] - setText(findTestObject("Object Repository/driver_excel/Page_DEMOQA/inputlastName"), apellido): Text ' apellido2' is set on object 'Object Repository/driver_excel/Page_DEMOQA/inputlastName'

12-01-2024T17:19:36 - [MESSAGE][PASSED] - Text ' apellido2' is set on object 'Object Repository/driver_excel/Page_DEMOQA/inputlastName'

12-01-2024T17:19:36 - [TEST_STEP][PASSED] - setText(findTestObject("Object Repository/driver_excel/Page_DEMOQA/inputuserEmail"), email): Text ' email2' is set on object 'Object Repository/driver_excel/Page_DEMOQA/inputuserEmail'

12-01-2024T17:19:37 - [MESSAGE][PASSED] - Text ' email2' is set on object 'Object Repository/driver_excel/Page_DEMOQA/inputuserEmail'

12-01-2024T17:19:37 - [TEST_STEP][PASSED] - delay(0): Delayed 0 second(s)

12-01-2024T17:19:37 - [MESSAGE][PASSED] - Delayed 0 second(s)

12-01-2024T17:19:37 - [TEST_STEP][PASSED] - closeBrowser(): Browser is closed

12-01-2024T17:19:38 - [MESSAGE][PASSED] - Browser is closed]]></system-out>
         <system-err><![CDATA[]]></system-err>
      </testcase>
      <testcase name="Test Cases/Datos_externos/Driver_csv/Caso_drive_csv" time="6.566" classname="Test Cases/Datos_externos/Driver_csv/Caso_drive_csv" status="PASSED">
         <system-out><![CDATA[12-01-2024T17:19:38 - [TEST_CASE][PASSED] - Test Cases/Datos_externos/Driver_csv/Caso_drive_csv: Test Cases/Datos_externos/Driver_csv/Caso_drive_csv

12-01-2024T17:19:38 - [TEST_STEP][PASSED] - openBrowser(""): Browser is opened with url: ''

12-01-2024T17:19:38 - [MESSAGE][INFO] - Starting 'Chrome' driver

12-01-2024T17:19:38 - [MESSAGE][INFO] - Action delay is set to 0 milliseconds

12-01-2024T17:19:39 - [MESSAGE][PASSED] - Browser is opened with url: ''

12-01-2024T17:19:39 - [TEST_STEP][PASSED] - navigateToUrl("https://demoqa.com/automation-practice-form"): Navigate to 'https://demoqa.com/automation-practice-form' successfully

12-01-2024T17:19:41 - [MESSAGE][PASSED] - Navigate to 'https://demoqa.com/automation-practice-form' successfully

12-01-2024T17:19:41 - [TEST_STEP][PASSED] - waitForPageLoad(0): Wait for page load successfully

12-01-2024T17:19:41 - [MESSAGE][WARNING] - Timeout '0' is invalid. Using default page load timeout: '30'

12-01-2024T17:19:41 - [MESSAGE][PASSED] - Wait for page load successfully

12-01-2024T17:19:41 - [TEST_STEP][PASSED] - setText(findTestObject("Object Repository/driver_excel/Page_DEMOQA/inputfirstName"), nombre): Text 'nombre3' is set on object 'Object Repository/driver_excel/Page_DEMOQA/inputfirstName'

12-01-2024T17:19:42 - [MESSAGE][PASSED] - Text 'nombre3' is set on object 'Object Repository/driver_excel/Page_DEMOQA/inputfirstName'

12-01-2024T17:19:42 - [TEST_STEP][PASSED] - setText(findTestObject("Object Repository/driver_excel/Page_DEMOQA/inputlastName"), apellido): Text ' apellido3' is set on object 'Object Repository/driver_excel/Page_DEMOQA/inputlastName'

12-01-2024T17:19:43 - [MESSAGE][PASSED] - Text ' apellido3' is set on object 'Object Repository/driver_excel/Page_DEMOQA/inputlastName'

12-01-2024T17:19:43 - [TEST_STEP][PASSED] - setText(findTestObject("Object Repository/driver_excel/Page_DEMOQA/inputuserEmail"), email): Text ' email3' is set on object 'Object Repository/driver_excel/Page_DEMOQA/inputuserEmail'

12-01-2024T17:19:44 - [MESSAGE][PASSED] - Text ' email3' is set on object 'Object Repository/driver_excel/Page_DEMOQA/inputuserEmail'

12-01-2024T17:19:44 - [TEST_STEP][PASSED] - delay(0): Delayed 0 second(s)

12-01-2024T17:19:44 - [MESSAGE][PASSED] - Delayed 0 second(s)

12-01-2024T17:19:44 - [TEST_STEP][PASSED] - closeBrowser(): Browser is closed

12-01-2024T17:19:44 - [MESSAGE][PASSED] - Browser is closed]]></system-out>
         <system-err><![CDATA[]]></system-err>
      </testcase>
      <testcase name="Test Cases/Datos_externos/Driver_csv/Caso_drive_csv" time="6.791" classname="Test Cases/Datos_externos/Driver_csv/Caso_drive_csv" status="PASSED">
         <system-out><![CDATA[12-01-2024T17:19:44 - [TEST_CASE][PASSED] - Test Cases/Datos_externos/Driver_csv/Caso_drive_csv: Test Cases/Datos_externos/Driver_csv/Caso_drive_csv

12-01-2024T17:19:44 - [TEST_STEP][PASSED] - openBrowser(""): Browser is opened with url: ''

12-01-2024T17:19:44 - [MESSAGE][INFO] - Starting 'Chrome' driver

12-01-2024T17:19:44 - [MESSAGE][INFO] - Action delay is set to 0 milliseconds

12-01-2024T17:19:46 - [MESSAGE][PASSED] - Browser is opened with url: ''

12-01-2024T17:19:46 - [TEST_STEP][PASSED] - navigateToUrl("https://demoqa.com/automation-practice-form"): Navigate to 'https://demoqa.com/automation-practice-form' successfully

12-01-2024T17:19:48 - [MESSAGE][PASSED] - Navigate to 'https://demoqa.com/automation-practice-form' successfully

12-01-2024T17:19:48 - [TEST_STEP][PASSED] - waitForPageLoad(0): Wait for page load successfully

12-01-2024T17:19:48 - [MESSAGE][WARNING] - Timeout '0' is invalid. Using default page load timeout: '30'

12-01-2024T17:19:48 - [MESSAGE][PASSED] - Wait for page load successfully

12-01-2024T17:19:48 - [TEST_STEP][PASSED] - setText(findTestObject("Object Repository/driver_excel/Page_DEMOQA/inputfirstName"), nombre): Text 'nombre4' is set on object 'Object Repository/driver_excel/Page_DEMOQA/inputfirstName'

12-01-2024T17:19:49 - [MESSAGE][PASSED] - Text 'nombre4' is set on object 'Object Repository/driver_excel/Page_DEMOQA/inputfirstName'

12-01-2024T17:19:49 - [TEST_STEP][PASSED] - setText(findTestObject("Object Repository/driver_excel/Page_DEMOQA/inputlastName"), apellido): Text ' apellido4' is set on object 'Object Repository/driver_excel/Page_DEMOQA/inputlastName'

12-01-2024T17:19:50 - [MESSAGE][PASSED] - Text ' apellido4' is set on object 'Object Repository/driver_excel/Page_DEMOQA/inputlastName'

12-01-2024T17:19:50 - [TEST_STEP][PASSED] - setText(findTestObject("Object Repository/driver_excel/Page_DEMOQA/inputuserEmail"), email): Text ' email4' is set on object 'Object Repository/driver_excel/Page_DEMOQA/inputuserEmail'

12-01-2024T17:19:51 - [MESSAGE][PASSED] - Text ' email4' is set on object 'Object Repository/driver_excel/Page_DEMOQA/inputuserEmail'

12-01-2024T17:19:51 - [TEST_STEP][PASSED] - delay(0): Delayed 0 second(s)

12-01-2024T17:19:51 - [MESSAGE][PASSED] - Delayed 0 second(s)

12-01-2024T17:19:51 - [TEST_STEP][PASSED] - closeBrowser(): Browser is closed

12-01-2024T17:19:51 - [MESSAGE][PASSED] - Browser is closed]]></system-out>
         <system-err><![CDATA[]]></system-err>
      </testcase>
      <testcase name="Test Cases/Datos_externos/Driver_csv/Caso_drive_csv" time="7.53" classname="Test Cases/Datos_externos/Driver_csv/Caso_drive_csv" status="PASSED">
         <system-out><![CDATA[12-01-2024T17:19:51 - [TEST_CASE][PASSED] - Test Cases/Datos_externos/Driver_csv/Caso_drive_csv: Test Cases/Datos_externos/Driver_csv/Caso_drive_csv

12-01-2024T17:19:51 - [TEST_STEP][PASSED] - openBrowser(""): Browser is opened with url: ''

12-01-2024T17:19:51 - [MESSAGE][INFO] - Starting 'Chrome' driver

12-01-2024T17:19:51 - [MESSAGE][INFO] - Action delay is set to 0 milliseconds

12-01-2024T17:19:53 - [MESSAGE][PASSED] - Browser is opened with url: ''

12-01-2024T17:19:53 - [TEST_STEP][PASSED] - navigateToUrl("https://demoqa.com/automation-practice-form"): Navigate to 'https://demoqa.com/automation-practice-form' successfully

12-01-2024T17:19:56 - [MESSAGE][PASSED] - Navigate to 'https://demoqa.com/automation-practice-form' successfully

12-01-2024T17:19:56 - [TEST_STEP][PASSED] - waitForPageLoad(0): Wait for page load successfully

12-01-2024T17:19:56 - [MESSAGE][WARNING] - Timeout '0' is invalid. Using default page load timeout: '30'

12-01-2024T17:19:56 - [MESSAGE][PASSED] - Wait for page load successfully

12-01-2024T17:19:56 - [TEST_STEP][PASSED] - setText(findTestObject("Object Repository/driver_excel/Page_DEMOQA/inputfirstName"), nombre): Text 'nombre5' is set on object 'Object Repository/driver_excel/Page_DEMOQA/inputfirstName'

12-01-2024T17:19:57 - [MESSAGE][PASSED] - Text 'nombre5' is set on object 'Object Repository/driver_excel/Page_DEMOQA/inputfirstName'

12-01-2024T17:19:57 - [TEST_STEP][PASSED] - setText(findTestObject("Object Repository/driver_excel/Page_DEMOQA/inputlastName"), apellido): Text ' apellido5' is set on object 'Object Repository/driver_excel/Page_DEMOQA/inputlastName'

12-01-2024T17:19:57 - [MESSAGE][PASSED] - Text ' apellido5' is set on object 'Object Repository/driver_excel/Page_DEMOQA/inputlastName'

12-01-2024T17:19:57 - [TEST_STEP][PASSED] - setText(findTestObject("Object Repository/driver_excel/Page_DEMOQA/inputuserEmail"), email): Text ' email5' is set on object 'Object Repository/driver_excel/Page_DEMOQA/inputuserEmail'

12-01-2024T17:19:58 - [MESSAGE][PASSED] - Text ' email5' is set on object 'Object Repository/driver_excel/Page_DEMOQA/inputuserEmail'

12-01-2024T17:19:58 - [TEST_STEP][PASSED] - delay(0): Delayed 0 second(s)

12-01-2024T17:19:58 - [MESSAGE][PASSED] - Delayed 0 second(s)

12-01-2024T17:19:58 - [TEST_STEP][PASSED] - closeBrowser(): Browser is closed

12-01-2024T17:19:59 - [MESSAGE][PASSED] - Browser is closed]]></system-out>
         <system-err><![CDATA[]]></system-err>
      </testcase>
      <system-out><![CDATA[12-01-2024T17:19:21 - [TEST_SUITE][PASSED] - Data_csv: Test Cases/Datos_externos/Driver_csv/Caso_drive_csv]]></system-out>
      <system-err><![CDATA[]]></system-err>
   </testsuite>
</testsuites>
