<?xml version="1.0" encoding="UTF-8"?>
<testsuites name="Test_Suite_1" time="195.691" tests="9" failures="0" errors="0">
   <testsuite name="Test_Suite_1" tests="9" failures="0" errors="0" time="195.691" skipped="0" timestamp="12-01-2024T14:00:42" hostname="daniela.feliciano - vass-06956.VASS.INET" id="Test Suites/Test_Suite_1">
      <properties>
         <property name="deviceName" value=""/>
         <property name="devicePlatform" value=""/>
         <property name="logFolder" value="C:\\KATALON\\Proyectos\\Proyecto_uno\\Reports\\20240112_140014\\Test_Suite_1\\20240112_140017"/>
         <property name="logFiles" value="C:\\KATALON\\Proyectos\\Proyecto_uno\\Reports\\20240112_140014\\Test_Suite_1\\20240112_140017\\execution0.log"/>
         <property name="attachments" value=""/>
         <property name="hostName" value="daniela.feliciano - vass-06956.VASS.INET"/>
         <property name="os" value="Windows 10 64bit"/>
         <property name="katalonVersion" value="9.2.0.212"/>
         <property name="browser" value="Chrome 120.0.0.0"/>
         <property name="hostAddress" value="192.168.1.57"/>
         <property name="sessionId" value="75e4dc88d1609f2f4b22ff6bbeda983b"/>
         <property name="seleniumVersion" value="3.141.59"/>
         <property name="proxyInformation" value="ProxyInformation { proxyOption=NO_PROXY, proxyServerType=HTTP, username=, password=********, proxyServerAddress=, proxyServerPort=0, executionList=&quot;&quot;, isApplyToDesiredCapabilities=true }"/>
         <property name="platform" value="Windows 10"/>
      </properties>
      <testcase name="Test Cases/Carga_archivo/Caso_carga_archivo" time="35.489" classname="Test Cases/Carga_archivo/Caso_carga_archivo" status="PASSED">
         <system-out><![CDATA[12-01-2024T14:00:43 - [TEST_CASE][PASSED] - Test Cases/Carga_archivo/Caso_carga_archivo: Test Cases/Carga_archivo/Caso_carga_archivo

12-01-2024T14:00:44 - [TEST_STEP][PASSED] - openBrowser(""): Browser is opened with url: ''

12-01-2024T14:00:46 - [MESSAGE][INFO] - Starting 'Chrome' driver

12-01-2024T14:00:46 - [MESSAGE][INFO] - Action delay is set to 0 milliseconds

12-01-2024T14:00:54 - [MESSAGE][PASSED] - Browser is opened with url: ''

12-01-2024T14:00:54 - [TEST_STEP][PASSED] - navigateToUrl("https://testpages.herokuapp.com/styled/file-upload-test.html"): Navigate to 'https://testpages.herokuapp.com/styled/file-upload-test.html' successfully

12-01-2024T14:00:54 - [MESSAGE][PASSED] - Navigate to 'https://testpages.herokuapp.com/styled/file-upload-test.html' successfully

12-01-2024T14:00:54 - [TEST_STEP][PASSED] - uploadFile(findTestObject("Carga_archivo/upload"), "C:\KATALON\Proyectos\Proyecto_uno\Images\img.png"): File 'C:\KATALON\Proyectos\Proyecto_uno\Images\img.png' sent to object: 'Object Repository/Carga_archivo/upload'

12-01-2024T14:00:56 - [MESSAGE][PASSED] - File 'C:\KATALON\Proyectos\Proyecto_uno\Images\img.png' sent to object: 'Object Repository/Carga_archivo/upload'

12-01-2024T14:00:56 - [TEST_STEP][PASSED] - delay(tiempo): Delayed 3 second(s)

12-01-2024T14:01:00 - [MESSAGE][PASSED] - Delayed 3 second(s)

12-01-2024T14:01:00 - [TEST_STEP][PASSED] - click(findTestObject("Carga_archivo/checkimg")): Object: 'Object Repository/Carga_archivo/checkimg' is clicked on

12-01-2024T14:01:01 - [MESSAGE][PASSED] - Object: 'Object Repository/Carga_archivo/checkimg' is clicked on

12-01-2024T14:01:01 - [TEST_STEP][PASSED] - delay(Tiempo): Delayed 3 second(s)

12-01-2024T14:01:04 - [MESSAGE][PASSED] - Delayed 3 second(s)

12-01-2024T14:01:04 - [TEST_STEP][PASSED] - click(findTestObject("Carga_archivo/carga")): Object: 'Object Repository/Carga_archivo/carga' is clicked on

12-01-2024T14:01:07 - [MESSAGE][PASSED] - Object: 'Object Repository/Carga_archivo/carga' is clicked on

12-01-2024T14:01:07 - [TEST_STEP][PASSED] - delay(Tiempo): Delayed 3 second(s)

12-01-2024T14:01:10 - [MESSAGE][PASSED] - Delayed 3 second(s)

12-01-2024T14:01:10 - [TEST_STEP][PASSED] - verifyElementVisible(findTestObject("Carga_archivo/titulo")): Object 'Object Repository/Carga_archivo/titulo' is visible

12-01-2024T14:01:12 - [MESSAGE][PASSED] - Object 'Object Repository/Carga_archivo/titulo' is visible

12-01-2024T14:01:12 - [TEST_STEP][PASSED] - verifyElementText(findTestObject("Carga_archivo/titulo"), "Uploaded File"): Actual text and expected text of test object 'Object Repository/Carga_archivo/titulo' are matched.

12-01-2024T14:01:13 - [MESSAGE][PASSED] - Actual text and expected text of test object 'Object Repository/Carga_archivo/titulo' are matched.

12-01-2024T14:01:13 - [TEST_STEP][PASSED] - closeBrowser(): Browser is closed

12-01-2024T14:01:18 - [MESSAGE][PASSED] - Browser is closed]]></system-out>
         <system-err><![CDATA[]]></system-err>
      </testcase>
      <testcase name="Test Cases/Check_box/Caso_check_box" time="29.578" classname="Test Cases/Check_box/Caso_check_box" status="PASSED">
         <system-out><![CDATA[12-01-2024T14:01:18 - [TEST_CASE][PASSED] - Test Cases/Check_box/Caso_check_box: Test Cases/Check_box/Caso_check_box

12-01-2024T14:01:19 - [TEST_STEP][PASSED] - openBrowser(""): Browser is opened with url: ''

12-01-2024T14:01:19 - [MESSAGE][INFO] - Starting 'Chrome' driver

12-01-2024T14:01:19 - [MESSAGE][INFO] - Action delay is set to 0 milliseconds

12-01-2024T14:01:23 - [MESSAGE][PASSED] - Browser is opened with url: ''

12-01-2024T14:01:23 - [TEST_STEP][PASSED] - navigateToUrl("https://demoqa.com/automation-practice-form"): Navigate to 'https://demoqa.com/automation-practice-form' successfully

12-01-2024T14:01:28 - [MESSAGE][PASSED] - Navigate to 'https://demoqa.com/automation-practice-form' successfully

12-01-2024T14:01:28 - [TEST_STEP][PASSED] - check(findTestObject("Object Repository/Check_box/Page_DEMOQA/label_Male")): Object 'Object Repository/Check_box/Page_DEMOQA/label_Male' is checked

12-01-2024T14:01:30 - [MESSAGE][PASSED] - Object 'Object Repository/Check_box/Page_DEMOQA/label_Male' is checked

12-01-2024T14:01:30 - [TEST_STEP][PASSED] - delay(tiempo): Delayed 3 second(s)

12-01-2024T14:01:33 - [MESSAGE][PASSED] - Delayed 3 second(s)

12-01-2024T14:01:33 - [TEST_STEP][PASSED] - check(findTestObject("Object Repository/Check_box/Page_DEMOQA/label_Sports")): Object 'Object Repository/Check_box/Page_DEMOQA/label_Sports' is checked

12-01-2024T14:01:36 - [MESSAGE][PASSED] - Object 'Object Repository/Check_box/Page_DEMOQA/label_Sports' is checked

12-01-2024T14:01:36 - [TEST_STEP][PASSED] - delay(tiempo): Delayed 3 second(s)

12-01-2024T14:01:39 - [MESSAGE][PASSED] - Delayed 3 second(s)

12-01-2024T14:01:39 - [TEST_STEP][PASSED] - closeBrowser(): Browser is closed

12-01-2024T14:01:48 - [MESSAGE][PASSED] - Browser is closed]]></system-out>
         <system-err><![CDATA[]]></system-err>
      </testcase>
      <testcase name="Test Cases/Links_Buttons/Links" time="16.234" classname="Test Cases/Links_Buttons/Links" status="PASSED">
         <system-out><![CDATA[12-01-2024T14:01:48 - [TEST_CASE][PASSED] - Test Cases/Links_Buttons/Links: Test Cases/Links_Buttons/Links

12-01-2024T14:01:48 - [TEST_STEP][PASSED] - openBrowser(""): Browser is opened with url: ''

12-01-2024T14:01:48 - [MESSAGE][INFO] - Starting 'Chrome' driver

12-01-2024T14:01:48 - [MESSAGE][INFO] - Action delay is set to 0 milliseconds

12-01-2024T14:01:51 - [MESSAGE][PASSED] - Browser is opened with url: ''

12-01-2024T14:01:51 - [TEST_STEP][PASSED] - navigateToUrl("https://demoqa.com/automation-practice-form"): Navigate to 'https://demoqa.com/automation-practice-form' successfully

12-01-2024T14:01:58 - [MESSAGE][PASSED] - Navigate to 'https://demoqa.com/automation-practice-form' successfully

12-01-2024T14:01:58 - [TEST_STEP][PASSED] - click(findTestObject("Links_buttons/Page_DEMOQA/Links")): Object: 'Object Repository/Links_buttons/Page_DEMOQA/Links' is clicked on

12-01-2024T14:02:01 - [MESSAGE][PASSED] - Object: 'Object Repository/Links_buttons/Page_DEMOQA/Links' is clicked on

12-01-2024T14:02:01 - [TEST_STEP][PASSED] - closeBrowser(): Browser is closed

12-01-2024T14:02:04 - [MESSAGE][PASSED] - Browser is closed]]></system-out>
         <system-err><![CDATA[]]></system-err>
      </testcase>
      <testcase name="Test Cases/Mouse/Click_Derecho/Caso_click_derecho" time="31.644" classname="Test Cases/Mouse/Click_Derecho/Caso_click_derecho" status="PASSED">
         <system-out><![CDATA[12-01-2024T14:02:04 - [TEST_CASE][PASSED] - Test Cases/Mouse/Click_Derecho/Caso_click_derecho: Test Cases/Mouse/Click_Derecho/Caso_click_derecho

12-01-2024T14:02:04 - [TEST_STEP][PASSED] - openBrowser(""): Browser is opened with url: ''

12-01-2024T14:02:04 - [MESSAGE][INFO] - Starting 'Chrome' driver

12-01-2024T14:02:04 - [MESSAGE][INFO] - Action delay is set to 0 milliseconds

12-01-2024T14:02:09 - [MESSAGE][PASSED] - Browser is opened with url: ''

12-01-2024T14:02:09 - [TEST_STEP][PASSED] - navigateToUrl("https://demoqa.com/menu"): Navigate to 'https://demoqa.com/menu' successfully

12-01-2024T14:02:19 - [MESSAGE][PASSED] - Navigate to 'https://demoqa.com/menu' successfully

12-01-2024T14:02:19 - [TEST_STEP][PASSED] - maximizeWindow(): Current window maximized

12-01-2024T14:02:19 - [MESSAGE][PASSED] - Current window maximized

12-01-2024T14:02:19 - [TEST_STEP][PASSED] - waitForPageLoad(20): Wait for page load successfully

12-01-2024T14:02:20 - [MESSAGE][PASSED] - Wait for page load successfully

12-01-2024T14:02:20 - [TEST_STEP][PASSED] - mouseOver(findTestObject("Mouse/Mouse_over/elemento1")): Object: 'Object Repository/Mouse/Mouse_over/elemento1' is hovered

12-01-2024T14:02:22 - [MESSAGE][PASSED] - Object: 'Object Repository/Mouse/Mouse_over/elemento1' is hovered

12-01-2024T14:02:22 - [TEST_STEP][PASSED] - delay(3): Delayed 3 second(s)

12-01-2024T14:02:25 - [MESSAGE][PASSED] - Delayed 3 second(s)

12-01-2024T14:02:25 - [TEST_STEP][PASSED] - mouseOverOffset(findTestObject("Mouse/Mouse_over/elemento2"), 80, 0): Object: 'Object Repository/Mouse/Mouse_over/elemento2' is hovered using offset x = 80 and y = 0

12-01-2024T14:02:27 - [MESSAGE][PASSED] - Object: 'Object Repository/Mouse/Mouse_over/elemento2' is hovered using offset x = 80 and y = 0

12-01-2024T14:02:27 - [TEST_STEP][PASSED] - delay(0): Delayed 0 second(s)

12-01-2024T14:02:27 - [MESSAGE][PASSED] - Delayed 0 second(s)

12-01-2024T14:02:27 - [TEST_STEP][PASSED] - mouseOver(findTestObject("Mouse/Mouse_over/elemento3")): Object: 'Object Repository/Mouse/Mouse_over/elemento3' is hovered

12-01-2024T14:02:29 - [MESSAGE][PASSED] - Object: 'Object Repository/Mouse/Mouse_over/elemento3' is hovered

12-01-2024T14:02:29 - [TEST_STEP][PASSED] - delay(2): Delayed 2 second(s)

12-01-2024T14:02:31 - [MESSAGE][PASSED] - Delayed 2 second(s)

12-01-2024T14:02:31 - [TEST_STEP][PASSED] - closeBrowser(): Browser is closed

12-01-2024T14:02:36 - [MESSAGE][PASSED] - Browser is closed]]></system-out>
         <system-err><![CDATA[]]></system-err>
      </testcase>
      <testcase name="Test Cases/Mouse/Drap_and_drop/Caso_drap_and_drop" time="20.254" classname="Test Cases/Mouse/Drap_and_drop/Caso_drap_and_drop" status="PASSED">
         <system-out><![CDATA[12-01-2024T14:02:36 - [TEST_CASE][PASSED] - Test Cases/Mouse/Drap_and_drop/Caso_drap_and_drop: Test Cases/Mouse/Drap_and_drop/Caso_drap_and_drop

12-01-2024T14:02:36 - [TEST_STEP][PASSED] - openBrowser(""): Browser is opened with url: ''

12-01-2024T14:02:36 - [MESSAGE][INFO] - Starting 'Chrome' driver

12-01-2024T14:02:36 - [MESSAGE][INFO] - Action delay is set to 0 milliseconds

12-01-2024T14:02:39 - [MESSAGE][PASSED] - Browser is opened with url: ''

12-01-2024T14:02:39 - [TEST_STEP][PASSED] - navigateToUrl("https://demoqa.com/droppable/"): Navigate to 'https://demoqa.com/droppable/' successfully

12-01-2024T14:02:43 - [MESSAGE][PASSED] - Navigate to 'https://demoqa.com/droppable/' successfully

12-01-2024T14:02:43 - [TEST_STEP][PASSED] - maximizeWindow(): Current window maximized

12-01-2024T14:02:43 - [MESSAGE][PASSED] - Current window maximized

12-01-2024T14:02:43 - [TEST_STEP][PASSED] - dragAndDropToObject(findTestObject("Mouse/drap_and_drop/Objeto"), findTestObject("Object Repository/Mouse/drap_and_drop/Destino")): Dragged object with id 'Object Repository/Mouse/drap_and_drop/Objeto' to object with id 'TestObject - 'Object Repository/Mouse/drap_and_drop/Destino'' successfully

12-01-2024T14:02:49 - [MESSAGE][PASSED] - Dragged object with id 'Object Repository/Mouse/drap_and_drop/Objeto' to object with id 'TestObject - 'Object Repository/Mouse/drap_and_drop/Destino'' successfully

12-01-2024T14:02:49 - [TEST_STEP][PASSED] - delay(1): Delayed 1 second(s)

12-01-2024T14:02:50 - [MESSAGE][PASSED] - Delayed 1 second(s)

12-01-2024T14:02:50 - [TEST_STEP][PASSED] - closeBrowser(): Browser is closed

12-01-2024T14:02:56 - [MESSAGE][PASSED] - Browser is closed]]></system-out>
         <system-err><![CDATA[]]></system-err>
      </testcase>
      <testcase name="Test Cases/Mouse/Focus/Caso_focus" time="19.949" classname="Test Cases/Mouse/Focus/Caso_focus" status="PASSED">
         <system-out><![CDATA[12-01-2024T14:02:56 - [TEST_CASE][PASSED] - Test Cases/Mouse/Focus/Caso_focus: Test Cases/Mouse/Focus/Caso_focus

12-01-2024T14:02:57 - [TEST_STEP][PASSED] - openBrowser(""): Browser is opened with url: ''

12-01-2024T14:02:57 - [MESSAGE][INFO] - Starting 'Chrome' driver

12-01-2024T14:02:57 - [MESSAGE][INFO] - Action delay is set to 0 milliseconds

12-01-2024T14:03:00 - [MESSAGE][PASSED] - Browser is opened with url: ''

12-01-2024T14:03:00 - [TEST_STEP][PASSED] - navigateToUrl("https://demoqa.com/automation-practice-form"): Navigate to 'https://demoqa.com/automation-practice-form' successfully

12-01-2024T14:03:05 - [MESSAGE][PASSED] - Navigate to 'https://demoqa.com/automation-practice-form' successfully

12-01-2024T14:03:05 - [TEST_STEP][PASSED] - waitForPageLoad(20): Wait for page load successfully

12-01-2024T14:03:05 - [MESSAGE][PASSED] - Wait for page load successfully

12-01-2024T14:03:05 - [TEST_STEP][PASSED] - maximizeWindow(): Current window maximized

12-01-2024T14:03:07 - [MESSAGE][PASSED] - Current window maximized

12-01-2024T14:03:07 - [TEST_STEP][PASSED] - focus(findTestObject("Mouse/Focus/name")): Object: 'Object Repository/Mouse/Focus/name' is focused

12-01-2024T14:03:08 - [MESSAGE][PASSED] - Object: 'Object Repository/Mouse/Focus/name' is focused

12-01-2024T14:03:08 - [TEST_STEP][PASSED] - delay(1): Delayed 1 second(s)

12-01-2024T14:03:09 - [MESSAGE][PASSED] - Delayed 1 second(s)

12-01-2024T14:03:09 - [TEST_STEP][PASSED] - focus(findTestObject("Mouse/Focus/lastname")): Object: 'Object Repository/Mouse/Focus/lastname' is focused

12-01-2024T14:03:10 - [MESSAGE][PASSED] - Object: 'Object Repository/Mouse/Focus/lastname' is focused

12-01-2024T14:03:10 - [TEST_STEP][PASSED] - delay(1): Delayed 1 second(s)

12-01-2024T14:03:11 - [MESSAGE][PASSED] - Delayed 1 second(s)

12-01-2024T14:03:11 - [TEST_STEP][PASSED] - closeBrowser(): Browser is closed

12-01-2024T14:03:16 - [MESSAGE][PASSED] - Browser is closed]]></system-out>
         <system-err><![CDATA[]]></system-err>
      </testcase>
      <testcase name="Test Cases/Mouse/Mouse_doble_click/Case_mouse_doble_click" time="12.857" classname="Test Cases/Mouse/Mouse_doble_click/Case_mouse_doble_click" status="PASSED">
         <system-out><![CDATA[12-01-2024T14:03:16 - [TEST_CASE][PASSED] - Test Cases/Mouse/Mouse_doble_click/Case_mouse_doble_click: Test Cases/Mouse/Mouse_doble_click/Case_mouse_doble_click

12-01-2024T14:03:16 - [TEST_STEP][PASSED] - openBrowser(""): Browser is opened with url: ''

12-01-2024T14:03:16 - [MESSAGE][INFO] - Starting 'Chrome' driver

12-01-2024T14:03:16 - [MESSAGE][INFO] - Action delay is set to 0 milliseconds

12-01-2024T14:03:19 - [MESSAGE][PASSED] - Browser is opened with url: ''

12-01-2024T14:03:19 - [TEST_STEP][PASSED] - navigateToUrl("https://demos.telerik.com/aspnet-ajax/treeview/examples/overview/defaultcs.aspx"): Navigate to 'https://demos.telerik.com/aspnet-ajax/treeview/examples/overview/defaultcs.aspx' successfully

12-01-2024T14:03:20 - [MESSAGE][PASSED] - Navigate to 'https://demos.telerik.com/aspnet-ajax/treeview/examples/overview/defaultcs.aspx' successfully

12-01-2024T14:03:20 - [TEST_STEP][PASSED] - maximizeWindow(): Current window maximized

12-01-2024T14:03:24 - [MESSAGE][PASSED] - Current window maximized

12-01-2024T14:03:24 - [TEST_STEP][PASSED] - waitForPageLoad(30): Wait for page load successfully

12-01-2024T14:03:25 - [MESSAGE][PASSED] - Wait for page load successfully

12-01-2024T14:03:25 - [TEST_STEP][PASSED] - waitForElementClickable(findTestObject("Mouse/Mouse_doble_click/Page_Telerik Web UI TreeView WebForms TreeV_78f562/span_Island"), 30): Object 'Object Repository/Mouse/Mouse_doble_click/Page_Telerik Web UI TreeView WebForms TreeV_78f562/span_Island' is clickable

12-01-2024T14:03:28 - [MESSAGE][PASSED] - Object 'Object Repository/Mouse/Mouse_doble_click/Page_Telerik Web UI TreeView WebForms TreeV_78f562/span_Island' is clickable

12-01-2024T14:03:28 - [TEST_STEP][PASSED] - doubleClick(findTestObject("Object Repository/Mouse/Mouse_doble_click/Page_Telerik Web UI TreeView WebForms TreeV_78f562/span_Island")): Object: 'Object Repository/Mouse/Mouse_doble_click/Page_Telerik Web UI TreeView WebForms TreeV_78f562/span_Island' is double clicked on

12-01-2024T14:03:28 - [MESSAGE][PASSED] - Object: 'Object Repository/Mouse/Mouse_doble_click/Page_Telerik Web UI TreeView WebForms TreeV_78f562/span_Island' is double clicked on

12-01-2024T14:03:28 - [TEST_STEP][PASSED] - closeBrowser(): Browser is closed

12-01-2024T14:03:29 - [MESSAGE][PASSED] - Browser is closed]]></system-out>
         <system-err><![CDATA[]]></system-err>
      </testcase>
      <testcase name="Test Cases/Mouse/Mouse_over/Caso_Mouse_over for offset" time="15.792" classname="Test Cases/Mouse/Mouse_over/Caso_Mouse_over for offset" status="PASSED">
         <system-out><![CDATA[12-01-2024T14:03:29 - [TEST_CASE][PASSED] - Test Cases/Mouse/Mouse_over/Caso_Mouse_over for offset: Test Cases/Mouse/Mouse_over/Caso_Mouse_over for offset

12-01-2024T14:03:29 - [TEST_STEP][PASSED] - openBrowser(""): Browser is opened with url: ''

12-01-2024T14:03:29 - [MESSAGE][INFO] - Starting 'Chrome' driver

12-01-2024T14:03:29 - [MESSAGE][INFO] - Action delay is set to 0 milliseconds

12-01-2024T14:03:31 - [MESSAGE][PASSED] - Browser is opened with url: ''

12-01-2024T14:03:31 - [TEST_STEP][PASSED] - navigateToUrl("https://demoqa.com/menu"): Navigate to 'https://demoqa.com/menu' successfully

12-01-2024T14:03:31 - [MESSAGE][PASSED] - Navigate to 'https://demoqa.com/menu' successfully

12-01-2024T14:03:31 - [TEST_STEP][PASSED] - maximizeWindow(): Current window maximized

12-01-2024T14:03:34 - [MESSAGE][PASSED] - Current window maximized

12-01-2024T14:03:34 - [TEST_STEP][PASSED] - waitForPageLoad(20): Wait for page load successfully

12-01-2024T14:03:34 - [MESSAGE][PASSED] - Wait for page load successfully

12-01-2024T14:03:34 - [TEST_STEP][PASSED] - mouseOver(findTestObject("Mouse/Mouse_over/elemento1")): Object: 'Object Repository/Mouse/Mouse_over/elemento1' is hovered

12-01-2024T14:03:36 - [MESSAGE][PASSED] - Object: 'Object Repository/Mouse/Mouse_over/elemento1' is hovered

12-01-2024T14:03:36 - [TEST_STEP][PASSED] - rightClick(findTestObject("Mouse/Mouse_over/elemento1")): Object: 'Object Repository/Mouse/Mouse_over/elemento1' is right clicked on

12-01-2024T14:03:37 - [MESSAGE][PASSED] - Object: 'Object Repository/Mouse/Mouse_over/elemento1' is right clicked on

12-01-2024T14:03:37 - [TEST_STEP][PASSED] - delay(3): Delayed 3 second(s)

12-01-2024T14:03:40 - [MESSAGE][PASSED] - Delayed 3 second(s)

12-01-2024T14:03:41 - [TEST_STEP][PASSED] - mouseOverOffset(findTestObject("Mouse/Mouse_over/elemento2"), 80, 0): Object: 'Object Repository/Mouse/Mouse_over/elemento2' is hovered using offset x = 80 and y = 0

12-01-2024T14:03:41 - [MESSAGE][PASSED] - Object: 'Object Repository/Mouse/Mouse_over/elemento2' is hovered using offset x = 80 and y = 0

12-01-2024T14:03:41 - [TEST_STEP][PASSED] - delay(0): Delayed 0 second(s)

12-01-2024T14:03:41 - [MESSAGE][PASSED] - Delayed 0 second(s)

12-01-2024T14:03:41 - [TEST_STEP][PASSED] - mouseOver(findTestObject("Mouse/Mouse_over/elemento3")): Object: 'Object Repository/Mouse/Mouse_over/elemento3' is hovered

12-01-2024T14:03:42 - [MESSAGE][PASSED] - Object: 'Object Repository/Mouse/Mouse_over/elemento3' is hovered

12-01-2024T14:03:42 - [TEST_STEP][PASSED] - delay(2): Delayed 2 second(s)

12-01-2024T14:03:44 - [MESSAGE][PASSED] - Delayed 2 second(s)

12-01-2024T14:03:44 - [TEST_STEP][PASSED] - closeBrowser(): Browser is closed

12-01-2024T14:03:45 - [MESSAGE][PASSED] - Browser is closed]]></system-out>
         <system-err><![CDATA[]]></system-err>
      </testcase>
      <testcase name="Test Cases/Mouse/Mouse_over/Caso_Mouse_over" time="12.814" classname="Test Cases/Mouse/Mouse_over/Caso_Mouse_over" status="PASSED">
         <system-out><![CDATA[12-01-2024T14:03:45 - [TEST_CASE][PASSED] - Test Cases/Mouse/Mouse_over/Caso_Mouse_over: Test Cases/Mouse/Mouse_over/Caso_Mouse_over

12-01-2024T14:03:45 - [TEST_STEP][PASSED] - openBrowser(""): Browser is opened with url: ''

12-01-2024T14:03:45 - [MESSAGE][INFO] - Starting 'Chrome' driver

12-01-2024T14:03:45 - [MESSAGE][INFO] - Action delay is set to 0 milliseconds

12-01-2024T14:03:47 - [MESSAGE][PASSED] - Browser is opened with url: ''

12-01-2024T14:03:47 - [TEST_STEP][PASSED] - navigateToUrl("https://demoqa.com/menu"): Navigate to 'https://demoqa.com/menu' successfully

12-01-2024T14:03:47 - [MESSAGE][PASSED] - Navigate to 'https://demoqa.com/menu' successfully

12-01-2024T14:03:47 - [TEST_STEP][PASSED] - maximizeWindow(): Current window maximized

12-01-2024T14:03:52 - [MESSAGE][PASSED] - Current window maximized

12-01-2024T14:03:52 - [TEST_STEP][PASSED] - waitForPageLoad(0): Wait for page load successfully

12-01-2024T14:03:52 - [MESSAGE][WARNING] - Timeout '0' is invalid. Using default page load timeout: '30'

12-01-2024T14:03:52 - [MESSAGE][PASSED] - Wait for page load successfully

12-01-2024T14:03:52 - [TEST_STEP][PASSED] - mouseOver(findTestObject("Mouse/Mouse_over/elemento1")): Object: 'Object Repository/Mouse/Mouse_over/elemento1' is hovered

12-01-2024T14:03:53 - [MESSAGE][PASSED] - Object: 'Object Repository/Mouse/Mouse_over/elemento1' is hovered

12-01-2024T14:03:53 - [TEST_STEP][PASSED] - mouseOver(findTestObject("Mouse/Mouse_over/elemento2")): Object: 'Object Repository/Mouse/Mouse_over/elemento2' is hovered

12-01-2024T14:03:54 - [MESSAGE][PASSED] - Object: 'Object Repository/Mouse/Mouse_over/elemento2' is hovered

12-01-2024T14:03:54 - [TEST_STEP][PASSED] - mouseOver(findTestObject("Mouse/Mouse_over/elemento3")): Object: 'Object Repository/Mouse/Mouse_over/elemento3' is hovered

12-01-2024T14:03:55 - [MESSAGE][PASSED] - Object: 'Object Repository/Mouse/Mouse_over/elemento3' is hovered

12-01-2024T14:03:55 - [TEST_STEP][PASSED] - delay(2): Delayed 2 second(s)

12-01-2024T14:03:57 - [MESSAGE][PASSED] - Delayed 2 second(s)

12-01-2024T14:03:57 - [TEST_STEP][PASSED] - closeBrowser(): Browser is closed

12-01-2024T14:03:57 - [MESSAGE][PASSED] - Browser is closed]]></system-out>
         <system-err><![CDATA[]]></system-err>
      </testcase>
      <system-out><![CDATA[12-01-2024T14:00:42 - [TEST_SUITE][PASSED] - Test_Suite_1: Test Cases/Mouse/Mouse_over/Caso_Mouse_over]]></system-out>
      <system-err><![CDATA[]]></system-err>
   </testsuite>
</testsuites>
