<?xml version="1.0" encoding="UTF-8"?>
<testsuites name="Integracion" time="11.692" tests="1" failures="0" errors="0">
   <testsuite name="Integracion" tests="1" failures="0" errors="0" time="11.692" skipped="0" timestamp="17-01-2024T18:05:20" hostname="daniela.feliciano - vass-06956.VASS.INET" id="Test Suites/Integracion/Integracion">
      <properties>
         <property name="deviceName" value=""/>
         <property name="devicePlatform" value=""/>
         <property name="logFolder" value="C:\\KATALON\\Proyectos\\Proyecto_uno\\Reports\\20240117_180314\\Integracion\\Integracion\\20240117_180516"/>
         <property name="logFiles" value="C:\\KATALON\\Proyectos\\Proyecto_uno\\Reports\\20240117_180314\\Integracion\\Integracion\\20240117_180516\\execution0.log"/>
         <property name="attachments" value=""/>
         <property name="hostName" value="daniela.feliciano - vass-06956.VASS.INET"/>
         <property name="os" value="Windows 10 64bit"/>
         <property name="katalonVersion" value="9.2.0.212"/>
         <property name="browser" value="Chrome 120.0.0.0"/>
         <property name="hostAddress" value="192.168.1.57"/>
         <property name="sessionId" value="328a4cb3bc73a69b4748e79f745eb951"/>
         <property name="seleniumVersion" value="3.141.59"/>
         <property name="proxyInformation" value="ProxyInformation { proxyOption=NO_PROXY, proxyServerType=HTTP, username=, password=********, proxyServerAddress=, proxyServerPort=0, executionList=&quot;&quot;, isApplyToDesiredCapabilities=true }"/>
         <property name="platform" value="Windows 10"/>
      </properties>
      <testcase name="Test Cases/Prueba_1/Caso_1" time="11.506" classname="Test Cases/Prueba_1/Caso_1" status="PASSED">
         <system-out><![CDATA[17-01-2024T18:05:20 - [TEST_CASE][PASSED] - Test Cases/Prueba_1/Caso_1: Test Cases/Prueba_1/Caso_1

17-01-2024T18:05:21 - [TEST_STEP][PASSED] - openBrowser(""): Browser is opened with url: ''

17-01-2024T18:05:21 - [MESSAGE][INFO] - Starting 'Chrome' driver

17-01-2024T18:05:21 - [MESSAGE][INFO] - Action delay is set to 0 milliseconds

17-01-2024T18:05:23 - [MESSAGE][PASSED] - Browser is opened with url: ''

17-01-2024T18:05:23 - [TEST_STEP][PASSED] - navigateToUrl("https://demoqa.com/"): Navigate to 'https://demoqa.com/' successfully

17-01-2024T18:05:24 - [MESSAGE][PASSED] - Navigate to 'https://demoqa.com/' successfully

17-01-2024T18:05:24 - [TEST_STEP][PASSED] - maximizeWindow(): Current window maximized

17-01-2024T18:05:26 - [MESSAGE][PASSED] - Current window maximized

17-01-2024T18:05:26 - [TEST_STEP][PASSED] - click(findTestObject("Object Repository/Caso_1/Page_DEMOQA/div_card-up")): Object: 'Object Repository/Caso_1/Page_DEMOQA/div_card-up' is clicked on

17-01-2024T18:05:27 - [MESSAGE][PASSED] - Object: 'Object Repository/Caso_1/Page_DEMOQA/div_card-up' is clicked on

17-01-2024T18:05:27 - [TEST_STEP][PASSED] - click(findTestObject("Object Repository/Caso_1/Page_DEMOQA/span_Text Box")): Object: 'Object Repository/Caso_1/Page_DEMOQA/span_Text Box' is clicked on

17-01-2024T18:05:28 - [MESSAGE][PASSED] - Object: 'Object Repository/Caso_1/Page_DEMOQA/span_Text Box' is clicked on

17-01-2024T18:05:28 - [TEST_STEP][PASSED] - click(findTestObject("Object Repository/Caso_1/Page_DEMOQA/inputuserName")): Object: 'Object Repository/Caso_1/Page_DEMOQA/inputuserName' is clicked on

17-01-2024T18:05:29 - [MESSAGE][PASSED] - Object: 'Object Repository/Caso_1/Page_DEMOQA/inputuserName' is clicked on

17-01-2024T18:05:29 - [TEST_STEP][PASSED] - setText(findTestObject("Object Repository/Caso_1/Page_DEMOQA/inputuserName"), "Daniela"): Text 'Daniela' is set on object 'Object Repository/Caso_1/Page_DEMOQA/inputuserName'

17-01-2024T18:05:29 - [MESSAGE][PASSED] - Text 'Daniela' is set on object 'Object Repository/Caso_1/Page_DEMOQA/inputuserName'

17-01-2024T18:05:29 - [TEST_STEP][PASSED] - setText(findTestObject("Object Repository/Caso_1/Page_DEMOQA/inputuserEmail"), "daniela@gmail.com"): Text 'daniela@gmail.com' is set on object 'Object Repository/Caso_1/Page_DEMOQA/inputuserEmail'

17-01-2024T18:05:30 - [MESSAGE][PASSED] - Text 'daniela@gmail.com' is set on object 'Object Repository/Caso_1/Page_DEMOQA/inputuserEmail'

17-01-2024T18:05:30 - [TEST_STEP][PASSED] - setText(findTestObject("Object Repository/Caso_1/Page_DEMOQA/textareacurrentAddress"), "españa"): Text 'españa' is set on object 'Object Repository/Caso_1/Page_DEMOQA/textareacurrentAddress'

17-01-2024T18:05:31 - [MESSAGE][PASSED] - Text 'españa' is set on object 'Object Repository/Caso_1/Page_DEMOQA/textareacurrentAddress'

17-01-2024T18:05:31 - [TEST_STEP][PASSED] - setText(findTestObject("Object Repository/Caso_1/Page_DEMOQA/textareapermanentAddress"), "galicia"): Text 'galicia' is set on object 'Object Repository/Caso_1/Page_DEMOQA/textareapermanentAddress'

17-01-2024T18:05:31 - [MESSAGE][PASSED] - Text 'galicia' is set on object 'Object Repository/Caso_1/Page_DEMOQA/textareapermanentAddress'

17-01-2024T18:05:31 - [TEST_STEP][PASSED] - scrollToPosition(0, 120): Browser is scrolled to position x = 0, y = 120

17-01-2024T18:05:31 - [MESSAGE][PASSED] - Browser is scrolled to position x = 0, y = 120

17-01-2024T18:05:31 - [TEST_STEP][PASSED] - click(findTestObject("Object Repository/Caso_1/Page_DEMOQA/button_Submit")): Object: 'Object Repository/Caso_1/Page_DEMOQA/button_Submit' is clicked on

17-01-2024T18:05:32 - [MESSAGE][PASSED] - Object: 'Object Repository/Caso_1/Page_DEMOQA/button_Submit' is clicked on

17-01-2024T18:05:32 - [TEST_STEP][PASSED] - closeBrowser(): Browser is closed

17-01-2024T18:05:32 - [MESSAGE][PASSED] - Browser is closed]]></system-out>
         <system-err><![CDATA[]]></system-err>
      </testcase>
      <system-out><![CDATA[17-01-2024T18:05:20 - [TEST_SUITE][PASSED] - Integracion: Test Cases/Prueba_1/Caso_1]]></system-out>
      <system-err><![CDATA[]]></system-err>
   </testsuite>
</testsuites>
