<?xml version="1.0" encoding="UTF-8"?>
<testsuites name="Test _Suite_2" time="205.112" tests="6" failures="0" errors="0">
   <testsuite name="Test _Suite_2" tests="6" failures="0" errors="0" time="205.112" skipped="0" timestamp="12-01-2024T14:00:35" hostname="daniela.feliciano - vass-06956.VASS.INET" id="Test Suites/Test _Suite_2">
      <properties>
         <property name="deviceName" value=""/>
         <property name="devicePlatform" value=""/>
         <property name="logFolder" value="C:\\KATALON\\Proyectos\\Proyecto_uno\\Reports\\20240112_140014\\Test _Suite_2\\20240112_140015"/>
         <property name="logFiles" value="C:\\KATALON\\Proyectos\\Proyecto_uno\\Reports\\20240112_140014\\Test _Suite_2\\20240112_140015\\execution0.log"/>
         <property name="attachments" value="C:\KATALON\Proyectos\Proyecto_uno\Images\imgtest1.png"/>
         <property name="hostName" value="daniela.feliciano - vass-06956.VASS.INET"/>
         <property name="os" value="Windows 10 64bit"/>
         <property name="katalonVersion" value="9.2.0.212"/>
         <property name="browser" value="Firefox 95.0"/>
         <property name="hostAddress" value="192.168.1.57"/>
         <property name="sessionId" value="1aef545c-95f9-493f-bf2f-6be0865f55fc"/>
         <property name="seleniumVersion" value="3.141.59"/>
         <property name="proxyInformation" value="ProxyInformation { proxyOption=NO_PROXY, proxyServerType=HTTP, username=, password=********, proxyServerAddress=, proxyServerPort=0, executionList=&quot;&quot;, isApplyToDesiredCapabilities=true }"/>
         <property name="platform" value="Windows 10"/>
      </properties>
      <testcase name="Test Cases/Navegador/Navegacion_2" time="41.916" classname="Test Cases/Navegador/Navegacion_2" status="PASSED">
         <system-out><![CDATA[12-01-2024T14:00:37 - [TEST_CASE][PASSED] - Test Cases/Navegador/Navegacion_2: Test Cases/Navegador/Navegacion_2

12-01-2024T14:00:39 - [TEST_STEP][PASSED] - openBrowser("https://demoqa.com/text-box"): Browser is opened with url: 'https://demoqa.com/text-box'

12-01-2024T14:00:41 - [MESSAGE][INFO] - Starting 'Firefox' driver

12-01-2024T14:00:42 - [MESSAGE][INFO] - Action delay is set to 0 milliseconds

12-01-2024T14:01:15 - [MESSAGE][PASSED] - Browser is opened with url: 'https://demoqa.com/text-box'

12-01-2024T14:01:15 - [TEST_STEP][PASSED] - page_url = getUrl(): Current window's url is: 'https://demoqa.com/text-box'

12-01-2024T14:01:15 - [MESSAGE][PASSED] - Current window's url is: 'https://demoqa.com/text-box'

12-01-2024T14:01:15 - [TEST_STEP][PASSED] - print("URL: " + page_url + "  "): null

12-01-2024T14:01:15 - [TEST_STEP][PASSED] - titulo = getWindowTitle(): Current window's title is: 'DEMOQA'

12-01-2024T14:01:15 - [MESSAGE][PASSED] - Current window's title is: 'DEMOQA'

12-01-2024T14:01:15 - [TEST_STEP][PASSED] - print("titulo: " + titulo + "  "): null

12-01-2024T14:01:15 - [TEST_STEP][PASSED] - closeBrowser(): Browser is closed

12-01-2024T14:01:19 - [MESSAGE][PASSED] - Browser is closed]]></system-out>
         <system-err><![CDATA[]]></system-err>
      </testcase>
      <testcase name="Test Cases/Navegador/Navegador" time="37.056" classname="Test Cases/Navegador/Navegador" status="PASSED">
         <system-out><![CDATA[12-01-2024T14:01:19 - [TEST_CASE][PASSED] - Test Cases/Navegador/Navegador: Test Cases/Navegador/Navegador

12-01-2024T14:01:20 - [TEST_STEP][PASSED] - openBrowser("http://demoqa.com"): Browser is opened with url: 'http://demoqa.com'

12-01-2024T14:01:20 - [MESSAGE][INFO] - Starting 'Firefox' driver

12-01-2024T14:01:20 - [MESSAGE][INFO] - Action delay is set to 0 milliseconds

12-01-2024T14:01:39 - [MESSAGE][PASSED] - Browser is opened with url: 'http://demoqa.com'

12-01-2024T14:01:39 - [TEST_STEP][PASSED] - maximizeWindow(): Current window maximized

12-01-2024T14:01:39 - [MESSAGE][PASSED] - Current window maximized

12-01-2024T14:01:39 - [TEST_STEP][PASSED] - navigateToUrl("http://demoqa.com/checkbox"): Navigate to 'http://demoqa.com/checkbox' successfully

12-01-2024T14:01:44 - [MESSAGE][PASSED] - Navigate to 'http://demoqa.com/checkbox' successfully

12-01-2024T14:01:44 - [TEST_STEP][PASSED] - navigateToUrl("http://google.com"): Navigate to 'http://google.com' successfully

12-01-2024T14:01:46 - [MESSAGE][PASSED] - Navigate to 'http://google.com' successfully

12-01-2024T14:01:46 - [TEST_STEP][PASSED] - back(): Navigate back successfully

12-01-2024T14:01:48 - [MESSAGE][PASSED] - Navigate back successfully

12-01-2024T14:01:48 - [TEST_STEP][PASSED] - forward(): Navigate forward successfully

12-01-2024T14:01:50 - [MESSAGE][PASSED] - Navigate forward successfully

12-01-2024T14:01:50 - [TEST_STEP][PASSED] - delay(4): Delayed 4 second(s)

12-01-2024T14:01:54 - [MESSAGE][PASSED] - Delayed 4 second(s)

12-01-2024T14:01:54 - [TEST_STEP][PASSED] - refresh(): Refresh successfully

12-01-2024T14:01:56 - [MESSAGE][PASSED] - Refresh successfully]]></system-out>
         <system-err><![CDATA[]]></system-err>
      </testcase>
      <testcase name="Test Cases/Obj_xpath/Caso_xpath" time="38.196" classname="Test Cases/Obj_xpath/Caso_xpath" status="PASSED">
         <system-out><![CDATA[12-01-2024T14:01:56 - [TEST_CASE][PASSED] - Test Cases/Obj_xpath/Caso_xpath: Test Cases/Obj_xpath/Caso_xpath

12-01-2024T14:01:57 - [TEST_STEP][PASSED] - openBrowser(""): Browser is opened with url: ''

12-01-2024T14:01:57 - [MESSAGE][WARNING] - A browser is already opened. Closing browser and opening a new one

12-01-2024T14:02:02 - [MESSAGE][INFO] - Starting 'Firefox' driver

12-01-2024T14:02:02 - [MESSAGE][INFO] - Action delay is set to 0 milliseconds

12-01-2024T14:02:14 - [MESSAGE][PASSED] - Browser is opened with url: ''

12-01-2024T14:02:14 - [TEST_STEP][PASSED] - navigateToUrl("https://demoqa.com/text-box"): Navigate to 'https://demoqa.com/text-box' successfully

12-01-2024T14:02:21 - [MESSAGE][PASSED] - Navigate to 'https://demoqa.com/text-box' successfully

12-01-2024T14:02:21 - [TEST_STEP][PASSED] - maximizeWindow(): Current window maximized

12-01-2024T14:02:21 - [MESSAGE][PASSED] - Current window maximized

12-01-2024T14:02:21 - [TEST_STEP][PASSED] - setText(findTestObject("Obj_xpath/Campo_nombre"), "Daniela"): Text 'Daniela' is set on object 'Object Repository/Obj_xpath/Campo_nombre'

12-01-2024T14:02:23 - [MESSAGE][PASSED] - Text 'Daniela' is set on object 'Object Repository/Obj_xpath/Campo_nombre'

12-01-2024T14:02:23 - [TEST_STEP][PASSED] - delay(3): Delayed 3 second(s)

12-01-2024T14:02:26 - [MESSAGE][PASSED] - Delayed 3 second(s)

12-01-2024T14:02:26 - [TEST_STEP][PASSED] - closeBrowser(): Browser is closed

12-01-2024T14:02:34 - [MESSAGE][PASSED] - Browser is closed]]></system-out>
         <system-err><![CDATA[]]></system-err>
      </testcase>
      <testcase name="Test Cases/Prueba_1/Caso_1" time="35.097" classname="Test Cases/Prueba_1/Caso_1" status="PASSED">
         <system-out><![CDATA[12-01-2024T14:02:35 - [TEST_CASE][PASSED] - Test Cases/Prueba_1/Caso_1: Test Cases/Prueba_1/Caso_1

12-01-2024T14:02:35 - [TEST_STEP][PASSED] - openBrowser(""): Browser is opened with url: ''

12-01-2024T14:02:35 - [MESSAGE][INFO] - Starting 'Firefox' driver

12-01-2024T14:02:35 - [MESSAGE][INFO] - Action delay is set to 0 milliseconds

12-01-2024T14:02:47 - [MESSAGE][PASSED] - Browser is opened with url: ''

12-01-2024T14:02:47 - [TEST_STEP][PASSED] - navigateToUrl("https://demoqa.com/"): Navigate to 'https://demoqa.com/' successfully

12-01-2024T14:02:53 - [MESSAGE][PASSED] - Navigate to 'https://demoqa.com/' successfully

12-01-2024T14:02:53 - [TEST_STEP][PASSED] - maximizeWindow(): Current window maximized

12-01-2024T14:02:54 - [MESSAGE][PASSED] - Current window maximized

12-01-2024T14:02:54 - [TEST_STEP][PASSED] - click(findTestObject("Object Repository/Caso_1/Page_DEMOQA/div_card-up")): Object: 'Object Repository/Caso_1/Page_DEMOQA/div_card-up' is clicked on

12-01-2024T14:02:56 - [MESSAGE][PASSED] - Object: 'Object Repository/Caso_1/Page_DEMOQA/div_card-up' is clicked on

12-01-2024T14:02:56 - [TEST_STEP][PASSED] - click(findTestObject("Object Repository/Caso_1/Page_DEMOQA/span_Text Box")): Object: 'Object Repository/Caso_1/Page_DEMOQA/span_Text Box' is clicked on

12-01-2024T14:02:57 - [MESSAGE][PASSED] - Object: 'Object Repository/Caso_1/Page_DEMOQA/span_Text Box' is clicked on

12-01-2024T14:02:57 - [TEST_STEP][PASSED] - click(findTestObject("Object Repository/Caso_1/Page_DEMOQA/inputuserName")): Object: 'Object Repository/Caso_1/Page_DEMOQA/inputuserName' is clicked on

12-01-2024T14:02:58 - [MESSAGE][PASSED] - Object: 'Object Repository/Caso_1/Page_DEMOQA/inputuserName' is clicked on

12-01-2024T14:02:58 - [TEST_STEP][PASSED] - setText(findTestObject("Object Repository/Caso_1/Page_DEMOQA/inputuserName"), "Daniela"): Text 'Daniela' is set on object 'Object Repository/Caso_1/Page_DEMOQA/inputuserName'

12-01-2024T14:02:59 - [MESSAGE][PASSED] - Text 'Daniela' is set on object 'Object Repository/Caso_1/Page_DEMOQA/inputuserName'

12-01-2024T14:02:59 - [TEST_STEP][PASSED] - setText(findTestObject("Object Repository/Caso_1/Page_DEMOQA/inputuserEmail"), "daniela@gmail.com"): Text 'daniela@gmail.com' is set on object 'Object Repository/Caso_1/Page_DEMOQA/inputuserEmail'

12-01-2024T14:03:00 - [MESSAGE][PASSED] - Text 'daniela@gmail.com' is set on object 'Object Repository/Caso_1/Page_DEMOQA/inputuserEmail'

12-01-2024T14:03:00 - [TEST_STEP][PASSED] - setText(findTestObject("Object Repository/Caso_1/Page_DEMOQA/textareacurrentAddress"), "españa"): Text 'españa' is set on object 'Object Repository/Caso_1/Page_DEMOQA/textareacurrentAddress'

12-01-2024T14:03:01 - [MESSAGE][PASSED] - Text 'españa' is set on object 'Object Repository/Caso_1/Page_DEMOQA/textareacurrentAddress'

12-01-2024T14:03:01 - [TEST_STEP][PASSED] - setText(findTestObject("Object Repository/Caso_1/Page_DEMOQA/textareapermanentAddress"), "galicia"): Text 'galicia' is set on object 'Object Repository/Caso_1/Page_DEMOQA/textareapermanentAddress'

12-01-2024T14:03:02 - [MESSAGE][PASSED] - Text 'galicia' is set on object 'Object Repository/Caso_1/Page_DEMOQA/textareapermanentAddress'

12-01-2024T14:03:02 - [TEST_STEP][PASSED] - scrollToPosition(0, 120): Browser is scrolled to position x = 0, y = 120

12-01-2024T14:03:02 - [MESSAGE][PASSED] - Browser is scrolled to position x = 0, y = 120

12-01-2024T14:03:02 - [TEST_STEP][PASSED] - click(findTestObject("Object Repository/Caso_1/Page_DEMOQA/button_Submit")): Object: 'Object Repository/Caso_1/Page_DEMOQA/button_Submit' is clicked on

12-01-2024T14:03:03 - [MESSAGE][PASSED] - Object: 'Object Repository/Caso_1/Page_DEMOQA/button_Submit' is clicked on

12-01-2024T14:03:03 - [TEST_STEP][PASSED] - closeBrowser(): Browser is closed

12-01-2024T14:03:10 - [MESSAGE][PASSED] - Browser is closed]]></system-out>
         <system-err><![CDATA[]]></system-err>
      </testcase>
      <testcase name="Test Cases/Prueba_1/Caso_2" time="28.428" classname="Test Cases/Prueba_1/Caso_2" status="PASSED">
         <system-out><![CDATA[12-01-2024T14:03:10 - [TEST_CASE][PASSED] - Test Cases/Prueba_1/Caso_2: Test Cases/Prueba_1/Caso_2

12-01-2024T14:03:10 - [TEST_STEP][PASSED] - openBrowser(""): Browser is opened with url: ''

12-01-2024T14:03:10 - [MESSAGE][INFO] - Starting 'Firefox' driver

12-01-2024T14:03:10 - [MESSAGE][INFO] - Action delay is set to 0 milliseconds

12-01-2024T14:03:22 - [MESSAGE][PASSED] - Browser is opened with url: ''

12-01-2024T14:03:22 - [TEST_STEP][PASSED] - navigateToUrl("https://demoqa.com/"): Navigate to 'https://demoqa.com/' successfully

12-01-2024T14:03:25 - [MESSAGE][PASSED] - Navigate to 'https://demoqa.com/' successfully

12-01-2024T14:03:25 - [TEST_STEP][PASSED] - maximizeWindow(): Current window maximized

12-01-2024T14:03:25 - [MESSAGE][PASSED] - Current window maximized

12-01-2024T14:03:25 - [TEST_STEP][PASSED] - click(findTestObject("Object Repository/Caso_2/Page_DEMOQA/div_card-up")): Object: 'Object Repository/Caso_2/Page_DEMOQA/div_card-up' is clicked on

12-01-2024T14:03:27 - [MESSAGE][PASSED] - Object: 'Object Repository/Caso_2/Page_DEMOQA/div_card-up' is clicked on

12-01-2024T14:03:27 - [TEST_STEP][PASSED] - click(findTestObject("Object Repository/Caso_2/Page_DEMOQA/span_Text Box")): Object: 'Object Repository/Caso_2/Page_DEMOQA/span_Text Box' is clicked on

12-01-2024T14:03:28 - [MESSAGE][PASSED] - Object: 'Object Repository/Caso_2/Page_DEMOQA/span_Text Box' is clicked on

12-01-2024T14:03:28 - [TEST_STEP][PASSED] - setText(findTestObject("Object Repository/Caso_2/Page_DEMOQA/inputuserName"), "Daniela"): Text 'Daniela' is set on object 'Object Repository/Caso_2/Page_DEMOQA/inputuserName'

12-01-2024T14:03:29 - [MESSAGE][PASSED] - Text 'Daniela' is set on object 'Object Repository/Caso_2/Page_DEMOQA/inputuserName'

12-01-2024T14:03:29 - [TEST_STEP][PASSED] - setText(findTestObject("Object Repository/Caso_2/Page_DEMOQA/inputuserEmail"), "daniela@gmail.com"): Text 'daniela@gmail.com' is set on object 'Object Repository/Caso_2/Page_DEMOQA/inputuserEmail'

12-01-2024T14:03:30 - [MESSAGE][PASSED] - Text 'daniela@gmail.com' is set on object 'Object Repository/Caso_2/Page_DEMOQA/inputuserEmail'

12-01-2024T14:03:30 - [TEST_STEP][PASSED] - setText(findTestObject("Object Repository/Caso_2/Page_DEMOQA/textareacurrentAddress"), "coruña"): Text 'coruña' is set on object 'Object Repository/Caso_2/Page_DEMOQA/textareacurrentAddress'

12-01-2024T14:03:31 - [MESSAGE][PASSED] - Text 'coruña' is set on object 'Object Repository/Caso_2/Page_DEMOQA/textareacurrentAddress'

12-01-2024T14:03:31 - [TEST_STEP][PASSED] - setText(findTestObject("Object Repository/Caso_2/Page_DEMOQA/textareapermanentAddress"), "galicia"): Text 'galicia' is set on object 'Object Repository/Caso_2/Page_DEMOQA/textareapermanentAddress'

12-01-2024T14:03:31 - [MESSAGE][PASSED] - Text 'galicia' is set on object 'Object Repository/Caso_2/Page_DEMOQA/textareapermanentAddress'

12-01-2024T14:03:31 - [TEST_STEP][PASSED] - scrollToPosition(0, 120): Browser is scrolled to position x = 0, y = 120

12-01-2024T14:03:31 - [MESSAGE][PASSED] - Browser is scrolled to position x = 0, y = 120

12-01-2024T14:03:31 - [TEST_STEP][PASSED] - click(findTestObject("Object Repository/Caso_2/Page_DEMOQA/button_Submit")): Object: 'Object Repository/Caso_2/Page_DEMOQA/button_Submit' is clicked on

12-01-2024T14:03:32 - [MESSAGE][PASSED] - Object: 'Object Repository/Caso_2/Page_DEMOQA/button_Submit' is clicked on

12-01-2024T14:03:32 - [TEST_STEP][PASSED] - click(findTestObject("Object Repository/Caso_2/Page_DEMOQA/div_Text Box")): Object: 'Object Repository/Caso_2/Page_DEMOQA/div_Text Box' is clicked on

12-01-2024T14:03:33 - [MESSAGE][PASSED] - Object: 'Object Repository/Caso_2/Page_DEMOQA/div_Text Box' is clicked on

12-01-2024T14:03:33 - [TEST_STEP][PASSED] - rightClick(findTestObject("Caso_2/Page_DEMOQA/div_Text Box")): Object: 'Object Repository/Caso_2/Page_DEMOQA/div_Text Box' is right clicked on

12-01-2024T14:03:34 - [MESSAGE][PASSED] - Object: 'Object Repository/Caso_2/Page_DEMOQA/div_Text Box' is right clicked on

12-01-2024T14:03:34 - [TEST_STEP][PASSED] - verifyElementText(findTestObject("Caso_2/Page_DEMOQA/div_Text Box"), "Text Box"): Actual text and expected text of test object 'Object Repository/Caso_2/Page_DEMOQA/div_Text Box' are matched.

12-01-2024T14:03:34 - [MESSAGE][PASSED] - Actual text and expected text of test object 'Object Repository/Caso_2/Page_DEMOQA/div_Text Box' are matched.

12-01-2024T14:03:34 - [TEST_STEP][PASSED] - closeBrowser(): Browser is closed

12-01-2024T14:03:38 - [MESSAGE][PASSED] - Browser is closed]]></system-out>
         <system-err><![CDATA[]]></system-err>
      </testcase>
      <testcase name="Test Cases/Screenshots/Caso_screnshot" time="22.363" classname="Test Cases/Screenshots/Caso_screnshot" status="PASSED">
         <system-out><![CDATA[12-01-2024T14:03:38 - [TEST_CASE][PASSED] - Test Cases/Screenshots/Caso_screnshot: Test Cases/Screenshots/Caso_screnshot

12-01-2024T14:03:39 - [TEST_STEP][PASSED] - openBrowser(""): Browser is opened with url: ''

12-01-2024T14:03:39 - [MESSAGE][INFO] - Starting 'Firefox' driver

12-01-2024T14:03:39 - [MESSAGE][INFO] - Action delay is set to 0 milliseconds

12-01-2024T14:03:45 - [MESSAGE][PASSED] - Browser is opened with url: ''

12-01-2024T14:03:45 - [TEST_STEP][PASSED] - navigateToUrl("https://demoqa.com/webtables"): Navigate to 'https://demoqa.com/webtables' successfully

12-01-2024T14:03:52 - [MESSAGE][PASSED] - Navigate to 'https://demoqa.com/webtables' successfully

12-01-2024T14:03:52 - [TEST_STEP][PASSED] - click(findTestObject("Object Repository/Screnshots/Page_DEMOQA/button_Add")): Object: 'Object Repository/Screnshots/Page_DEMOQA/button_Add' is clicked on

12-01-2024T14:03:53 - [MESSAGE][PASSED] - Object: 'Object Repository/Screnshots/Page_DEMOQA/button_Add' is clicked on

12-01-2024T14:03:53 - [TEST_STEP][PASSED] - setText(findTestObject("Object Repository/Screnshots/Page_DEMOQA/inputfirstName"), "Daniela"): Text 'Daniela' is set on object 'Object Repository/Screnshots/Page_DEMOQA/inputfirstName'

12-01-2024T14:03:54 - [MESSAGE][PASSED] - Text 'Daniela' is set on object 'Object Repository/Screnshots/Page_DEMOQA/inputfirstName'

12-01-2024T14:03:54 - [TEST_STEP][PASSED] - setText(findTestObject("Object Repository/Screnshots/Page_DEMOQA/inputlastName"), "dan"): Text 'dan' is set on object 'Object Repository/Screnshots/Page_DEMOQA/inputlastName'

12-01-2024T14:03:55 - [MESSAGE][PASSED] - Text 'dan' is set on object 'Object Repository/Screnshots/Page_DEMOQA/inputlastName'

12-01-2024T14:03:55 - [TEST_STEP][PASSED] - setText(findTestObject("Object Repository/Screnshots/Page_DEMOQA/inputuserEmail"), "dan@gmail.com"): Text 'dan@gmail.com' is set on object 'Object Repository/Screnshots/Page_DEMOQA/inputuserEmail'

12-01-2024T14:03:56 - [MESSAGE][PASSED] - Text 'dan@gmail.com' is set on object 'Object Repository/Screnshots/Page_DEMOQA/inputuserEmail'

12-01-2024T14:03:56 - [TEST_STEP][PASSED] - setText(findTestObject("Object Repository/Screnshots/Page_DEMOQA/inputage"), "30"): Text '30' is set on object 'Object Repository/Screnshots/Page_DEMOQA/inputage'

12-01-2024T14:03:57 - [MESSAGE][PASSED] - Text '30' is set on object 'Object Repository/Screnshots/Page_DEMOQA/inputage'

12-01-2024T14:03:57 - [TEST_STEP][PASSED] - setText(findTestObject("Object Repository/Screnshots/Page_DEMOQA/inputsalary"), "3500"): Text '3500' is set on object 'Object Repository/Screnshots/Page_DEMOQA/inputsalary'

12-01-2024T14:03:57 - [MESSAGE][PASSED] - Text '3500' is set on object 'Object Repository/Screnshots/Page_DEMOQA/inputsalary'

12-01-2024T14:03:57 - [TEST_STEP][PASSED] - setText(findTestObject("Object Repository/Screnshots/Page_DEMOQA/inputdepartment"), "it"): Text 'it' is set on object 'Object Repository/Screnshots/Page_DEMOQA/inputdepartment'

12-01-2024T14:03:58 - [MESSAGE][PASSED] - Text 'it' is set on object 'Object Repository/Screnshots/Page_DEMOQA/inputdepartment'

12-01-2024T14:03:58 - [TEST_STEP][PASSED] - takeScreenshot("C:\KATALON\Proyectos\Proyecto_uno\Images\imgtest1.png"): Taking screenshot successfully

12-01-2024T14:03:59 - [MESSAGE][PASSED] - Taking screenshot successfully
[[ATTACHMENT|C:\KATALON\Proyectos\Proyecto_uno\Images\imgtest1.png]]

12-01-2024T14:03:59 - [TEST_STEP][PASSED] - closeBrowser(): Browser is closed

12-01-2024T14:04:01 - [MESSAGE][PASSED] - Browser is closed]]></system-out>
         <system-err><![CDATA[]]></system-err>
      </testcase>
      <system-out><![CDATA[12-01-2024T14:00:35 - [TEST_SUITE][PASSED] - Test _Suite_2: Test Cases/Screenshots/Caso_screnshot]]></system-out>
      <system-err><![CDATA[]]></system-err>
   </testsuite>
</testsuites>
