<?xml version="1.0" encoding="UTF-8"?>
<testsuites name="Integracion" time="24.957" tests="2" failures="0" errors="0">
   <testsuite name="Integracion" tests="2" failures="0" errors="0" time="24.957" skipped="0" timestamp="17-01-2024T17:47:44" hostname="daniela.feliciano - vass-06956.VASS.INET" id="Test Suites/Integracion/Integracion">
      <properties>
         <property name="deviceName" value=""/>
         <property name="devicePlatform" value=""/>
         <property name="logFolder" value="C:\\KATALON\\Proyectos\\Proyecto_uno\\Reports\\20240117_174738\\Integracion\\Integracion\\20240117_174738"/>
         <property name="logFiles" value="C:\\KATALON\\Proyectos\\Proyecto_uno\\Reports\\20240117_174738\\Integracion\\Integracion\\20240117_174738\\execution0.log"/>
         <property name="attachments" value=""/>
         <property name="hostName" value="daniela.feliciano - vass-06956.VASS.INET"/>
         <property name="os" value="Windows 10 64bit"/>
         <property name="katalonVersion" value="9.2.0.212"/>
         <property name="browser" value="Chrome 120.0.0.0"/>
         <property name="hostAddress" value="192.168.1.57"/>
         <property name="sessionId" value="c93794c69be26c0ea398d92b7a79524d"/>
         <property name="seleniumVersion" value="3.141.59"/>
         <property name="proxyInformation" value="ProxyInformation { proxyOption=NO_PROXY, proxyServerType=HTTP, username=, password=********, proxyServerAddress=, proxyServerPort=0, executionList=&quot;&quot;, isApplyToDesiredCapabilities=true }"/>
         <property name="platform" value="Windows 10"/>
      </properties>
      <testcase name="Test Cases/Prueba_1/Caso_1" time="13.432" classname="Test Cases/Prueba_1/Caso_1" status="PASSED">
         <system-out><![CDATA[17-01-2024T17:47:44 - [TEST_CASE][PASSED] - Test Cases/Prueba_1/Caso_1: Test Cases/Prueba_1/Caso_1

17-01-2024T17:47:44 - [TEST_STEP][PASSED] - openBrowser(""): Browser is opened with url: ''

17-01-2024T17:47:45 - [MESSAGE][INFO] - Starting 'Chrome' driver

17-01-2024T17:47:45 - [MESSAGE][INFO] - Action delay is set to 0 milliseconds

17-01-2024T17:47:47 - [MESSAGE][PASSED] - Browser is opened with url: ''

17-01-2024T17:47:47 - [TEST_STEP][PASSED] - navigateToUrl("https://demoqa.com/"): Navigate to 'https://demoqa.com/' successfully

17-01-2024T17:47:49 - [MESSAGE][PASSED] - Navigate to 'https://demoqa.com/' successfully

17-01-2024T17:47:49 - [TEST_STEP][PASSED] - maximizeWindow(): Current window maximized

17-01-2024T17:47:49 - [MESSAGE][PASSED] - Current window maximized

17-01-2024T17:47:49 - [TEST_STEP][PASSED] - click(findTestObject("Object Repository/Caso_1/Page_DEMOQA/div_card-up")): Object: 'Object Repository/Caso_1/Page_DEMOQA/div_card-up' is clicked on

17-01-2024T17:47:51 - [MESSAGE][PASSED] - Object: 'Object Repository/Caso_1/Page_DEMOQA/div_card-up' is clicked on

17-01-2024T17:47:51 - [TEST_STEP][PASSED] - click(findTestObject("Object Repository/Caso_1/Page_DEMOQA/span_Text Box")): Object: 'Object Repository/Caso_1/Page_DEMOQA/span_Text Box' is clicked on

17-01-2024T17:47:52 - [MESSAGE][PASSED] - Object: 'Object Repository/Caso_1/Page_DEMOQA/span_Text Box' is clicked on

17-01-2024T17:47:52 - [TEST_STEP][PASSED] - click(findTestObject("Object Repository/Caso_1/Page_DEMOQA/inputuserName")): Object: 'Object Repository/Caso_1/Page_DEMOQA/inputuserName' is clicked on

17-01-2024T17:47:53 - [MESSAGE][PASSED] - Object: 'Object Repository/Caso_1/Page_DEMOQA/inputuserName' is clicked on

17-01-2024T17:47:53 - [TEST_STEP][PASSED] - setText(findTestObject("Object Repository/Caso_1/Page_DEMOQA/inputuserName"), "Daniela"): Text 'Daniela' is set on object 'Object Repository/Caso_1/Page_DEMOQA/inputuserName'

17-01-2024T17:47:54 - [MESSAGE][PASSED] - Text 'Daniela' is set on object 'Object Repository/Caso_1/Page_DEMOQA/inputuserName'

17-01-2024T17:47:54 - [TEST_STEP][PASSED] - setText(findTestObject("Object Repository/Caso_1/Page_DEMOQA/inputuserEmail"), "daniela@gmail.com"): Text 'daniela@gmail.com' is set on object 'Object Repository/Caso_1/Page_DEMOQA/inputuserEmail'

17-01-2024T17:47:55 - [MESSAGE][PASSED] - Text 'daniela@gmail.com' is set on object 'Object Repository/Caso_1/Page_DEMOQA/inputuserEmail'

17-01-2024T17:47:55 - [TEST_STEP][PASSED] - setText(findTestObject("Object Repository/Caso_1/Page_DEMOQA/textareacurrentAddress"), "españa"): Text 'españa' is set on object 'Object Repository/Caso_1/Page_DEMOQA/textareacurrentAddress'

17-01-2024T17:47:56 - [MESSAGE][PASSED] - Text 'españa' is set on object 'Object Repository/Caso_1/Page_DEMOQA/textareacurrentAddress'

17-01-2024T17:47:56 - [TEST_STEP][PASSED] - setText(findTestObject("Object Repository/Caso_1/Page_DEMOQA/textareapermanentAddress"), "galicia"): Text 'galicia' is set on object 'Object Repository/Caso_1/Page_DEMOQA/textareapermanentAddress'

17-01-2024T17:47:56 - [MESSAGE][PASSED] - Text 'galicia' is set on object 'Object Repository/Caso_1/Page_DEMOQA/textareapermanentAddress'

17-01-2024T17:47:56 - [TEST_STEP][PASSED] - scrollToPosition(0, 120): Browser is scrolled to position x = 0, y = 120

17-01-2024T17:47:56 - [MESSAGE][PASSED] - Browser is scrolled to position x = 0, y = 120

17-01-2024T17:47:56 - [TEST_STEP][PASSED] - click(findTestObject("Object Repository/Caso_1/Page_DEMOQA/button_Submit")): Object: 'Object Repository/Caso_1/Page_DEMOQA/button_Submit' is clicked on

17-01-2024T17:47:57 - [MESSAGE][PASSED] - Object: 'Object Repository/Caso_1/Page_DEMOQA/button_Submit' is clicked on

17-01-2024T17:47:57 - [TEST_STEP][PASSED] - closeBrowser(): Browser is closed

17-01-2024T17:47:57 - [MESSAGE][PASSED] - Browser is closed]]></system-out>
         <system-err><![CDATA[]]></system-err>
      </testcase>
      <testcase name="Test Cases/Prueba_1/Caso_2" time="11.201" classname="Test Cases/Prueba_1/Caso_2" status="PASSED">
         <system-out><![CDATA[17-01-2024T17:47:57 - [TEST_CASE][PASSED] - Test Cases/Prueba_1/Caso_2: Test Cases/Prueba_1/Caso_2

17-01-2024T17:47:57 - [TEST_STEP][PASSED] - openBrowser(""): Browser is opened with url: ''

17-01-2024T17:47:57 - [MESSAGE][INFO] - Starting 'Chrome' driver

17-01-2024T17:47:57 - [MESSAGE][INFO] - Action delay is set to 0 milliseconds

17-01-2024T17:47:59 - [MESSAGE][PASSED] - Browser is opened with url: ''

17-01-2024T17:47:59 - [TEST_STEP][PASSED] - navigateToUrl("https://demoqa.com/"): Navigate to 'https://demoqa.com/' successfully

17-01-2024T17:48:01 - [MESSAGE][PASSED] - Navigate to 'https://demoqa.com/' successfully

17-01-2024T17:48:01 - [TEST_STEP][PASSED] - maximizeWindow(): Current window maximized

17-01-2024T17:48:01 - [MESSAGE][PASSED] - Current window maximized

17-01-2024T17:48:01 - [TEST_STEP][PASSED] - click(findTestObject("Object Repository/Caso_2/Page_DEMOQA/div_card-up")): Object: 'Object Repository/Caso_2/Page_DEMOQA/div_card-up' is clicked on

17-01-2024T17:48:02 - [MESSAGE][PASSED] - Object: 'Object Repository/Caso_2/Page_DEMOQA/div_card-up' is clicked on

17-01-2024T17:48:02 - [TEST_STEP][PASSED] - click(findTestObject("Object Repository/Caso_2/Page_DEMOQA/span_Text Box")): Object: 'Object Repository/Caso_2/Page_DEMOQA/span_Text Box' is clicked on

17-01-2024T17:48:03 - [MESSAGE][PASSED] - Object: 'Object Repository/Caso_2/Page_DEMOQA/span_Text Box' is clicked on

17-01-2024T17:48:03 - [TEST_STEP][PASSED] - setText(findTestObject("Object Repository/Caso_2/Page_DEMOQA/inputuserName"), "Daniela"): Text 'Daniela' is set on object 'Object Repository/Caso_2/Page_DEMOQA/inputuserName'

17-01-2024T17:48:04 - [MESSAGE][PASSED] - Text 'Daniela' is set on object 'Object Repository/Caso_2/Page_DEMOQA/inputuserName'

17-01-2024T17:48:04 - [TEST_STEP][PASSED] - setText(findTestObject("Object Repository/Caso_2/Page_DEMOQA/inputuserEmail"), "daniela@gmail.com"): Text 'daniela@gmail.com' is set on object 'Object Repository/Caso_2/Page_DEMOQA/inputuserEmail'

17-01-2024T17:48:05 - [MESSAGE][PASSED] - Text 'daniela@gmail.com' is set on object 'Object Repository/Caso_2/Page_DEMOQA/inputuserEmail'

17-01-2024T17:48:05 - [TEST_STEP][PASSED] - setText(findTestObject("Object Repository/Caso_2/Page_DEMOQA/textareacurrentAddress"), "coruña"): Text 'coruña' is set on object 'Object Repository/Caso_2/Page_DEMOQA/textareacurrentAddress'

17-01-2024T17:48:06 - [MESSAGE][PASSED] - Text 'coruña' is set on object 'Object Repository/Caso_2/Page_DEMOQA/textareacurrentAddress'

17-01-2024T17:48:06 - [TEST_STEP][PASSED] - setText(findTestObject("Object Repository/Caso_2/Page_DEMOQA/textareapermanentAddress"), "galicia"): Text 'galicia' is set on object 'Object Repository/Caso_2/Page_DEMOQA/textareapermanentAddress'

17-01-2024T17:48:06 - [MESSAGE][PASSED] - Text 'galicia' is set on object 'Object Repository/Caso_2/Page_DEMOQA/textareapermanentAddress'

17-01-2024T17:48:06 - [TEST_STEP][PASSED] - scrollToPosition(0, 120): Browser is scrolled to position x = 0, y = 120

17-01-2024T17:48:06 - [MESSAGE][PASSED] - Browser is scrolled to position x = 0, y = 120

17-01-2024T17:48:06 - [TEST_STEP][PASSED] - click(findTestObject("Object Repository/Caso_2/Page_DEMOQA/button_Submit")): Object: 'Object Repository/Caso_2/Page_DEMOQA/button_Submit' is clicked on

17-01-2024T17:48:07 - [MESSAGE][PASSED] - Object: 'Object Repository/Caso_2/Page_DEMOQA/button_Submit' is clicked on

17-01-2024T17:48:07 - [TEST_STEP][PASSED] - click(findTestObject("Object Repository/Caso_2/Page_DEMOQA/div_Text Box")): Object: 'Object Repository/Caso_2/Page_DEMOQA/div_Text Box' is clicked on

17-01-2024T17:48:07 - [MESSAGE][PASSED] - Object: 'Object Repository/Caso_2/Page_DEMOQA/div_Text Box' is clicked on

17-01-2024T17:48:07 - [TEST_STEP][PASSED] - rightClick(findTestObject("Caso_2/Page_DEMOQA/div_Text Box")): Object: 'Object Repository/Caso_2/Page_DEMOQA/div_Text Box' is right clicked on

17-01-2024T17:48:08 - [MESSAGE][PASSED] - Object: 'Object Repository/Caso_2/Page_DEMOQA/div_Text Box' is right clicked on

17-01-2024T17:48:08 - [TEST_STEP][PASSED] - verifyElementText(findTestObject("Caso_2/Page_DEMOQA/div_Text Box"), "Text Box"): Actual text and expected text of test object 'Object Repository/Caso_2/Page_DEMOQA/div_Text Box' are matched.

17-01-2024T17:48:08 - [MESSAGE][PASSED] - Actual text and expected text of test object 'Object Repository/Caso_2/Page_DEMOQA/div_Text Box' are matched.

17-01-2024T17:48:08 - [TEST_STEP][PASSED] - closeBrowser(): Browser is closed

17-01-2024T17:48:08 - [MESSAGE][PASSED] - Browser is closed]]></system-out>
         <system-err><![CDATA[]]></system-err>
      </testcase>
      <system-out><![CDATA[17-01-2024T17:47:44 - [TEST_SUITE][PASSED] - Integracion: Test Cases/Prueba_1/Caso_2]]></system-out>
      <system-err><![CDATA[]]></system-err>
   </testsuite>
</testsuites>
