<?xml version="1.0" encoding="UTF-8"?>
<testsuites name="Integracion" time="1.319" tests="0" failures="0" errors="0">
   <testsuite name="Integracion" tests="0" failures="0" errors="0" time="1.319" skipped="0" timestamp="17-01-2024T17:46:00" hostname="daniela.feliciano - vass-06956.VASS.INET" id="Test Suites/Integracion/Integracion">
      <properties>
         <property name="deviceName" value=""/>
         <property name="devicePlatform" value=""/>
         <property name="logFolder" value="C:\\KATALON\\Proyectos\\Proyecto_uno\\Reports\\20240117_174545\\Integracion\\Integracion\\20240117_174552"/>
         <property name="logFiles" value="C:\\KATALON\\Proyectos\\Proyecto_uno\\Reports\\20240117_174545\\Integracion\\Integracion\\20240117_174552\\execution0.log"/>
         <property name="attachments" value=""/>
         <property name="hostName" value="daniela.feliciano - vass-06956.VASS.INET"/>
         <property name="hostAddress" value="192.168.1.57"/>
         <property name="os" value="Windows 10 64bit"/>
         <property name="katalonVersion" value="9.2.0.212"/>
      </properties>
      <system-out><![CDATA[17-01-2024T17:46:00 - [TEST_SUITE][PASSED] - Integracion: null]]></system-out>
      <system-err><![CDATA[]]></system-err>
   </testsuite>
</testsuites>
