<?xml version="1.0" encoding="UTF-8"?>
<testsuites name="Data_excel" time="33.075" tests="4" failures="0" errors="0">
   <testsuite name="Data_excel" tests="4" failures="0" errors="0" time="33.075" skipped="0" timestamp="12-01-2024T16:57:30" hostname="daniela.feliciano - vass-06956.VASS.INET" id="Test Suites/Data_excel">
      <properties>
         <property name="deviceName" value=""/>
         <property name="devicePlatform" value=""/>
         <property name="logFolder" value="C:\\KATALON\\Proyectos\\Proyecto_uno\\Reports\\20240112_165722\\Data_excel\\20240112_165722"/>
         <property name="logFiles" value="C:\\KATALON\\Proyectos\\Proyecto_uno\\Reports\\20240112_165722\\Data_excel\\20240112_165722\\execution0.log"/>
         <property name="attachments" value=""/>
         <property name="hostName" value="daniela.feliciano - vass-06956.VASS.INET"/>
         <property name="os" value="Windows 10 64bit"/>
         <property name="katalonVersion" value="9.2.0.212"/>
         <property name="browser" value="Chrome 120.0.0.0"/>
         <property name="hostAddress" value="192.168.1.57"/>
         <property name="sessionId" value="2c43fc8182aef58777c7c622c16ae107"/>
         <property name="seleniumVersion" value="3.141.59"/>
         <property name="proxyInformation" value="ProxyInformation { proxyOption=NO_PROXY, proxyServerType=HTTP, username=, password=********, proxyServerAddress=, proxyServerPort=0, executionList=&quot;&quot;, isApplyToDesiredCapabilities=true }"/>
         <property name="platform" value="Windows 10"/>
      </properties>
      <testcase name="Test Cases/Driver_excel/Caso_drive_excel" time="10.15" classname="Test Cases/Driver_excel/Caso_drive_excel" status="PASSED">
         <system-out><![CDATA[12-01-2024T16:57:30 - [TEST_CASE][PASSED] - Test Cases/Driver_excel/Caso_drive_excel: Test Cases/Driver_excel/Caso_drive_excel

12-01-2024T16:57:31 - [TEST_STEP][PASSED] - openBrowser(""): Browser is opened with url: ''

12-01-2024T16:57:32 - [MESSAGE][INFO] - Starting 'Chrome' driver

12-01-2024T16:57:32 - [MESSAGE][INFO] - Action delay is set to 0 milliseconds

12-01-2024T16:57:34 - [MESSAGE][PASSED] - Browser is opened with url: ''

12-01-2024T16:57:34 - [TEST_STEP][PASSED] - navigateToUrl("https://demoqa.com/automation-practice-form"): Navigate to 'https://demoqa.com/automation-practice-form' successfully

12-01-2024T16:57:36 - [MESSAGE][PASSED] - Navigate to 'https://demoqa.com/automation-practice-form' successfully

12-01-2024T16:57:36 - [TEST_STEP][PASSED] - waitForPageLoad(0): Wait for page load successfully

12-01-2024T16:57:37 - [MESSAGE][WARNING] - Timeout '0' is invalid. Using default page load timeout: '30'

12-01-2024T16:57:37 - [MESSAGE][PASSED] - Wait for page load successfully

12-01-2024T16:57:37 - [TEST_STEP][PASSED] - setText(findTestObject("Object Repository/driver_excel/Page_DEMOQA/inputfirstName"), nombre): Text 'nombre1' is set on object 'Object Repository/driver_excel/Page_DEMOQA/inputfirstName'

12-01-2024T16:57:38 - [MESSAGE][PASSED] - Text 'nombre1' is set on object 'Object Repository/driver_excel/Page_DEMOQA/inputfirstName'

12-01-2024T16:57:38 - [TEST_STEP][PASSED] - setText(findTestObject("Object Repository/driver_excel/Page_DEMOQA/inputlastName"), apellido): Text 'apellido1' is set on object 'Object Repository/driver_excel/Page_DEMOQA/inputlastName'

12-01-2024T16:57:39 - [MESSAGE][PASSED] - Text 'apellido1' is set on object 'Object Repository/driver_excel/Page_DEMOQA/inputlastName'

12-01-2024T16:57:39 - [TEST_STEP][PASSED] - setText(findTestObject("Object Repository/driver_excel/Page_DEMOQA/inputuserEmail"), email): Text 'email@gmail.com1' is set on object 'Object Repository/driver_excel/Page_DEMOQA/inputuserEmail'

12-01-2024T16:57:40 - [MESSAGE][PASSED] - Text 'email@gmail.com1' is set on object 'Object Repository/driver_excel/Page_DEMOQA/inputuserEmail'

12-01-2024T16:57:40 - [TEST_STEP][PASSED] - delay(0): Delayed 0 second(s)

12-01-2024T16:57:40 - [MESSAGE][PASSED] - Delayed 0 second(s)

12-01-2024T16:57:40 - [TEST_STEP][PASSED] - closeBrowser(): Browser is closed

12-01-2024T16:57:41 - [MESSAGE][PASSED] - Browser is closed]]></system-out>
         <system-err><![CDATA[]]></system-err>
      </testcase>
      <testcase name="Test Cases/Driver_excel/Caso_drive_excel" time="8.271" classname="Test Cases/Driver_excel/Caso_drive_excel" status="PASSED">
         <system-out><![CDATA[12-01-2024T16:57:41 - [TEST_CASE][PASSED] - Test Cases/Driver_excel/Caso_drive_excel: Test Cases/Driver_excel/Caso_drive_excel

12-01-2024T16:57:41 - [TEST_STEP][PASSED] - openBrowser(""): Browser is opened with url: ''

12-01-2024T16:57:41 - [MESSAGE][INFO] - Starting 'Chrome' driver

12-01-2024T16:57:41 - [MESSAGE][INFO] - Action delay is set to 0 milliseconds

12-01-2024T16:57:42 - [MESSAGE][PASSED] - Browser is opened with url: ''

12-01-2024T16:57:42 - [TEST_STEP][PASSED] - navigateToUrl("https://demoqa.com/automation-practice-form"): Navigate to 'https://demoqa.com/automation-practice-form' successfully

12-01-2024T16:57:45 - [MESSAGE][PASSED] - Navigate to 'https://demoqa.com/automation-practice-form' successfully

12-01-2024T16:57:45 - [TEST_STEP][PASSED] - waitForPageLoad(0): Wait for page load successfully

12-01-2024T16:57:45 - [MESSAGE][WARNING] - Timeout '0' is invalid. Using default page load timeout: '30'

12-01-2024T16:57:45 - [MESSAGE][PASSED] - Wait for page load successfully

12-01-2024T16:57:45 - [TEST_STEP][PASSED] - setText(findTestObject("Object Repository/driver_excel/Page_DEMOQA/inputfirstName"), nombre): Text 'nombre2' is set on object 'Object Repository/driver_excel/Page_DEMOQA/inputfirstName'

12-01-2024T16:57:47 - [MESSAGE][PASSED] - Text 'nombre2' is set on object 'Object Repository/driver_excel/Page_DEMOQA/inputfirstName'

12-01-2024T16:57:47 - [TEST_STEP][PASSED] - setText(findTestObject("Object Repository/driver_excel/Page_DEMOQA/inputlastName"), apellido): Text 'apellido2' is set on object 'Object Repository/driver_excel/Page_DEMOQA/inputlastName'

12-01-2024T16:57:48 - [MESSAGE][PASSED] - Text 'apellido2' is set on object 'Object Repository/driver_excel/Page_DEMOQA/inputlastName'

12-01-2024T16:57:48 - [TEST_STEP][PASSED] - setText(findTestObject("Object Repository/driver_excel/Page_DEMOQA/inputuserEmail"), email): Text 'email@gmail.com2' is set on object 'Object Repository/driver_excel/Page_DEMOQA/inputuserEmail'

12-01-2024T16:57:48 - [MESSAGE][PASSED] - Text 'email@gmail.com2' is set on object 'Object Repository/driver_excel/Page_DEMOQA/inputuserEmail'

12-01-2024T16:57:48 - [TEST_STEP][PASSED] - delay(0): Delayed 0 second(s)

12-01-2024T16:57:48 - [MESSAGE][PASSED] - Delayed 0 second(s)

12-01-2024T16:57:48 - [TEST_STEP][PASSED] - closeBrowser(): Browser is closed

12-01-2024T16:57:49 - [MESSAGE][PASSED] - Browser is closed]]></system-out>
         <system-err><![CDATA[]]></system-err>
      </testcase>
      <testcase name="Test Cases/Driver_excel/Caso_drive_excel" time="7.428" classname="Test Cases/Driver_excel/Caso_drive_excel" status="PASSED">
         <system-out><![CDATA[12-01-2024T16:57:49 - [TEST_CASE][PASSED] - Test Cases/Driver_excel/Caso_drive_excel: Test Cases/Driver_excel/Caso_drive_excel

12-01-2024T16:57:49 - [TEST_STEP][PASSED] - openBrowser(""): Browser is opened with url: ''

12-01-2024T16:57:49 - [MESSAGE][INFO] - Starting 'Chrome' driver

12-01-2024T16:57:49 - [MESSAGE][INFO] - Action delay is set to 0 milliseconds

12-01-2024T16:57:51 - [MESSAGE][PASSED] - Browser is opened with url: ''

12-01-2024T16:57:51 - [TEST_STEP][PASSED] - navigateToUrl("https://demoqa.com/automation-practice-form"): Navigate to 'https://demoqa.com/automation-practice-form' successfully

12-01-2024T16:57:52 - [MESSAGE][PASSED] - Navigate to 'https://demoqa.com/automation-practice-form' successfully

12-01-2024T16:57:52 - [TEST_STEP][PASSED] - waitForPageLoad(0): Wait for page load successfully

12-01-2024T16:57:52 - [MESSAGE][WARNING] - Timeout '0' is invalid. Using default page load timeout: '30'

12-01-2024T16:57:52 - [MESSAGE][PASSED] - Wait for page load successfully

12-01-2024T16:57:52 - [TEST_STEP][PASSED] - setText(findTestObject("Object Repository/driver_excel/Page_DEMOQA/inputfirstName"), nombre): Text 'nombre3' is set on object 'Object Repository/driver_excel/Page_DEMOQA/inputfirstName'

12-01-2024T16:57:54 - [MESSAGE][PASSED] - Text 'nombre3' is set on object 'Object Repository/driver_excel/Page_DEMOQA/inputfirstName'

12-01-2024T16:57:54 - [TEST_STEP][PASSED] - setText(findTestObject("Object Repository/driver_excel/Page_DEMOQA/inputlastName"), apellido): Text 'apellido3' is set on object 'Object Repository/driver_excel/Page_DEMOQA/inputlastName'

12-01-2024T16:57:55 - [MESSAGE][PASSED] - Text 'apellido3' is set on object 'Object Repository/driver_excel/Page_DEMOQA/inputlastName'

12-01-2024T16:57:55 - [TEST_STEP][PASSED] - setText(findTestObject("Object Repository/driver_excel/Page_DEMOQA/inputuserEmail"), email): Text 'email@gmail.com3' is set on object 'Object Repository/driver_excel/Page_DEMOQA/inputuserEmail'

12-01-2024T16:57:56 - [MESSAGE][PASSED] - Text 'email@gmail.com3' is set on object 'Object Repository/driver_excel/Page_DEMOQA/inputuserEmail'

12-01-2024T16:57:56 - [TEST_STEP][PASSED] - delay(0): Delayed 0 second(s)

12-01-2024T16:57:56 - [MESSAGE][PASSED] - Delayed 0 second(s)

12-01-2024T16:57:56 - [TEST_STEP][PASSED] - closeBrowser(): Browser is closed

12-01-2024T16:57:57 - [MESSAGE][PASSED] - Browser is closed]]></system-out>
         <system-err><![CDATA[]]></system-err>
      </testcase>
      <testcase name="Test Cases/Driver_excel/Caso_drive_excel" time="6.495" classname="Test Cases/Driver_excel/Caso_drive_excel" status="PASSED">
         <system-out><![CDATA[12-01-2024T16:57:57 - [TEST_CASE][PASSED] - Test Cases/Driver_excel/Caso_drive_excel: Test Cases/Driver_excel/Caso_drive_excel

12-01-2024T16:57:57 - [TEST_STEP][PASSED] - openBrowser(""): Browser is opened with url: ''

12-01-2024T16:57:57 - [MESSAGE][INFO] - Starting 'Chrome' driver

12-01-2024T16:57:57 - [MESSAGE][INFO] - Action delay is set to 0 milliseconds

12-01-2024T16:57:58 - [MESSAGE][PASSED] - Browser is opened with url: ''

12-01-2024T16:57:58 - [TEST_STEP][PASSED] - navigateToUrl("https://demoqa.com/automation-practice-form"): Navigate to 'https://demoqa.com/automation-practice-form' successfully

12-01-2024T16:58:00 - [MESSAGE][PASSED] - Navigate to 'https://demoqa.com/automation-practice-form' successfully

12-01-2024T16:58:00 - [TEST_STEP][PASSED] - waitForPageLoad(0): Wait for page load successfully

12-01-2024T16:58:00 - [MESSAGE][WARNING] - Timeout '0' is invalid. Using default page load timeout: '30'

12-01-2024T16:58:00 - [MESSAGE][PASSED] - Wait for page load successfully

12-01-2024T16:58:00 - [TEST_STEP][PASSED] - setText(findTestObject("Object Repository/driver_excel/Page_DEMOQA/inputfirstName"), nombre): Text 'nombre4' is set on object 'Object Repository/driver_excel/Page_DEMOQA/inputfirstName'

12-01-2024T16:58:01 - [MESSAGE][PASSED] - Text 'nombre4' is set on object 'Object Repository/driver_excel/Page_DEMOQA/inputfirstName'

12-01-2024T16:58:01 - [TEST_STEP][PASSED] - setText(findTestObject("Object Repository/driver_excel/Page_DEMOQA/inputlastName"), apellido): Text 'apellido4' is set on object 'Object Repository/driver_excel/Page_DEMOQA/inputlastName'

12-01-2024T16:58:02 - [MESSAGE][PASSED] - Text 'apellido4' is set on object 'Object Repository/driver_excel/Page_DEMOQA/inputlastName'

12-01-2024T16:58:02 - [TEST_STEP][PASSED] - setText(findTestObject("Object Repository/driver_excel/Page_DEMOQA/inputuserEmail"), email): Text 'email@gmail.com4' is set on object 'Object Repository/driver_excel/Page_DEMOQA/inputuserEmail'

12-01-2024T16:58:03 - [MESSAGE][PASSED] - Text 'email@gmail.com4' is set on object 'Object Repository/driver_excel/Page_DEMOQA/inputuserEmail'

12-01-2024T16:58:03 - [TEST_STEP][PASSED] - delay(0): Delayed 0 second(s)

12-01-2024T16:58:03 - [MESSAGE][PASSED] - Delayed 0 second(s)

12-01-2024T16:58:03 - [TEST_STEP][PASSED] - closeBrowser(): Browser is closed

12-01-2024T16:58:03 - [MESSAGE][PASSED] - Browser is closed]]></system-out>
         <system-err><![CDATA[]]></system-err>
      </testcase>
      <system-out><![CDATA[12-01-2024T16:57:30 - [TEST_SUITE][PASSED] - Data_excel: Test Cases/Driver_excel/Caso_drive_excel]]></system-out>
      <system-err><![CDATA[]]></system-err>
   </testsuite>
</testsuites>
