<?xml version="1.0" encoding="UTF-8"?>
<testsuites name="Test_Suite_Collection" time="214.702" tests="27" failures="0" errors="0">
   <testsuite name="Test _Suite_2" tests="6" failures="0" errors="0" time="205.112" skipped="0" timestamp="12-01-2024T14:00:35" hostname="daniela.feliciano - vass-06956.VASS.INET" id="Test Suites/Test _Suite_2">
      <properties>
         <property name="deviceName" value=""/>
         <property name="devicePlatform" value=""/>
         <property name="logFolder" value="C:\\KATALON\\Proyectos\\Proyecto_uno\\Reports\\20240112_140014\\Test _Suite_2\\20240112_140015"/>
         <property name="logFiles" value="C:\\KATALON\\Proyectos\\Proyecto_uno\\Reports\\20240112_140014\\Test _Suite_2\\20240112_140015\\execution0.log"/>
         <property name="attachments" value="C:\KATALON\Proyectos\Proyecto_uno\Images\imgtest1.png"/>
         <property name="hostName" value="daniela.feliciano - vass-06956.VASS.INET"/>
         <property name="os" value="Windows 10 64bit"/>
         <property name="katalonVersion" value="9.2.0.212"/>
         <property name="browser" value="Firefox 95.0"/>
         <property name="hostAddress" value="192.168.1.57"/>
         <property name="sessionId" value="1aef545c-95f9-493f-bf2f-6be0865f55fc"/>
         <property name="seleniumVersion" value="3.141.59"/>
         <property name="proxyInformation" value="ProxyInformation { proxyOption=NO_PROXY, proxyServerType=HTTP, username=, password=********, proxyServerAddress=, proxyServerPort=0, executionList=&quot;&quot;, isApplyToDesiredCapabilities=true }"/>
         <property name="platform" value="Windows 10"/>
      </properties>
      <testcase name="Test Cases/Navegador/Navegacion_2" time="41.916" classname="Test Cases/Navegador/Navegacion_2" status="PASSED">
         <system-out><![CDATA[12-01-2024T14:00:37 - [TEST_CASE][PASSED] - Test Cases/Navegador/Navegacion_2: Test Cases/Navegador/Navegacion_2

12-01-2024T14:00:39 - [TEST_STEP][PASSED] - openBrowser("https://demoqa.com/text-box"): Browser is opened with url: 'https://demoqa.com/text-box'

12-01-2024T14:00:41 - [MESSAGE][INFO] - Starting 'Firefox' driver

12-01-2024T14:00:42 - [MESSAGE][INFO] - Action delay is set to 0 milliseconds

12-01-2024T14:01:15 - [MESSAGE][PASSED] - Browser is opened with url: 'https://demoqa.com/text-box'

12-01-2024T14:01:15 - [TEST_STEP][PASSED] - page_url = getUrl(): Current window's url is: 'https://demoqa.com/text-box'

12-01-2024T14:01:15 - [MESSAGE][PASSED] - Current window's url is: 'https://demoqa.com/text-box'

12-01-2024T14:01:15 - [TEST_STEP][PASSED] - print("URL: " + page_url + "  "): null

12-01-2024T14:01:15 - [TEST_STEP][PASSED] - titulo = getWindowTitle(): Current window's title is: 'DEMOQA'

12-01-2024T14:01:15 - [MESSAGE][PASSED] - Current window's title is: 'DEMOQA'

12-01-2024T14:01:15 - [TEST_STEP][PASSED] - print("titulo: " + titulo + "  "): null

12-01-2024T14:01:15 - [TEST_STEP][PASSED] - closeBrowser(): Browser is closed

12-01-2024T14:01:19 - [MESSAGE][PASSED] - Browser is closed]]></system-out>
         <system-err><![CDATA[]]></system-err>
      </testcase>
      <testcase name="Test Cases/Navegador/Navegador" time="37.056" classname="Test Cases/Navegador/Navegador" status="PASSED">
         <system-out><![CDATA[12-01-2024T14:01:19 - [TEST_CASE][PASSED] - Test Cases/Navegador/Navegador: Test Cases/Navegador/Navegador

12-01-2024T14:01:20 - [TEST_STEP][PASSED] - openBrowser("http://demoqa.com"): Browser is opened with url: 'http://demoqa.com'

12-01-2024T14:01:20 - [MESSAGE][INFO] - Starting 'Firefox' driver

12-01-2024T14:01:20 - [MESSAGE][INFO] - Action delay is set to 0 milliseconds

12-01-2024T14:01:39 - [MESSAGE][PASSED] - Browser is opened with url: 'http://demoqa.com'

12-01-2024T14:01:39 - [TEST_STEP][PASSED] - maximizeWindow(): Current window maximized

12-01-2024T14:01:39 - [MESSAGE][PASSED] - Current window maximized

12-01-2024T14:01:39 - [TEST_STEP][PASSED] - navigateToUrl("http://demoqa.com/checkbox"): Navigate to 'http://demoqa.com/checkbox' successfully

12-01-2024T14:01:44 - [MESSAGE][PASSED] - Navigate to 'http://demoqa.com/checkbox' successfully

12-01-2024T14:01:44 - [TEST_STEP][PASSED] - navigateToUrl("http://google.com"): Navigate to 'http://google.com' successfully

12-01-2024T14:01:46 - [MESSAGE][PASSED] - Navigate to 'http://google.com' successfully

12-01-2024T14:01:46 - [TEST_STEP][PASSED] - back(): Navigate back successfully

12-01-2024T14:01:48 - [MESSAGE][PASSED] - Navigate back successfully

12-01-2024T14:01:48 - [TEST_STEP][PASSED] - forward(): Navigate forward successfully

12-01-2024T14:01:50 - [MESSAGE][PASSED] - Navigate forward successfully

12-01-2024T14:01:50 - [TEST_STEP][PASSED] - delay(4): Delayed 4 second(s)

12-01-2024T14:01:54 - [MESSAGE][PASSED] - Delayed 4 second(s)

12-01-2024T14:01:54 - [TEST_STEP][PASSED] - refresh(): Refresh successfully

12-01-2024T14:01:56 - [MESSAGE][PASSED] - Refresh successfully]]></system-out>
         <system-err><![CDATA[]]></system-err>
      </testcase>
      <testcase name="Test Cases/Obj_xpath/Caso_xpath" time="38.196" classname="Test Cases/Obj_xpath/Caso_xpath" status="PASSED">
         <system-out><![CDATA[12-01-2024T14:01:56 - [TEST_CASE][PASSED] - Test Cases/Obj_xpath/Caso_xpath: Test Cases/Obj_xpath/Caso_xpath

12-01-2024T14:01:57 - [TEST_STEP][PASSED] - openBrowser(""): Browser is opened with url: ''

12-01-2024T14:01:57 - [MESSAGE][WARNING] - A browser is already opened. Closing browser and opening a new one

12-01-2024T14:02:02 - [MESSAGE][INFO] - Starting 'Firefox' driver

12-01-2024T14:02:02 - [MESSAGE][INFO] - Action delay is set to 0 milliseconds

12-01-2024T14:02:14 - [MESSAGE][PASSED] - Browser is opened with url: ''

12-01-2024T14:02:14 - [TEST_STEP][PASSED] - navigateToUrl("https://demoqa.com/text-box"): Navigate to 'https://demoqa.com/text-box' successfully

12-01-2024T14:02:21 - [MESSAGE][PASSED] - Navigate to 'https://demoqa.com/text-box' successfully

12-01-2024T14:02:21 - [TEST_STEP][PASSED] - maximizeWindow(): Current window maximized

12-01-2024T14:02:21 - [MESSAGE][PASSED] - Current window maximized

12-01-2024T14:02:21 - [TEST_STEP][PASSED] - setText(findTestObject("Obj_xpath/Campo_nombre"), "Daniela"): Text 'Daniela' is set on object 'Object Repository/Obj_xpath/Campo_nombre'

12-01-2024T14:02:23 - [MESSAGE][PASSED] - Text 'Daniela' is set on object 'Object Repository/Obj_xpath/Campo_nombre'

12-01-2024T14:02:23 - [TEST_STEP][PASSED] - delay(3): Delayed 3 second(s)

12-01-2024T14:02:26 - [MESSAGE][PASSED] - Delayed 3 second(s)

12-01-2024T14:02:26 - [TEST_STEP][PASSED] - closeBrowser(): Browser is closed

12-01-2024T14:02:34 - [MESSAGE][PASSED] - Browser is closed]]></system-out>
         <system-err><![CDATA[]]></system-err>
      </testcase>
      <testcase name="Test Cases/Prueba_1/Caso_1" time="35.097" classname="Test Cases/Prueba_1/Caso_1" status="PASSED">
         <system-out><![CDATA[12-01-2024T14:02:35 - [TEST_CASE][PASSED] - Test Cases/Prueba_1/Caso_1: Test Cases/Prueba_1/Caso_1

12-01-2024T14:02:35 - [TEST_STEP][PASSED] - openBrowser(""): Browser is opened with url: ''

12-01-2024T14:02:35 - [MESSAGE][INFO] - Starting 'Firefox' driver

12-01-2024T14:02:35 - [MESSAGE][INFO] - Action delay is set to 0 milliseconds

12-01-2024T14:02:47 - [MESSAGE][PASSED] - Browser is opened with url: ''

12-01-2024T14:02:47 - [TEST_STEP][PASSED] - navigateToUrl("https://demoqa.com/"): Navigate to 'https://demoqa.com/' successfully

12-01-2024T14:02:53 - [MESSAGE][PASSED] - Navigate to 'https://demoqa.com/' successfully

12-01-2024T14:02:53 - [TEST_STEP][PASSED] - maximizeWindow(): Current window maximized

12-01-2024T14:02:54 - [MESSAGE][PASSED] - Current window maximized

12-01-2024T14:02:54 - [TEST_STEP][PASSED] - click(findTestObject("Object Repository/Caso_1/Page_DEMOQA/div_card-up")): Object: 'Object Repository/Caso_1/Page_DEMOQA/div_card-up' is clicked on

12-01-2024T14:02:56 - [MESSAGE][PASSED] - Object: 'Object Repository/Caso_1/Page_DEMOQA/div_card-up' is clicked on

12-01-2024T14:02:56 - [TEST_STEP][PASSED] - click(findTestObject("Object Repository/Caso_1/Page_DEMOQA/span_Text Box")): Object: 'Object Repository/Caso_1/Page_DEMOQA/span_Text Box' is clicked on

12-01-2024T14:02:57 - [MESSAGE][PASSED] - Object: 'Object Repository/Caso_1/Page_DEMOQA/span_Text Box' is clicked on

12-01-2024T14:02:57 - [TEST_STEP][PASSED] - click(findTestObject("Object Repository/Caso_1/Page_DEMOQA/inputuserName")): Object: 'Object Repository/Caso_1/Page_DEMOQA/inputuserName' is clicked on

12-01-2024T14:02:58 - [MESSAGE][PASSED] - Object: 'Object Repository/Caso_1/Page_DEMOQA/inputuserName' is clicked on

12-01-2024T14:02:58 - [TEST_STEP][PASSED] - setText(findTestObject("Object Repository/Caso_1/Page_DEMOQA/inputuserName"), "Daniela"): Text 'Daniela' is set on object 'Object Repository/Caso_1/Page_DEMOQA/inputuserName'

12-01-2024T14:02:59 - [MESSAGE][PASSED] - Text 'Daniela' is set on object 'Object Repository/Caso_1/Page_DEMOQA/inputuserName'

12-01-2024T14:02:59 - [TEST_STEP][PASSED] - setText(findTestObject("Object Repository/Caso_1/Page_DEMOQA/inputuserEmail"), "daniela@gmail.com"): Text 'daniela@gmail.com' is set on object 'Object Repository/Caso_1/Page_DEMOQA/inputuserEmail'

12-01-2024T14:03:00 - [MESSAGE][PASSED] - Text 'daniela@gmail.com' is set on object 'Object Repository/Caso_1/Page_DEMOQA/inputuserEmail'

12-01-2024T14:03:00 - [TEST_STEP][PASSED] - setText(findTestObject("Object Repository/Caso_1/Page_DEMOQA/textareacurrentAddress"), "españa"): Text 'españa' is set on object 'Object Repository/Caso_1/Page_DEMOQA/textareacurrentAddress'

12-01-2024T14:03:01 - [MESSAGE][PASSED] - Text 'españa' is set on object 'Object Repository/Caso_1/Page_DEMOQA/textareacurrentAddress'

12-01-2024T14:03:01 - [TEST_STEP][PASSED] - setText(findTestObject("Object Repository/Caso_1/Page_DEMOQA/textareapermanentAddress"), "galicia"): Text 'galicia' is set on object 'Object Repository/Caso_1/Page_DEMOQA/textareapermanentAddress'

12-01-2024T14:03:02 - [MESSAGE][PASSED] - Text 'galicia' is set on object 'Object Repository/Caso_1/Page_DEMOQA/textareapermanentAddress'

12-01-2024T14:03:02 - [TEST_STEP][PASSED] - scrollToPosition(0, 120): Browser is scrolled to position x = 0, y = 120

12-01-2024T14:03:02 - [MESSAGE][PASSED] - Browser is scrolled to position x = 0, y = 120

12-01-2024T14:03:02 - [TEST_STEP][PASSED] - click(findTestObject("Object Repository/Caso_1/Page_DEMOQA/button_Submit")): Object: 'Object Repository/Caso_1/Page_DEMOQA/button_Submit' is clicked on

12-01-2024T14:03:03 - [MESSAGE][PASSED] - Object: 'Object Repository/Caso_1/Page_DEMOQA/button_Submit' is clicked on

12-01-2024T14:03:03 - [TEST_STEP][PASSED] - closeBrowser(): Browser is closed

12-01-2024T14:03:10 - [MESSAGE][PASSED] - Browser is closed]]></system-out>
         <system-err><![CDATA[]]></system-err>
      </testcase>
      <testcase name="Test Cases/Prueba_1/Caso_2" time="28.428" classname="Test Cases/Prueba_1/Caso_2" status="PASSED">
         <system-out><![CDATA[12-01-2024T14:03:10 - [TEST_CASE][PASSED] - Test Cases/Prueba_1/Caso_2: Test Cases/Prueba_1/Caso_2

12-01-2024T14:03:10 - [TEST_STEP][PASSED] - openBrowser(""): Browser is opened with url: ''

12-01-2024T14:03:10 - [MESSAGE][INFO] - Starting 'Firefox' driver

12-01-2024T14:03:10 - [MESSAGE][INFO] - Action delay is set to 0 milliseconds

12-01-2024T14:03:22 - [MESSAGE][PASSED] - Browser is opened with url: ''

12-01-2024T14:03:22 - [TEST_STEP][PASSED] - navigateToUrl("https://demoqa.com/"): Navigate to 'https://demoqa.com/' successfully

12-01-2024T14:03:25 - [MESSAGE][PASSED] - Navigate to 'https://demoqa.com/' successfully

12-01-2024T14:03:25 - [TEST_STEP][PASSED] - maximizeWindow(): Current window maximized

12-01-2024T14:03:25 - [MESSAGE][PASSED] - Current window maximized

12-01-2024T14:03:25 - [TEST_STEP][PASSED] - click(findTestObject("Object Repository/Caso_2/Page_DEMOQA/div_card-up")): Object: 'Object Repository/Caso_2/Page_DEMOQA/div_card-up' is clicked on

12-01-2024T14:03:27 - [MESSAGE][PASSED] - Object: 'Object Repository/Caso_2/Page_DEMOQA/div_card-up' is clicked on

12-01-2024T14:03:27 - [TEST_STEP][PASSED] - click(findTestObject("Object Repository/Caso_2/Page_DEMOQA/span_Text Box")): Object: 'Object Repository/Caso_2/Page_DEMOQA/span_Text Box' is clicked on

12-01-2024T14:03:28 - [MESSAGE][PASSED] - Object: 'Object Repository/Caso_2/Page_DEMOQA/span_Text Box' is clicked on

12-01-2024T14:03:28 - [TEST_STEP][PASSED] - setText(findTestObject("Object Repository/Caso_2/Page_DEMOQA/inputuserName"), "Daniela"): Text 'Daniela' is set on object 'Object Repository/Caso_2/Page_DEMOQA/inputuserName'

12-01-2024T14:03:29 - [MESSAGE][PASSED] - Text 'Daniela' is set on object 'Object Repository/Caso_2/Page_DEMOQA/inputuserName'

12-01-2024T14:03:29 - [TEST_STEP][PASSED] - setText(findTestObject("Object Repository/Caso_2/Page_DEMOQA/inputuserEmail"), "daniela@gmail.com"): Text 'daniela@gmail.com' is set on object 'Object Repository/Caso_2/Page_DEMOQA/inputuserEmail'

12-01-2024T14:03:30 - [MESSAGE][PASSED] - Text 'daniela@gmail.com' is set on object 'Object Repository/Caso_2/Page_DEMOQA/inputuserEmail'

12-01-2024T14:03:30 - [TEST_STEP][PASSED] - setText(findTestObject("Object Repository/Caso_2/Page_DEMOQA/textareacurrentAddress"), "coruña"): Text 'coruña' is set on object 'Object Repository/Caso_2/Page_DEMOQA/textareacurrentAddress'

12-01-2024T14:03:31 - [MESSAGE][PASSED] - Text 'coruña' is set on object 'Object Repository/Caso_2/Page_DEMOQA/textareacurrentAddress'

12-01-2024T14:03:31 - [TEST_STEP][PASSED] - setText(findTestObject("Object Repository/Caso_2/Page_DEMOQA/textareapermanentAddress"), "galicia"): Text 'galicia' is set on object 'Object Repository/Caso_2/Page_DEMOQA/textareapermanentAddress'

12-01-2024T14:03:31 - [MESSAGE][PASSED] - Text 'galicia' is set on object 'Object Repository/Caso_2/Page_DEMOQA/textareapermanentAddress'

12-01-2024T14:03:31 - [TEST_STEP][PASSED] - scrollToPosition(0, 120): Browser is scrolled to position x = 0, y = 120

12-01-2024T14:03:31 - [MESSAGE][PASSED] - Browser is scrolled to position x = 0, y = 120

12-01-2024T14:03:31 - [TEST_STEP][PASSED] - click(findTestObject("Object Repository/Caso_2/Page_DEMOQA/button_Submit")): Object: 'Object Repository/Caso_2/Page_DEMOQA/button_Submit' is clicked on

12-01-2024T14:03:32 - [MESSAGE][PASSED] - Object: 'Object Repository/Caso_2/Page_DEMOQA/button_Submit' is clicked on

12-01-2024T14:03:32 - [TEST_STEP][PASSED] - click(findTestObject("Object Repository/Caso_2/Page_DEMOQA/div_Text Box")): Object: 'Object Repository/Caso_2/Page_DEMOQA/div_Text Box' is clicked on

12-01-2024T14:03:33 - [MESSAGE][PASSED] - Object: 'Object Repository/Caso_2/Page_DEMOQA/div_Text Box' is clicked on

12-01-2024T14:03:33 - [TEST_STEP][PASSED] - rightClick(findTestObject("Caso_2/Page_DEMOQA/div_Text Box")): Object: 'Object Repository/Caso_2/Page_DEMOQA/div_Text Box' is right clicked on

12-01-2024T14:03:34 - [MESSAGE][PASSED] - Object: 'Object Repository/Caso_2/Page_DEMOQA/div_Text Box' is right clicked on

12-01-2024T14:03:34 - [TEST_STEP][PASSED] - verifyElementText(findTestObject("Caso_2/Page_DEMOQA/div_Text Box"), "Text Box"): Actual text and expected text of test object 'Object Repository/Caso_2/Page_DEMOQA/div_Text Box' are matched.

12-01-2024T14:03:34 - [MESSAGE][PASSED] - Actual text and expected text of test object 'Object Repository/Caso_2/Page_DEMOQA/div_Text Box' are matched.

12-01-2024T14:03:34 - [TEST_STEP][PASSED] - closeBrowser(): Browser is closed

12-01-2024T14:03:38 - [MESSAGE][PASSED] - Browser is closed]]></system-out>
         <system-err><![CDATA[]]></system-err>
      </testcase>
      <testcase name="Test Cases/Screenshots/Caso_screnshot" time="22.363" classname="Test Cases/Screenshots/Caso_screnshot" status="PASSED">
         <system-out><![CDATA[12-01-2024T14:03:38 - [TEST_CASE][PASSED] - Test Cases/Screenshots/Caso_screnshot: Test Cases/Screenshots/Caso_screnshot

12-01-2024T14:03:39 - [TEST_STEP][PASSED] - openBrowser(""): Browser is opened with url: ''

12-01-2024T14:03:39 - [MESSAGE][INFO] - Starting 'Firefox' driver

12-01-2024T14:03:39 - [MESSAGE][INFO] - Action delay is set to 0 milliseconds

12-01-2024T14:03:45 - [MESSAGE][PASSED] - Browser is opened with url: ''

12-01-2024T14:03:45 - [TEST_STEP][PASSED] - navigateToUrl("https://demoqa.com/webtables"): Navigate to 'https://demoqa.com/webtables' successfully

12-01-2024T14:03:52 - [MESSAGE][PASSED] - Navigate to 'https://demoqa.com/webtables' successfully

12-01-2024T14:03:52 - [TEST_STEP][PASSED] - click(findTestObject("Object Repository/Screnshots/Page_DEMOQA/button_Add")): Object: 'Object Repository/Screnshots/Page_DEMOQA/button_Add' is clicked on

12-01-2024T14:03:53 - [MESSAGE][PASSED] - Object: 'Object Repository/Screnshots/Page_DEMOQA/button_Add' is clicked on

12-01-2024T14:03:53 - [TEST_STEP][PASSED] - setText(findTestObject("Object Repository/Screnshots/Page_DEMOQA/inputfirstName"), "Daniela"): Text 'Daniela' is set on object 'Object Repository/Screnshots/Page_DEMOQA/inputfirstName'

12-01-2024T14:03:54 - [MESSAGE][PASSED] - Text 'Daniela' is set on object 'Object Repository/Screnshots/Page_DEMOQA/inputfirstName'

12-01-2024T14:03:54 - [TEST_STEP][PASSED] - setText(findTestObject("Object Repository/Screnshots/Page_DEMOQA/inputlastName"), "dan"): Text 'dan' is set on object 'Object Repository/Screnshots/Page_DEMOQA/inputlastName'

12-01-2024T14:03:55 - [MESSAGE][PASSED] - Text 'dan' is set on object 'Object Repository/Screnshots/Page_DEMOQA/inputlastName'

12-01-2024T14:03:55 - [TEST_STEP][PASSED] - setText(findTestObject("Object Repository/Screnshots/Page_DEMOQA/inputuserEmail"), "dan@gmail.com"): Text 'dan@gmail.com' is set on object 'Object Repository/Screnshots/Page_DEMOQA/inputuserEmail'

12-01-2024T14:03:56 - [MESSAGE][PASSED] - Text 'dan@gmail.com' is set on object 'Object Repository/Screnshots/Page_DEMOQA/inputuserEmail'

12-01-2024T14:03:56 - [TEST_STEP][PASSED] - setText(findTestObject("Object Repository/Screnshots/Page_DEMOQA/inputage"), "30"): Text '30' is set on object 'Object Repository/Screnshots/Page_DEMOQA/inputage'

12-01-2024T14:03:57 - [MESSAGE][PASSED] - Text '30' is set on object 'Object Repository/Screnshots/Page_DEMOQA/inputage'

12-01-2024T14:03:57 - [TEST_STEP][PASSED] - setText(findTestObject("Object Repository/Screnshots/Page_DEMOQA/inputsalary"), "3500"): Text '3500' is set on object 'Object Repository/Screnshots/Page_DEMOQA/inputsalary'

12-01-2024T14:03:57 - [MESSAGE][PASSED] - Text '3500' is set on object 'Object Repository/Screnshots/Page_DEMOQA/inputsalary'

12-01-2024T14:03:57 - [TEST_STEP][PASSED] - setText(findTestObject("Object Repository/Screnshots/Page_DEMOQA/inputdepartment"), "it"): Text 'it' is set on object 'Object Repository/Screnshots/Page_DEMOQA/inputdepartment'

12-01-2024T14:03:58 - [MESSAGE][PASSED] - Text 'it' is set on object 'Object Repository/Screnshots/Page_DEMOQA/inputdepartment'

12-01-2024T14:03:58 - [TEST_STEP][PASSED] - takeScreenshot("C:\KATALON\Proyectos\Proyecto_uno\Images\imgtest1.png"): Taking screenshot successfully

12-01-2024T14:03:59 - [MESSAGE][PASSED] - Taking screenshot successfully
[[ATTACHMENT|C:\KATALON\Proyectos\Proyecto_uno\Images\imgtest1.png]]

12-01-2024T14:03:59 - [TEST_STEP][PASSED] - closeBrowser(): Browser is closed

12-01-2024T14:04:01 - [MESSAGE][PASSED] - Browser is closed]]></system-out>
         <system-err><![CDATA[]]></system-err>
      </testcase>
      <system-out><![CDATA[12-01-2024T14:00:35 - [TEST_SUITE][PASSED] - Test _Suite_2: Test Cases/Screenshots/Caso_screnshot]]></system-out>
      <system-err><![CDATA[]]></system-err>
   </testsuite>
   <testsuite name="Test_Suite_1" tests="9" failures="0" errors="0" time="195.691" skipped="0" timestamp="12-01-2024T14:00:42" hostname="daniela.feliciano - vass-06956.VASS.INET" id="Test Suites/Test_Suite_1">
      <properties>
         <property name="deviceName" value=""/>
         <property name="devicePlatform" value=""/>
         <property name="logFolder" value="C:\\KATALON\\Proyectos\\Proyecto_uno\\Reports\\20240112_140014\\Test_Suite_1\\20240112_140017"/>
         <property name="logFiles" value="C:\\KATALON\\Proyectos\\Proyecto_uno\\Reports\\20240112_140014\\Test_Suite_1\\20240112_140017\\execution0.log"/>
         <property name="attachments" value=""/>
         <property name="hostName" value="daniela.feliciano - vass-06956.VASS.INET"/>
         <property name="os" value="Windows 10 64bit"/>
         <property name="katalonVersion" value="9.2.0.212"/>
         <property name="browser" value="Chrome 120.0.0.0"/>
         <property name="hostAddress" value="192.168.1.57"/>
         <property name="sessionId" value="75e4dc88d1609f2f4b22ff6bbeda983b"/>
         <property name="seleniumVersion" value="3.141.59"/>
         <property name="proxyInformation" value="ProxyInformation { proxyOption=NO_PROXY, proxyServerType=HTTP, username=, password=********, proxyServerAddress=, proxyServerPort=0, executionList=&quot;&quot;, isApplyToDesiredCapabilities=true }"/>
         <property name="platform" value="Windows 10"/>
      </properties>
      <testcase name="Test Cases/Carga_archivo/Caso_carga_archivo" time="35.489" classname="Test Cases/Carga_archivo/Caso_carga_archivo" status="PASSED">
         <system-out><![CDATA[12-01-2024T14:00:43 - [TEST_CASE][PASSED] - Test Cases/Carga_archivo/Caso_carga_archivo: Test Cases/Carga_archivo/Caso_carga_archivo

12-01-2024T14:00:44 - [TEST_STEP][PASSED] - openBrowser(""): Browser is opened with url: ''

12-01-2024T14:00:46 - [MESSAGE][INFO] - Starting 'Chrome' driver

12-01-2024T14:00:46 - [MESSAGE][INFO] - Action delay is set to 0 milliseconds

12-01-2024T14:00:54 - [MESSAGE][PASSED] - Browser is opened with url: ''

12-01-2024T14:00:54 - [TEST_STEP][PASSED] - navigateToUrl("https://testpages.herokuapp.com/styled/file-upload-test.html"): Navigate to 'https://testpages.herokuapp.com/styled/file-upload-test.html' successfully

12-01-2024T14:00:54 - [MESSAGE][PASSED] - Navigate to 'https://testpages.herokuapp.com/styled/file-upload-test.html' successfully

12-01-2024T14:00:54 - [TEST_STEP][PASSED] - uploadFile(findTestObject("Carga_archivo/upload"), "C:\KATALON\Proyectos\Proyecto_uno\Images\img.png"): File 'C:\KATALON\Proyectos\Proyecto_uno\Images\img.png' sent to object: 'Object Repository/Carga_archivo/upload'

12-01-2024T14:00:56 - [MESSAGE][PASSED] - File 'C:\KATALON\Proyectos\Proyecto_uno\Images\img.png' sent to object: 'Object Repository/Carga_archivo/upload'

12-01-2024T14:00:56 - [TEST_STEP][PASSED] - delay(tiempo): Delayed 3 second(s)

12-01-2024T14:01:00 - [MESSAGE][PASSED] - Delayed 3 second(s)

12-01-2024T14:01:00 - [TEST_STEP][PASSED] - click(findTestObject("Carga_archivo/checkimg")): Object: 'Object Repository/Carga_archivo/checkimg' is clicked on

12-01-2024T14:01:01 - [MESSAGE][PASSED] - Object: 'Object Repository/Carga_archivo/checkimg' is clicked on

12-01-2024T14:01:01 - [TEST_STEP][PASSED] - delay(Tiempo): Delayed 3 second(s)

12-01-2024T14:01:04 - [MESSAGE][PASSED] - Delayed 3 second(s)

12-01-2024T14:01:04 - [TEST_STEP][PASSED] - click(findTestObject("Carga_archivo/carga")): Object: 'Object Repository/Carga_archivo/carga' is clicked on

12-01-2024T14:01:07 - [MESSAGE][PASSED] - Object: 'Object Repository/Carga_archivo/carga' is clicked on

12-01-2024T14:01:07 - [TEST_STEP][PASSED] - delay(Tiempo): Delayed 3 second(s)

12-01-2024T14:01:10 - [MESSAGE][PASSED] - Delayed 3 second(s)

12-01-2024T14:01:10 - [TEST_STEP][PASSED] - verifyElementVisible(findTestObject("Carga_archivo/titulo")): Object 'Object Repository/Carga_archivo/titulo' is visible

12-01-2024T14:01:12 - [MESSAGE][PASSED] - Object 'Object Repository/Carga_archivo/titulo' is visible

12-01-2024T14:01:12 - [TEST_STEP][PASSED] - verifyElementText(findTestObject("Carga_archivo/titulo"), "Uploaded File"): Actual text and expected text of test object 'Object Repository/Carga_archivo/titulo' are matched.

12-01-2024T14:01:13 - [MESSAGE][PASSED] - Actual text and expected text of test object 'Object Repository/Carga_archivo/titulo' are matched.

12-01-2024T14:01:13 - [TEST_STEP][PASSED] - closeBrowser(): Browser is closed

12-01-2024T14:01:18 - [MESSAGE][PASSED] - Browser is closed]]></system-out>
         <system-err><![CDATA[]]></system-err>
      </testcase>
      <testcase name="Test Cases/Check_box/Caso_check_box" time="29.578" classname="Test Cases/Check_box/Caso_check_box" status="PASSED">
         <system-out><![CDATA[12-01-2024T14:01:18 - [TEST_CASE][PASSED] - Test Cases/Check_box/Caso_check_box: Test Cases/Check_box/Caso_check_box

12-01-2024T14:01:19 - [TEST_STEP][PASSED] - openBrowser(""): Browser is opened with url: ''

12-01-2024T14:01:19 - [MESSAGE][INFO] - Starting 'Chrome' driver

12-01-2024T14:01:19 - [MESSAGE][INFO] - Action delay is set to 0 milliseconds

12-01-2024T14:01:23 - [MESSAGE][PASSED] - Browser is opened with url: ''

12-01-2024T14:01:23 - [TEST_STEP][PASSED] - navigateToUrl("https://demoqa.com/automation-practice-form"): Navigate to 'https://demoqa.com/automation-practice-form' successfully

12-01-2024T14:01:28 - [MESSAGE][PASSED] - Navigate to 'https://demoqa.com/automation-practice-form' successfully

12-01-2024T14:01:28 - [TEST_STEP][PASSED] - check(findTestObject("Object Repository/Check_box/Page_DEMOQA/label_Male")): Object 'Object Repository/Check_box/Page_DEMOQA/label_Male' is checked

12-01-2024T14:01:30 - [MESSAGE][PASSED] - Object 'Object Repository/Check_box/Page_DEMOQA/label_Male' is checked

12-01-2024T14:01:30 - [TEST_STEP][PASSED] - delay(tiempo): Delayed 3 second(s)

12-01-2024T14:01:33 - [MESSAGE][PASSED] - Delayed 3 second(s)

12-01-2024T14:01:33 - [TEST_STEP][PASSED] - check(findTestObject("Object Repository/Check_box/Page_DEMOQA/label_Sports")): Object 'Object Repository/Check_box/Page_DEMOQA/label_Sports' is checked

12-01-2024T14:01:36 - [MESSAGE][PASSED] - Object 'Object Repository/Check_box/Page_DEMOQA/label_Sports' is checked

12-01-2024T14:01:36 - [TEST_STEP][PASSED] - delay(tiempo): Delayed 3 second(s)

12-01-2024T14:01:39 - [MESSAGE][PASSED] - Delayed 3 second(s)

12-01-2024T14:01:39 - [TEST_STEP][PASSED] - closeBrowser(): Browser is closed

12-01-2024T14:01:48 - [MESSAGE][PASSED] - Browser is closed]]></system-out>
         <system-err><![CDATA[]]></system-err>
      </testcase>
      <testcase name="Test Cases/Links_Buttons/Links" time="16.234" classname="Test Cases/Links_Buttons/Links" status="PASSED">
         <system-out><![CDATA[12-01-2024T14:01:48 - [TEST_CASE][PASSED] - Test Cases/Links_Buttons/Links: Test Cases/Links_Buttons/Links

12-01-2024T14:01:48 - [TEST_STEP][PASSED] - openBrowser(""): Browser is opened with url: ''

12-01-2024T14:01:48 - [MESSAGE][INFO] - Starting 'Chrome' driver

12-01-2024T14:01:48 - [MESSAGE][INFO] - Action delay is set to 0 milliseconds

12-01-2024T14:01:51 - [MESSAGE][PASSED] - Browser is opened with url: ''

12-01-2024T14:01:51 - [TEST_STEP][PASSED] - navigateToUrl("https://demoqa.com/automation-practice-form"): Navigate to 'https://demoqa.com/automation-practice-form' successfully

12-01-2024T14:01:58 - [MESSAGE][PASSED] - Navigate to 'https://demoqa.com/automation-practice-form' successfully

12-01-2024T14:01:58 - [TEST_STEP][PASSED] - click(findTestObject("Links_buttons/Page_DEMOQA/Links")): Object: 'Object Repository/Links_buttons/Page_DEMOQA/Links' is clicked on

12-01-2024T14:02:01 - [MESSAGE][PASSED] - Object: 'Object Repository/Links_buttons/Page_DEMOQA/Links' is clicked on

12-01-2024T14:02:01 - [TEST_STEP][PASSED] - closeBrowser(): Browser is closed

12-01-2024T14:02:04 - [MESSAGE][PASSED] - Browser is closed]]></system-out>
         <system-err><![CDATA[]]></system-err>
      </testcase>
      <testcase name="Test Cases/Mouse/Click_Derecho/Caso_click_derecho" time="31.644" classname="Test Cases/Mouse/Click_Derecho/Caso_click_derecho" status="PASSED">
         <system-out><![CDATA[12-01-2024T14:02:04 - [TEST_CASE][PASSED] - Test Cases/Mouse/Click_Derecho/Caso_click_derecho: Test Cases/Mouse/Click_Derecho/Caso_click_derecho

12-01-2024T14:02:04 - [TEST_STEP][PASSED] - openBrowser(""): Browser is opened with url: ''

12-01-2024T14:02:04 - [MESSAGE][INFO] - Starting 'Chrome' driver

12-01-2024T14:02:04 - [MESSAGE][INFO] - Action delay is set to 0 milliseconds

12-01-2024T14:02:09 - [MESSAGE][PASSED] - Browser is opened with url: ''

12-01-2024T14:02:09 - [TEST_STEP][PASSED] - navigateToUrl("https://demoqa.com/menu"): Navigate to 'https://demoqa.com/menu' successfully

12-01-2024T14:02:19 - [MESSAGE][PASSED] - Navigate to 'https://demoqa.com/menu' successfully

12-01-2024T14:02:19 - [TEST_STEP][PASSED] - maximizeWindow(): Current window maximized

12-01-2024T14:02:19 - [MESSAGE][PASSED] - Current window maximized

12-01-2024T14:02:19 - [TEST_STEP][PASSED] - waitForPageLoad(20): Wait for page load successfully

12-01-2024T14:02:20 - [MESSAGE][PASSED] - Wait for page load successfully

12-01-2024T14:02:20 - [TEST_STEP][PASSED] - mouseOver(findTestObject("Mouse/Mouse_over/elemento1")): Object: 'Object Repository/Mouse/Mouse_over/elemento1' is hovered

12-01-2024T14:02:22 - [MESSAGE][PASSED] - Object: 'Object Repository/Mouse/Mouse_over/elemento1' is hovered

12-01-2024T14:02:22 - [TEST_STEP][PASSED] - delay(3): Delayed 3 second(s)

12-01-2024T14:02:25 - [MESSAGE][PASSED] - Delayed 3 second(s)

12-01-2024T14:02:25 - [TEST_STEP][PASSED] - mouseOverOffset(findTestObject("Mouse/Mouse_over/elemento2"), 80, 0): Object: 'Object Repository/Mouse/Mouse_over/elemento2' is hovered using offset x = 80 and y = 0

12-01-2024T14:02:27 - [MESSAGE][PASSED] - Object: 'Object Repository/Mouse/Mouse_over/elemento2' is hovered using offset x = 80 and y = 0

12-01-2024T14:02:27 - [TEST_STEP][PASSED] - delay(0): Delayed 0 second(s)

12-01-2024T14:02:27 - [MESSAGE][PASSED] - Delayed 0 second(s)

12-01-2024T14:02:27 - [TEST_STEP][PASSED] - mouseOver(findTestObject("Mouse/Mouse_over/elemento3")): Object: 'Object Repository/Mouse/Mouse_over/elemento3' is hovered

12-01-2024T14:02:29 - [MESSAGE][PASSED] - Object: 'Object Repository/Mouse/Mouse_over/elemento3' is hovered

12-01-2024T14:02:29 - [TEST_STEP][PASSED] - delay(2): Delayed 2 second(s)

12-01-2024T14:02:31 - [MESSAGE][PASSED] - Delayed 2 second(s)

12-01-2024T14:02:31 - [TEST_STEP][PASSED] - closeBrowser(): Browser is closed

12-01-2024T14:02:36 - [MESSAGE][PASSED] - Browser is closed]]></system-out>
         <system-err><![CDATA[]]></system-err>
      </testcase>
      <testcase name="Test Cases/Mouse/Drap_and_drop/Caso_drap_and_drop" time="20.254" classname="Test Cases/Mouse/Drap_and_drop/Caso_drap_and_drop" status="PASSED">
         <system-out><![CDATA[12-01-2024T14:02:36 - [TEST_CASE][PASSED] - Test Cases/Mouse/Drap_and_drop/Caso_drap_and_drop: Test Cases/Mouse/Drap_and_drop/Caso_drap_and_drop

12-01-2024T14:02:36 - [TEST_STEP][PASSED] - openBrowser(""): Browser is opened with url: ''

12-01-2024T14:02:36 - [MESSAGE][INFO] - Starting 'Chrome' driver

12-01-2024T14:02:36 - [MESSAGE][INFO] - Action delay is set to 0 milliseconds

12-01-2024T14:02:39 - [MESSAGE][PASSED] - Browser is opened with url: ''

12-01-2024T14:02:39 - [TEST_STEP][PASSED] - navigateToUrl("https://demoqa.com/droppable/"): Navigate to 'https://demoqa.com/droppable/' successfully

12-01-2024T14:02:43 - [MESSAGE][PASSED] - Navigate to 'https://demoqa.com/droppable/' successfully

12-01-2024T14:02:43 - [TEST_STEP][PASSED] - maximizeWindow(): Current window maximized

12-01-2024T14:02:43 - [MESSAGE][PASSED] - Current window maximized

12-01-2024T14:02:43 - [TEST_STEP][PASSED] - dragAndDropToObject(findTestObject("Mouse/drap_and_drop/Objeto"), findTestObject("Object Repository/Mouse/drap_and_drop/Destino")): Dragged object with id 'Object Repository/Mouse/drap_and_drop/Objeto' to object with id 'TestObject - 'Object Repository/Mouse/drap_and_drop/Destino'' successfully

12-01-2024T14:02:49 - [MESSAGE][PASSED] - Dragged object with id 'Object Repository/Mouse/drap_and_drop/Objeto' to object with id 'TestObject - 'Object Repository/Mouse/drap_and_drop/Destino'' successfully

12-01-2024T14:02:49 - [TEST_STEP][PASSED] - delay(1): Delayed 1 second(s)

12-01-2024T14:02:50 - [MESSAGE][PASSED] - Delayed 1 second(s)

12-01-2024T14:02:50 - [TEST_STEP][PASSED] - closeBrowser(): Browser is closed

12-01-2024T14:02:56 - [MESSAGE][PASSED] - Browser is closed]]></system-out>
         <system-err><![CDATA[]]></system-err>
      </testcase>
      <testcase name="Test Cases/Mouse/Focus/Caso_focus" time="19.949" classname="Test Cases/Mouse/Focus/Caso_focus" status="PASSED">
         <system-out><![CDATA[12-01-2024T14:02:56 - [TEST_CASE][PASSED] - Test Cases/Mouse/Focus/Caso_focus: Test Cases/Mouse/Focus/Caso_focus

12-01-2024T14:02:57 - [TEST_STEP][PASSED] - openBrowser(""): Browser is opened with url: ''

12-01-2024T14:02:57 - [MESSAGE][INFO] - Starting 'Chrome' driver

12-01-2024T14:02:57 - [MESSAGE][INFO] - Action delay is set to 0 milliseconds

12-01-2024T14:03:00 - [MESSAGE][PASSED] - Browser is opened with url: ''

12-01-2024T14:03:00 - [TEST_STEP][PASSED] - navigateToUrl("https://demoqa.com/automation-practice-form"): Navigate to 'https://demoqa.com/automation-practice-form' successfully

12-01-2024T14:03:05 - [MESSAGE][PASSED] - Navigate to 'https://demoqa.com/automation-practice-form' successfully

12-01-2024T14:03:05 - [TEST_STEP][PASSED] - waitForPageLoad(20): Wait for page load successfully

12-01-2024T14:03:05 - [MESSAGE][PASSED] - Wait for page load successfully

12-01-2024T14:03:05 - [TEST_STEP][PASSED] - maximizeWindow(): Current window maximized

12-01-2024T14:03:07 - [MESSAGE][PASSED] - Current window maximized

12-01-2024T14:03:07 - [TEST_STEP][PASSED] - focus(findTestObject("Mouse/Focus/name")): Object: 'Object Repository/Mouse/Focus/name' is focused

12-01-2024T14:03:08 - [MESSAGE][PASSED] - Object: 'Object Repository/Mouse/Focus/name' is focused

12-01-2024T14:03:08 - [TEST_STEP][PASSED] - delay(1): Delayed 1 second(s)

12-01-2024T14:03:09 - [MESSAGE][PASSED] - Delayed 1 second(s)

12-01-2024T14:03:09 - [TEST_STEP][PASSED] - focus(findTestObject("Mouse/Focus/lastname")): Object: 'Object Repository/Mouse/Focus/lastname' is focused

12-01-2024T14:03:10 - [MESSAGE][PASSED] - Object: 'Object Repository/Mouse/Focus/lastname' is focused

12-01-2024T14:03:10 - [TEST_STEP][PASSED] - delay(1): Delayed 1 second(s)

12-01-2024T14:03:11 - [MESSAGE][PASSED] - Delayed 1 second(s)

12-01-2024T14:03:11 - [TEST_STEP][PASSED] - closeBrowser(): Browser is closed

12-01-2024T14:03:16 - [MESSAGE][PASSED] - Browser is closed]]></system-out>
         <system-err><![CDATA[]]></system-err>
      </testcase>
      <testcase name="Test Cases/Mouse/Mouse_doble_click/Case_mouse_doble_click" time="12.857" classname="Test Cases/Mouse/Mouse_doble_click/Case_mouse_doble_click" status="PASSED">
         <system-out><![CDATA[12-01-2024T14:03:16 - [TEST_CASE][PASSED] - Test Cases/Mouse/Mouse_doble_click/Case_mouse_doble_click: Test Cases/Mouse/Mouse_doble_click/Case_mouse_doble_click

12-01-2024T14:03:16 - [TEST_STEP][PASSED] - openBrowser(""): Browser is opened with url: ''

12-01-2024T14:03:16 - [MESSAGE][INFO] - Starting 'Chrome' driver

12-01-2024T14:03:16 - [MESSAGE][INFO] - Action delay is set to 0 milliseconds

12-01-2024T14:03:19 - [MESSAGE][PASSED] - Browser is opened with url: ''

12-01-2024T14:03:19 - [TEST_STEP][PASSED] - navigateToUrl("https://demos.telerik.com/aspnet-ajax/treeview/examples/overview/defaultcs.aspx"): Navigate to 'https://demos.telerik.com/aspnet-ajax/treeview/examples/overview/defaultcs.aspx' successfully

12-01-2024T14:03:20 - [MESSAGE][PASSED] - Navigate to 'https://demos.telerik.com/aspnet-ajax/treeview/examples/overview/defaultcs.aspx' successfully

12-01-2024T14:03:20 - [TEST_STEP][PASSED] - maximizeWindow(): Current window maximized

12-01-2024T14:03:24 - [MESSAGE][PASSED] - Current window maximized

12-01-2024T14:03:24 - [TEST_STEP][PASSED] - waitForPageLoad(30): Wait for page load successfully

12-01-2024T14:03:25 - [MESSAGE][PASSED] - Wait for page load successfully

12-01-2024T14:03:25 - [TEST_STEP][PASSED] - waitForElementClickable(findTestObject("Mouse/Mouse_doble_click/Page_Telerik Web UI TreeView WebForms TreeV_78f562/span_Island"), 30): Object 'Object Repository/Mouse/Mouse_doble_click/Page_Telerik Web UI TreeView WebForms TreeV_78f562/span_Island' is clickable

12-01-2024T14:03:28 - [MESSAGE][PASSED] - Object 'Object Repository/Mouse/Mouse_doble_click/Page_Telerik Web UI TreeView WebForms TreeV_78f562/span_Island' is clickable

12-01-2024T14:03:28 - [TEST_STEP][PASSED] - doubleClick(findTestObject("Object Repository/Mouse/Mouse_doble_click/Page_Telerik Web UI TreeView WebForms TreeV_78f562/span_Island")): Object: 'Object Repository/Mouse/Mouse_doble_click/Page_Telerik Web UI TreeView WebForms TreeV_78f562/span_Island' is double clicked on

12-01-2024T14:03:28 - [MESSAGE][PASSED] - Object: 'Object Repository/Mouse/Mouse_doble_click/Page_Telerik Web UI TreeView WebForms TreeV_78f562/span_Island' is double clicked on

12-01-2024T14:03:28 - [TEST_STEP][PASSED] - closeBrowser(): Browser is closed

12-01-2024T14:03:29 - [MESSAGE][PASSED] - Browser is closed]]></system-out>
         <system-err><![CDATA[]]></system-err>
      </testcase>
      <testcase name="Test Cases/Mouse/Mouse_over/Caso_Mouse_over for offset" time="15.792" classname="Test Cases/Mouse/Mouse_over/Caso_Mouse_over for offset" status="PASSED">
         <system-out><![CDATA[12-01-2024T14:03:29 - [TEST_CASE][PASSED] - Test Cases/Mouse/Mouse_over/Caso_Mouse_over for offset: Test Cases/Mouse/Mouse_over/Caso_Mouse_over for offset

12-01-2024T14:03:29 - [TEST_STEP][PASSED] - openBrowser(""): Browser is opened with url: ''

12-01-2024T14:03:29 - [MESSAGE][INFO] - Starting 'Chrome' driver

12-01-2024T14:03:29 - [MESSAGE][INFO] - Action delay is set to 0 milliseconds

12-01-2024T14:03:31 - [MESSAGE][PASSED] - Browser is opened with url: ''

12-01-2024T14:03:31 - [TEST_STEP][PASSED] - navigateToUrl("https://demoqa.com/menu"): Navigate to 'https://demoqa.com/menu' successfully

12-01-2024T14:03:31 - [MESSAGE][PASSED] - Navigate to 'https://demoqa.com/menu' successfully

12-01-2024T14:03:31 - [TEST_STEP][PASSED] - maximizeWindow(): Current window maximized

12-01-2024T14:03:34 - [MESSAGE][PASSED] - Current window maximized

12-01-2024T14:03:34 - [TEST_STEP][PASSED] - waitForPageLoad(20): Wait for page load successfully

12-01-2024T14:03:34 - [MESSAGE][PASSED] - Wait for page load successfully

12-01-2024T14:03:34 - [TEST_STEP][PASSED] - mouseOver(findTestObject("Mouse/Mouse_over/elemento1")): Object: 'Object Repository/Mouse/Mouse_over/elemento1' is hovered

12-01-2024T14:03:36 - [MESSAGE][PASSED] - Object: 'Object Repository/Mouse/Mouse_over/elemento1' is hovered

12-01-2024T14:03:36 - [TEST_STEP][PASSED] - rightClick(findTestObject("Mouse/Mouse_over/elemento1")): Object: 'Object Repository/Mouse/Mouse_over/elemento1' is right clicked on

12-01-2024T14:03:37 - [MESSAGE][PASSED] - Object: 'Object Repository/Mouse/Mouse_over/elemento1' is right clicked on

12-01-2024T14:03:37 - [TEST_STEP][PASSED] - delay(3): Delayed 3 second(s)

12-01-2024T14:03:40 - [MESSAGE][PASSED] - Delayed 3 second(s)

12-01-2024T14:03:41 - [TEST_STEP][PASSED] - mouseOverOffset(findTestObject("Mouse/Mouse_over/elemento2"), 80, 0): Object: 'Object Repository/Mouse/Mouse_over/elemento2' is hovered using offset x = 80 and y = 0

12-01-2024T14:03:41 - [MESSAGE][PASSED] - Object: 'Object Repository/Mouse/Mouse_over/elemento2' is hovered using offset x = 80 and y = 0

12-01-2024T14:03:41 - [TEST_STEP][PASSED] - delay(0): Delayed 0 second(s)

12-01-2024T14:03:41 - [MESSAGE][PASSED] - Delayed 0 second(s)

12-01-2024T14:03:41 - [TEST_STEP][PASSED] - mouseOver(findTestObject("Mouse/Mouse_over/elemento3")): Object: 'Object Repository/Mouse/Mouse_over/elemento3' is hovered

12-01-2024T14:03:42 - [MESSAGE][PASSED] - Object: 'Object Repository/Mouse/Mouse_over/elemento3' is hovered

12-01-2024T14:03:42 - [TEST_STEP][PASSED] - delay(2): Delayed 2 second(s)

12-01-2024T14:03:44 - [MESSAGE][PASSED] - Delayed 2 second(s)

12-01-2024T14:03:44 - [TEST_STEP][PASSED] - closeBrowser(): Browser is closed

12-01-2024T14:03:45 - [MESSAGE][PASSED] - Browser is closed]]></system-out>
         <system-err><![CDATA[]]></system-err>
      </testcase>
      <testcase name="Test Cases/Mouse/Mouse_over/Caso_Mouse_over" time="12.814" classname="Test Cases/Mouse/Mouse_over/Caso_Mouse_over" status="PASSED">
         <system-out><![CDATA[12-01-2024T14:03:45 - [TEST_CASE][PASSED] - Test Cases/Mouse/Mouse_over/Caso_Mouse_over: Test Cases/Mouse/Mouse_over/Caso_Mouse_over

12-01-2024T14:03:45 - [TEST_STEP][PASSED] - openBrowser(""): Browser is opened with url: ''

12-01-2024T14:03:45 - [MESSAGE][INFO] - Starting 'Chrome' driver

12-01-2024T14:03:45 - [MESSAGE][INFO] - Action delay is set to 0 milliseconds

12-01-2024T14:03:47 - [MESSAGE][PASSED] - Browser is opened with url: ''

12-01-2024T14:03:47 - [TEST_STEP][PASSED] - navigateToUrl("https://demoqa.com/menu"): Navigate to 'https://demoqa.com/menu' successfully

12-01-2024T14:03:47 - [MESSAGE][PASSED] - Navigate to 'https://demoqa.com/menu' successfully

12-01-2024T14:03:47 - [TEST_STEP][PASSED] - maximizeWindow(): Current window maximized

12-01-2024T14:03:52 - [MESSAGE][PASSED] - Current window maximized

12-01-2024T14:03:52 - [TEST_STEP][PASSED] - waitForPageLoad(0): Wait for page load successfully

12-01-2024T14:03:52 - [MESSAGE][WARNING] - Timeout '0' is invalid. Using default page load timeout: '30'

12-01-2024T14:03:52 - [MESSAGE][PASSED] - Wait for page load successfully

12-01-2024T14:03:52 - [TEST_STEP][PASSED] - mouseOver(findTestObject("Mouse/Mouse_over/elemento1")): Object: 'Object Repository/Mouse/Mouse_over/elemento1' is hovered

12-01-2024T14:03:53 - [MESSAGE][PASSED] - Object: 'Object Repository/Mouse/Mouse_over/elemento1' is hovered

12-01-2024T14:03:53 - [TEST_STEP][PASSED] - mouseOver(findTestObject("Mouse/Mouse_over/elemento2")): Object: 'Object Repository/Mouse/Mouse_over/elemento2' is hovered

12-01-2024T14:03:54 - [MESSAGE][PASSED] - Object: 'Object Repository/Mouse/Mouse_over/elemento2' is hovered

12-01-2024T14:03:54 - [TEST_STEP][PASSED] - mouseOver(findTestObject("Mouse/Mouse_over/elemento3")): Object: 'Object Repository/Mouse/Mouse_over/elemento3' is hovered

12-01-2024T14:03:55 - [MESSAGE][PASSED] - Object: 'Object Repository/Mouse/Mouse_over/elemento3' is hovered

12-01-2024T14:03:55 - [TEST_STEP][PASSED] - delay(2): Delayed 2 second(s)

12-01-2024T14:03:57 - [MESSAGE][PASSED] - Delayed 2 second(s)

12-01-2024T14:03:57 - [TEST_STEP][PASSED] - closeBrowser(): Browser is closed

12-01-2024T14:03:57 - [MESSAGE][PASSED] - Browser is closed]]></system-out>
         <system-err><![CDATA[]]></system-err>
      </testcase>
      <system-out><![CDATA[12-01-2024T14:00:42 - [TEST_SUITE][PASSED] - Test_Suite_1: Test Cases/Mouse/Mouse_over/Caso_Mouse_over]]></system-out>
      <system-err><![CDATA[]]></system-err>
   </testsuite>
   <testsuite name="Test_Suite_3" tests="5" failures="0" errors="0" time="153.954" skipped="0" timestamp="12-01-2024T14:00:46" hostname="daniela.feliciano - vass-06956.VASS.INET" id="Test Suites/Test_Suite_3">
      <properties>
         <property name="deviceName" value=""/>
         <property name="devicePlatform" value=""/>
         <property name="logFolder" value="C:\\KATALON\\Proyectos\\Proyecto_uno\\Reports\\20240112_140014\\Test_Suite_3\\20240112_140019"/>
         <property name="logFiles" value="C:\\KATALON\\Proyectos\\Proyecto_uno\\Reports\\20240112_140014\\Test_Suite_3\\20240112_140019\\execution0.log"/>
         <property name="attachments" value=""/>
         <property name="hostName" value="daniela.feliciano - vass-06956.VASS.INET"/>
         <property name="os" value="Windows 10 64bit"/>
         <property name="katalonVersion" value="9.2.0.212"/>
         <property name="browser" value="Chrome 120.0.0.0"/>
         <property name="hostAddress" value="192.168.1.57"/>
         <property name="sessionId" value="def2a7694ae4744466b17bca5490b6eb"/>
         <property name="seleniumVersion" value="3.141.59"/>
         <property name="proxyInformation" value="ProxyInformation { proxyOption=NO_PROXY, proxyServerType=HTTP, username=, password=********, proxyServerAddress=, proxyServerPort=0, executionList=&quot;&quot;, isApplyToDesiredCapabilities=true }"/>
         <property name="platform" value="Windows 10"/>
      </properties>
      <testcase name="Test Cases/Reto_1/Reto_1" time="39.965" classname="Test Cases/Reto_1/Reto_1" status="PASSED">
         <system-out><![CDATA[12-01-2024T14:00:48 - [TEST_CASE][PASSED] - Test Cases/Reto_1/Reto_1: Test Cases/Reto_1/Reto_1

12-01-2024T14:00:49 - [TEST_STEP][PASSED] - openBrowser(""): Browser is opened with url: ''

12-01-2024T14:00:50 - [MESSAGE][INFO] - Starting 'Chrome' driver

12-01-2024T14:00:51 - [MESSAGE][INFO] - Action delay is set to 0 milliseconds

12-01-2024T14:00:58 - [MESSAGE][PASSED] - Browser is opened with url: ''

12-01-2024T14:00:58 - [TEST_STEP][PASSED] - navigateToUrl("https://demoqa.com/"): Navigate to 'https://demoqa.com/' successfully

12-01-2024T14:01:04 - [MESSAGE][PASSED] - Navigate to 'https://demoqa.com/' successfully

12-01-2024T14:01:04 - [TEST_STEP][PASSED] - maximizeWindow(): Current window maximized

12-01-2024T14:01:07 - [MESSAGE][PASSED] - Current window maximized

12-01-2024T14:01:07 - [TEST_STEP][PASSED] - click(findTestObject("Object Repository/Reto_1/Page_DEMOQA/div_card-up")): Object: 'Object Repository/Reto_1/Page_DEMOQA/div_card-up' is clicked on

12-01-2024T14:01:10 - [MESSAGE][PASSED] - Object: 'Object Repository/Reto_1/Page_DEMOQA/div_card-up' is clicked on

12-01-2024T14:01:10 - [TEST_STEP][PASSED] - click(findTestObject("Object Repository/Reto_1/Page_DEMOQA/span_Check Box")): Object: 'Object Repository/Reto_1/Page_DEMOQA/span_Check Box' is clicked on

12-01-2024T14:01:12 - [MESSAGE][PASSED] - Object: 'Object Repository/Reto_1/Page_DEMOQA/span_Check Box' is clicked on

12-01-2024T14:01:12 - [TEST_STEP][PASSED] - click(findTestObject("Object Repository/Reto_1/Page_DEMOQA/span_rct-checkbox")): Object: 'Object Repository/Reto_1/Page_DEMOQA/span_rct-checkbox' is clicked on

12-01-2024T14:01:13 - [MESSAGE][PASSED] - Object: 'Object Repository/Reto_1/Page_DEMOQA/span_rct-checkbox' is clicked on

12-01-2024T14:01:13 - [TEST_STEP][PASSED] - click(findTestObject("Object Repository/Reto_1/Page_DEMOQA/button_rct-collapse rct-collapse-btn")): Object: 'Object Repository/Reto_1/Page_DEMOQA/button_rct-collapse rct-collapse-btn' is clicked on

12-01-2024T14:01:14 - [MESSAGE][PASSED] - Object: 'Object Repository/Reto_1/Page_DEMOQA/button_rct-collapse rct-collapse-btn' is clicked on

12-01-2024T14:01:14 - [TEST_STEP][PASSED] - click(findTestObject("Object Repository/Reto_1/Page_DEMOQA/span_Radio Button")): Object: 'Object Repository/Reto_1/Page_DEMOQA/span_Radio Button' is clicked on

12-01-2024T14:01:16 - [MESSAGE][PASSED] - Object: 'Object Repository/Reto_1/Page_DEMOQA/span_Radio Button' is clicked on

12-01-2024T14:01:16 - [TEST_STEP][PASSED] - click(findTestObject("Object Repository/Reto_1/Page_DEMOQA/label_Yes")): Object: 'Object Repository/Reto_1/Page_DEMOQA/label_Yes' is clicked on

12-01-2024T14:01:17 - [MESSAGE][PASSED] - Object: 'Object Repository/Reto_1/Page_DEMOQA/label_Yes' is clicked on

12-01-2024T14:01:17 - [TEST_STEP][PASSED] - click(findTestObject("Object Repository/Reto_1/Page_DEMOQA/label_Impressive")): Object: 'Object Repository/Reto_1/Page_DEMOQA/label_Impressive' is clicked on

12-01-2024T14:01:18 - [MESSAGE][PASSED] - Object: 'Object Repository/Reto_1/Page_DEMOQA/label_Impressive' is clicked on

12-01-2024T14:01:18 - [TEST_STEP][PASSED] - click(findTestObject("Object Repository/Reto_1/Page_DEMOQA/div_Radio Button")): Object: 'Object Repository/Reto_1/Page_DEMOQA/div_Radio Button' is clicked on

12-01-2024T14:01:18 - [MESSAGE][PASSED] - Object: 'Object Repository/Reto_1/Page_DEMOQA/div_Radio Button' is clicked on

12-01-2024T14:01:18 - [TEST_STEP][PASSED] - verifyElementVisible(findTestObject("Reto_1/Page_DEMOQA/div_Radio Button")): Object 'Object Repository/Reto_1/Page_DEMOQA/div_Radio Button' is visible

12-01-2024T14:01:19 - [MESSAGE][PASSED] - Object 'Object Repository/Reto_1/Page_DEMOQA/div_Radio Button' is visible

12-01-2024T14:01:19 - [TEST_STEP][PASSED] - verifyElementText(findTestObject("Reto_1/Page_DEMOQA/div_Radio Button"), "Radio Button"): Actual text and expected text of test object 'Object Repository/Reto_1/Page_DEMOQA/div_Radio Button' are matched.

12-01-2024T14:01:21 - [MESSAGE][PASSED] - Actual text and expected text of test object 'Object Repository/Reto_1/Page_DEMOQA/div_Radio Button' are matched.

12-01-2024T14:01:21 - [TEST_STEP][PASSED] - closeBrowser(): Browser is closed

12-01-2024T14:01:28 - [MESSAGE][PASSED] - Browser is closed]]></system-out>
         <system-err><![CDATA[]]></system-err>
      </testcase>
      <testcase name="Test Cases/Reto_obj_xpath/Caso_reto_xpath" time="35.94" classname="Test Cases/Reto_obj_xpath/Caso_reto_xpath" status="PASSED">
         <system-out><![CDATA[12-01-2024T14:01:28 - [TEST_CASE][PASSED] - Test Cases/Reto_obj_xpath/Caso_reto_xpath: Test Cases/Reto_obj_xpath/Caso_reto_xpath

12-01-2024T14:01:28 - [TEST_STEP][PASSED] - openBrowser(""): Browser is opened with url: ''

12-01-2024T14:01:28 - [MESSAGE][INFO] - Starting 'Chrome' driver

12-01-2024T14:01:28 - [MESSAGE][INFO] - Action delay is set to 0 milliseconds

12-01-2024T14:01:31 - [MESSAGE][PASSED] - Browser is opened with url: ''

12-01-2024T14:01:31 - [TEST_STEP][PASSED] - navigateToUrl("https://demoqa.com/automation-practice-form"): Navigate to 'https://demoqa.com/automation-practice-form' successfully

12-01-2024T14:01:38 - [MESSAGE][PASSED] - Navigate to 'https://demoqa.com/automation-practice-form' successfully

12-01-2024T14:01:38 - [TEST_STEP][PASSED] - setViewPortSize(200, 900): Viewport is set to new size with width = 200 and height = 900

12-01-2024T14:01:41 - [MESSAGE][PASSED] - Viewport is set to new size with width = 200 and height = 900

12-01-2024T14:01:41 - [TEST_STEP][PASSED] - setText(findTestObject("Reto_obj_xpath/First_name"), "Daniela"): Text 'Daniela' is set on object 'Object Repository/Reto_obj_xpath/First_name'

12-01-2024T14:01:43 - [MESSAGE][PASSED] - Text 'Daniela' is set on object 'Object Repository/Reto_obj_xpath/First_name'

12-01-2024T14:01:43 - [TEST_STEP][PASSED] - setText(findTestObject("Reto_obj_xpath/Last_name"), "Feliciano"): Text 'Feliciano' is set on object 'Object Repository/Reto_obj_xpath/Last_name'

12-01-2024T14:01:45 - [MESSAGE][PASSED] - Text 'Feliciano' is set on object 'Object Repository/Reto_obj_xpath/Last_name'

12-01-2024T14:01:45 - [TEST_STEP][PASSED] - setText(findTestObject("Reto_obj_xpath/email"), "daniela@gmail.com"): Text 'daniela@gmail.com' is set on object 'Object Repository/Reto_obj_xpath/email'

12-01-2024T14:01:46 - [MESSAGE][PASSED] - Text 'daniela@gmail.com' is set on object 'Object Repository/Reto_obj_xpath/email'

12-01-2024T14:01:46 - [TEST_STEP][PASSED] - check(findTestObject("Reto_obj_xpath/Famele")): Object 'Object Repository/Reto_obj_xpath/Famele' is checked

12-01-2024T14:01:47 - [MESSAGE][PASSED] - Object 'Object Repository/Reto_obj_xpath/Famele' is checked

12-01-2024T14:01:47 - [TEST_STEP][PASSED] - delay(2): Delayed 2 second(s)

12-01-2024T14:01:49 - [MESSAGE][PASSED] - Delayed 2 second(s)

12-01-2024T14:01:49 - [TEST_STEP][PASSED] - scrollToElement(findTestObject("Reto_obj_xpath/sumit"), 2): Scroll to object 'Object Repository/Reto_obj_xpath/sumit' successfully

12-01-2024T14:01:51 - [MESSAGE][PASSED] - Scroll to object 'Object Repository/Reto_obj_xpath/sumit' successfully

12-01-2024T14:01:51 - [TEST_STEP][PASSED] - delay(3): Delayed 3 second(s)

12-01-2024T14:01:54 - [MESSAGE][PASSED] - Delayed 3 second(s)

12-01-2024T14:01:54 - [TEST_STEP][PASSED] - click(findTestObject("Reto_obj_xpath/sumit")): Object: 'Object Repository/Reto_obj_xpath/sumit' is clicked on

12-01-2024T14:01:58 - [MESSAGE][PASSED] - Object: 'Object Repository/Reto_obj_xpath/sumit' is clicked on

12-01-2024T14:01:58 - [TEST_STEP][PASSED] - delay(3): Delayed 3 second(s)

12-01-2024T14:02:01 - [MESSAGE][PASSED] - Delayed 3 second(s)

12-01-2024T14:02:01 - [TEST_STEP][PASSED] - closeBrowser(): Browser is closed

12-01-2024T14:02:03 - [MESSAGE][PASSED] - Browser is closed]]></system-out>
         <system-err><![CDATA[]]></system-err>
      </testcase>
      <testcase name="Test Cases/Reto_select/Caso_reto_select" time="42.376" classname="Test Cases/Reto_select/Caso_reto_select" status="PASSED">
         <system-out><![CDATA[12-01-2024T14:02:04 - [TEST_CASE][PASSED] - Test Cases/Reto_select/Caso_reto_select: Test Cases/Reto_select/Caso_reto_select

12-01-2024T14:02:04 - [TEST_STEP][PASSED] - openBrowser(""): Browser is opened with url: ''

12-01-2024T14:02:04 - [MESSAGE][INFO] - Starting 'Chrome' driver

12-01-2024T14:02:04 - [MESSAGE][INFO] - Action delay is set to 0 milliseconds

12-01-2024T14:02:06 - [MESSAGE][PASSED] - Browser is opened with url: ''

12-01-2024T14:02:06 - [TEST_STEP][PASSED] - navigateToUrl("https://testsheepnz.github.io/BasicCalculator.html"): Navigate to 'https://testsheepnz.github.io/BasicCalculator.html' successfully

12-01-2024T14:02:09 - [MESSAGE][PASSED] - Navigate to 'https://testsheepnz.github.io/BasicCalculator.html' successfully

12-01-2024T14:02:09 - [TEST_STEP][PASSED] - scrollToElement(findTestObject("Reto_select/campo_1"), 0): Scroll to object 'Object Repository/Reto_select/campo_1' successfully

12-01-2024T14:02:09 - [MESSAGE][WARNING] - Timeout '0' is invalid. Using default page load timeout: '30'

12-01-2024T14:02:10 - [MESSAGE][PASSED] - Scroll to object 'Object Repository/Reto_select/campo_1' successfully

12-01-2024T14:02:10 - [TEST_STEP][PASSED] - setText(findTestObject("Reto_select/campo_1"), "10"): Text '10' is set on object 'Object Repository/Reto_select/campo_1'

12-01-2024T14:02:13 - [MESSAGE][PASSED] - Text '10' is set on object 'Object Repository/Reto_select/campo_1'

12-01-2024T14:02:13 - [TEST_STEP][PASSED] - setText(findTestObject("Reto_select/campo_2"), "5"): Text '5' is set on object 'Object Repository/Reto_select/campo_2'

12-01-2024T14:02:18 - [MESSAGE][PASSED] - Text '5' is set on object 'Object Repository/Reto_select/campo_2'

12-01-2024T14:02:18 - [TEST_STEP][PASSED] - selectOptionByLabel(findTestObject("Reto_select/select"), "Multiply", false): All options with label 'Multiply' are selected in object 'Object Repository/Reto_select/select' 

12-01-2024T14:02:21 - [MESSAGE][PASSED] - All options with label 'Multiply' are selected in object 'Object Repository/Reto_select/select' 

12-01-2024T14:02:21 - [TEST_STEP][PASSED] - click(findTestObject("Reto_select/calculate")): Object: 'Object Repository/Reto_select/calculate' is clicked on

12-01-2024T14:02:22 - [MESSAGE][PASSED] - Object: 'Object Repository/Reto_select/calculate' is clicked on

12-01-2024T14:02:22 - [TEST_STEP][PASSED] - delay(3): Delayed 3 second(s)

12-01-2024T14:02:25 - [MESSAGE][PASSED] - Delayed 3 second(s)

12-01-2024T14:02:25 - [TEST_STEP][PASSED] - click(findTestObject("Reto_select/clear")): Object: 'Object Repository/Reto_select/clear' is clicked on

12-01-2024T14:02:27 - [MESSAGE][PASSED] - Object: 'Object Repository/Reto_select/clear' is clicked on

12-01-2024T14:02:27 - [TEST_STEP][PASSED] - setText(findTestObject("Reto_select/campo_1"), "50"): Text '50' is set on object 'Object Repository/Reto_select/campo_1'

12-01-2024T14:02:30 - [MESSAGE][PASSED] - Text '50' is set on object 'Object Repository/Reto_select/campo_1'

12-01-2024T14:02:30 - [TEST_STEP][PASSED] - setText(findTestObject("Reto_select/campo_2"), "5"): Text '5' is set on object 'Object Repository/Reto_select/campo_2'

12-01-2024T14:02:32 - [MESSAGE][PASSED] - Text '5' is set on object 'Object Repository/Reto_select/campo_2'

12-01-2024T14:02:33 - [TEST_STEP][PASSED] - selectOptionByLabel(findTestObject("Reto_select/select"), "Divide", false): All options with label 'Divide' are selected in object 'Object Repository/Reto_select/select' 

12-01-2024T14:02:34 - [MESSAGE][PASSED] - All options with label 'Divide' are selected in object 'Object Repository/Reto_select/select' 

12-01-2024T14:02:34 - [TEST_STEP][PASSED] - click(findTestObject("Reto_select/calculate")): Object: 'Object Repository/Reto_select/calculate' is clicked on

12-01-2024T14:02:34 - [MESSAGE][PASSED] - Object: 'Object Repository/Reto_select/calculate' is clicked on

12-01-2024T14:02:34 - [TEST_STEP][PASSED] - delay(3): Delayed 3 second(s)

12-01-2024T14:02:37 - [MESSAGE][PASSED] - Delayed 3 second(s)

12-01-2024T14:02:37 - [TEST_STEP][PASSED] - click(findTestObject("Reto_select/clear")): Object: 'Object Repository/Reto_select/clear' is clicked on

12-01-2024T14:02:39 - [MESSAGE][PASSED] - Object: 'Object Repository/Reto_select/clear' is clicked on

12-01-2024T14:02:39 - [TEST_STEP][PASSED] - delay(3): Delayed 3 second(s)

12-01-2024T14:02:42 - [MESSAGE][PASSED] - Delayed 3 second(s)

12-01-2024T14:02:42 - [TEST_STEP][PASSED] - closeBrowser(): Browser is closed

12-01-2024T14:02:46 - [MESSAGE][PASSED] - Browser is closed]]></system-out>
         <system-err><![CDATA[]]></system-err>
      </testcase>
      <testcase name="Test Cases/Reto_spy_web_1/Caso_reto_spy_web" time="34.174" classname="Test Cases/Reto_spy_web_1/Caso_reto_spy_web" status="PASSED">
         <system-out><![CDATA[12-01-2024T14:02:46 - [TEST_CASE][PASSED] - Test Cases/Reto_spy_web_1/Caso_reto_spy_web: Test Cases/Reto_spy_web_1/Caso_reto_spy_web

12-01-2024T14:02:46 - [TEST_STEP][PASSED] - openBrowser(""): Browser is opened with url: ''

12-01-2024T14:02:46 - [MESSAGE][INFO] - Starting 'Chrome' driver

12-01-2024T14:02:46 - [MESSAGE][INFO] - Action delay is set to 0 milliseconds

12-01-2024T14:02:52 - [MESSAGE][PASSED] - Browser is opened with url: ''

12-01-2024T14:02:52 - [TEST_STEP][PASSED] - navigateToUrl("http://opencart.abstracta.us"): Navigate to 'http://opencart.abstracta.us' successfully

12-01-2024T14:02:56 - [MESSAGE][PASSED] - Navigate to 'http://opencart.abstracta.us' successfully

12-01-2024T14:02:56 - [TEST_STEP][PASSED] - maximizeWindow(): Current window maximized

12-01-2024T14:02:56 - [MESSAGE][PASSED] - Current window maximized

12-01-2024T14:02:56 - [TEST_STEP][PASSED] - scrollToPosition(0, 150): Browser is scrolled to position x = 0, y = 150

12-01-2024T14:02:57 - [MESSAGE][PASSED] - Browser is scrolled to position x = 0, y = 150

12-01-2024T14:02:57 - [TEST_STEP][PASSED] - click(findTestObject("Reto_Spy_web_1/Page_Your Store/a_MacBook")): Object: 'Object Repository/Reto_Spy_web_1/Page_Your Store/a_MacBook' is clicked on

12-01-2024T14:02:59 - [MESSAGE][PASSED] - Object: 'Object Repository/Reto_Spy_web_1/Page_Your Store/a_MacBook' is clicked on

12-01-2024T14:02:59 - [TEST_STEP][PASSED] - click(findTestObject("Reto_Spy_web_1/Page_MacBook/img")): Object: 'Object Repository/Reto_Spy_web_1/Page_MacBook/img' is clicked on

12-01-2024T14:03:01 - [MESSAGE][PASSED] - Object: 'Object Repository/Reto_Spy_web_1/Page_MacBook/img' is clicked on

12-01-2024T14:03:01 - [TEST_STEP][PASSED] - click(findTestObject("Reto_Spy_web_1/Page_MacBook/button_")): Object: 'Object Repository/Reto_Spy_web_1/Page_MacBook/button_' is clicked on

12-01-2024T14:03:04 - [MESSAGE][PASSED] - Object: 'Object Repository/Reto_Spy_web_1/Page_MacBook/button_' is clicked on

12-01-2024T14:03:04 - [TEST_STEP][PASSED] - setText(findTestObject("Reto_Spy_web_1/Page_MacBook/input_Qty_quantity"), "3"): Text '3' is set on object 'Object Repository/Reto_Spy_web_1/Page_MacBook/input_Qty_quantity'

12-01-2024T14:03:06 - [MESSAGE][PASSED] - Text '3' is set on object 'Object Repository/Reto_Spy_web_1/Page_MacBook/input_Qty_quantity'

12-01-2024T14:03:06 - [TEST_STEP][PASSED] - click(findTestObject("Reto_Spy_web_1/Page_MacBook/button_Add to Cart")): Object: 'Object Repository/Reto_Spy_web_1/Page_MacBook/button_Add to Cart' is clicked on

12-01-2024T14:03:08 - [MESSAGE][PASSED] - Object: 'Object Repository/Reto_Spy_web_1/Page_MacBook/button_Add to Cart' is clicked on

12-01-2024T14:03:08 - [TEST_STEP][PASSED] - click(findTestObject("Reto_Spy_web_1/Page_MacBook/button_3 item(s) - 1,806.00")): Object: 'Object Repository/Reto_Spy_web_1/Page_MacBook/button_3 item(s) - 1,806.00' is clicked on

12-01-2024T14:03:09 - [MESSAGE][PASSED] - Object: 'Object Repository/Reto_Spy_web_1/Page_MacBook/button_3 item(s) - 1,806.00' is clicked on

12-01-2024T14:03:09 - [TEST_STEP][PASSED] - click(findTestObject("Reto_Spy_web_1/Page_MacBook/strong_View Cart")): Object: 'Object Repository/Reto_Spy_web_1/Page_MacBook/strong_View Cart' is clicked on

12-01-2024T14:03:11 - [MESSAGE][PASSED] - Object: 'Object Repository/Reto_Spy_web_1/Page_MacBook/strong_View Cart' is clicked on

12-01-2024T14:03:11 - [TEST_STEP][PASSED] - click(findTestObject("Reto_Spy_web_1/Page_Shopping Cart/a_Checkout")): Object: 'Object Repository/Reto_Spy_web_1/Page_Shopping Cart/a_Checkout' is clicked on

12-01-2024T14:03:14 - [MESSAGE][PASSED] - Object: 'Object Repository/Reto_Spy_web_1/Page_Shopping Cart/a_Checkout' is clicked on

12-01-2024T14:03:14 - [TEST_STEP][PASSED] - closeBrowser(): Browser is closed

12-01-2024T14:03:20 - [MESSAGE][PASSED] - Browser is closed]]></system-out>
         <system-err><![CDATA[]]></system-err>
      </testcase>
      <testcase name="Test Cases/Reto_test_script/Caso_test_script" time="0.223" classname="Test Cases/Reto_test_script/Caso_test_script" status="PASSED">
         <system-out><![CDATA[12-01-2024T14:03:20 - [TEST_CASE][PASSED] - Test Cases/Reto_test_script/Caso_test_script: Test Cases/Reto_test_script/Caso_test_script

12-01-2024T14:03:20 - [TEST_STEP][PASSED] - return null: null]]></system-out>
         <system-err><![CDATA[]]></system-err>
      </testcase>
      <system-out><![CDATA[12-01-2024T14:00:46 - [TEST_SUITE][PASSED] - Test_Suite_3: Test Cases/Reto_test_script/Caso_test_script]]></system-out>
      <system-err><![CDATA[]]></system-err>
   </testsuite>
   <testsuite name="Test_Suite_4" tests="7" failures="0" errors="0" time="185.332" skipped="0" timestamp="12-01-2024T14:00:48" hostname="daniela.feliciano - vass-06956.VASS.INET" id="Test Suites/Test_Suite_4">
      <properties>
         <property name="deviceName" value=""/>
         <property name="devicePlatform" value=""/>
         <property name="logFolder" value="C:\\KATALON\\Proyectos\\Proyecto_uno\\Reports\\20240112_140014\\Test_Suite_4\\20240112_140021"/>
         <property name="logFiles" value="C:\\KATALON\\Proyectos\\Proyecto_uno\\Reports\\20240112_140014\\Test_Suite_4\\20240112_140021\\execution0.log"/>
         <property name="attachments" value=""/>
         <property name="hostName" value="daniela.feliciano - vass-06956.VASS.INET"/>
         <property name="os" value="Windows 10 64bit"/>
         <property name="katalonVersion" value="9.2.0.212"/>
         <property name="browser" value="Chrome 120.0.0.0"/>
         <property name="hostAddress" value="192.168.1.57"/>
         <property name="sessionId" value="c60429de30ca91ea08372c5a3b757de1"/>
         <property name="seleniumVersion" value="3.141.59"/>
         <property name="proxyInformation" value="ProxyInformation { proxyOption=NO_PROXY, proxyServerType=HTTP, username=, password=********, proxyServerAddress=, proxyServerPort=0, executionList=&quot;&quot;, isApplyToDesiredCapabilities=true }"/>
         <property name="platform" value="Windows 10"/>
      </properties>
      <testcase name="Test Cases/Selects/Caso_Selects" time="28.09" classname="Test Cases/Selects/Caso_Selects" status="PASSED">
         <system-out><![CDATA[12-01-2024T14:00:49 - [TEST_CASE][PASSED] - Test Cases/Selects/Caso_Selects: Test Cases/Selects/Caso_Selects

12-01-2024T14:00:50 - [TEST_STEP][PASSED] - openBrowser(""): Browser is opened with url: ''

12-01-2024T14:00:51 - [MESSAGE][INFO] - Starting 'Chrome' driver

12-01-2024T14:00:51 - [MESSAGE][INFO] - Action delay is set to 0 milliseconds

12-01-2024T14:00:59 - [MESSAGE][PASSED] - Browser is opened with url: ''

12-01-2024T14:00:59 - [TEST_STEP][PASSED] - navigateToUrl("https://demoqa.com/automation-practice-form"): Navigate to 'https://demoqa.com/automation-practice-form' successfully

12-01-2024T14:01:14 - [MESSAGE][PASSED] - Navigate to 'https://demoqa.com/automation-practice-form' successfully

12-01-2024T14:01:14 - [TEST_STEP][PASSED] - closeBrowser(): Browser is closed

12-01-2024T14:01:17 - [MESSAGE][PASSED] - Browser is closed]]></system-out>
         <system-err><![CDATA[]]></system-err>
      </testcase>
      <testcase name="Test Cases/select_autosugerencia/caso_select_autosugerencia" time="31.4" classname="Test Cases/select_autosugerencia/caso_select_autosugerencia" status="PASSED">
         <system-out><![CDATA[12-01-2024T14:01:17 - [TEST_CASE][PASSED] - Test Cases/select_autosugerencia/caso_select_autosugerencia: Test Cases/select_autosugerencia/caso_select_autosugerencia

12-01-2024T14:01:18 - [TEST_STEP][PASSED] - openBrowser(""): Browser is opened with url: ''

12-01-2024T14:01:18 - [MESSAGE][INFO] - Starting 'Chrome' driver

12-01-2024T14:01:18 - [MESSAGE][INFO] - Action delay is set to 0 milliseconds

12-01-2024T14:01:21 - [MESSAGE][PASSED] - Browser is opened with url: ''

12-01-2024T14:01:21 - [TEST_STEP][PASSED] - navigateToUrl("https://www.google.com/"): Navigate to 'https://www.google.com/' successfully

12-01-2024T14:01:25 - [MESSAGE][PASSED] - Navigate to 'https://www.google.com/' successfully

12-01-2024T14:01:25 - [TEST_STEP][PASSED] - waitForPageLoad(30): Wait for page load successfully

12-01-2024T14:01:25 - [MESSAGE][PASSED] - Wait for page load successfully

12-01-2024T14:01:25 - [TEST_STEP][PASSED] - maximizeWindow(): Current window maximized

12-01-2024T14:01:26 - [MESSAGE][PASSED] - Current window maximized

12-01-2024T14:01:26 - [TEST_STEP][PASSED] - waitForElementClickable(findTestObject("autosugerencia/Page_Google/div_Aceptar todo"), 20): Object 'Object Repository/autosugerencia/Page_Google/div_Aceptar todo' is clickable

12-01-2024T14:01:27 - [MESSAGE][PASSED] - Object 'Object Repository/autosugerencia/Page_Google/div_Aceptar todo' is clickable

12-01-2024T14:01:27 - [TEST_STEP][PASSED] - click(findTestObject("autosugerencia/Page_Google/div_Aceptar todo")): Object: 'Object Repository/autosugerencia/Page_Google/div_Aceptar todo' is clicked on

12-01-2024T14:01:28 - [MESSAGE][PASSED] - Object: 'Object Repository/autosugerencia/Page_Google/div_Aceptar todo' is clicked on

12-01-2024T14:01:28 - [TEST_STEP][PASSED] - setText(findTestObject("autosugerencia/Page_Google/buscador"), "cas"): Text 'cas' is set on object 'Object Repository/autosugerencia/Page_Google/buscador'

12-01-2024T14:01:31 - [MESSAGE][PASSED] - Text 'cas' is set on object 'Object Repository/autosugerencia/Page_Google/buscador'

12-01-2024T14:01:31 - [TEST_STEP][PASSED] - waitForElementVisible(findTestObject("autosugerencia/Page_Google/Seleccion"), 5): Object 'Object Repository/autosugerencia/Page_Google/Seleccion' is visible

12-01-2024T14:01:34 - [MESSAGE][PASSED] - Object 'Object Repository/autosugerencia/Page_Google/Seleccion' is visible

12-01-2024T14:01:34 - [TEST_STEP][PASSED] - click(findTestObject("autosugerencia/Page_Google/Seleccion")): Object: 'Object Repository/autosugerencia/Page_Google/Seleccion' is clicked on

12-01-2024T14:01:42 - [MESSAGE][PASSED] - Object: 'Object Repository/autosugerencia/Page_Google/Seleccion' is clicked on

12-01-2024T14:01:42 - [TEST_STEP][PASSED] - delay(3): Delayed 3 second(s)

12-01-2024T14:01:45 - [MESSAGE][PASSED] - Delayed 3 second(s)

12-01-2024T14:01:45 - [TEST_STEP][PASSED] - closeBrowser(): Browser is closed

12-01-2024T14:01:49 - [MESSAGE][PASSED] - Browser is closed]]></system-out>
         <system-err><![CDATA[]]></system-err>
      </testcase>
      <testcase name="Test Cases/Set_text_combo_text/Caso_set_text" time="35.177" classname="Test Cases/Set_text_combo_text/Caso_set_text" status="PASSED">
         <system-out><![CDATA[12-01-2024T14:01:49 - [TEST_CASE][PASSED] - Test Cases/Set_text_combo_text/Caso_set_text: Test Cases/Set_text_combo_text/Caso_set_text

12-01-2024T14:01:49 - [TEST_STEP][PASSED] - openBrowser(""): Browser is opened with url: ''

12-01-2024T14:01:49 - [MESSAGE][INFO] - Starting 'Chrome' driver

12-01-2024T14:01:49 - [MESSAGE][INFO] - Action delay is set to 0 milliseconds

12-01-2024T14:01:52 - [MESSAGE][PASSED] - Browser is opened with url: ''

12-01-2024T14:01:52 - [TEST_STEP][PASSED] - navigateToUrl("https://demoqa.com/automation-practice-form"): Navigate to 'https://demoqa.com/automation-practice-form' successfully

12-01-2024T14:01:58 - [MESSAGE][PASSED] - Navigate to 'https://demoqa.com/automation-practice-form' successfully

12-01-2024T14:01:58 - [TEST_STEP][PASSED] - setText(findTestObject("Object Repository/Set_text/Page_DEMOQA/inputfirstName"), "Daniela"): Text 'Daniela' is set on object 'Object Repository/Set_text/Page_DEMOQA/inputfirstName'

12-01-2024T14:02:01 - [MESSAGE][PASSED] - Text 'Daniela' is set on object 'Object Repository/Set_text/Page_DEMOQA/inputfirstName'

12-01-2024T14:02:01 - [TEST_STEP][PASSED] - setText(findTestObject("Set_text/Page_DEMOQA/inputfirstName"), "Emma"): Text 'Emma' is set on object 'Object Repository/Set_text/Page_DEMOQA/inputfirstName'

12-01-2024T14:02:02 - [MESSAGE][PASSED] - Text 'Emma' is set on object 'Object Repository/Set_text/Page_DEMOQA/inputfirstName'

12-01-2024T14:02:02 - [TEST_STEP][PASSED] - delay(5): Delayed 5 second(s)

12-01-2024T14:02:07 - [MESSAGE][PASSED] - Delayed 5 second(s)

12-01-2024T14:02:07 - [TEST_STEP][PASSED] - sendKeys(findTestObject("Set_text/Page_DEMOQA/inputfirstName"), "Ruben"): Keys 'Ruben' sent to object: 'Object Repository/Set_text/Page_DEMOQA/inputfirstName'

12-01-2024T14:02:09 - [MESSAGE][PASSED] - Keys 'Ruben' sent to object: 'Object Repository/Set_text/Page_DEMOQA/inputfirstName'

12-01-2024T14:02:09 - [TEST_STEP][PASSED] - delay(5): Delayed 5 second(s)

12-01-2024T14:02:14 - [MESSAGE][PASSED] - Delayed 5 second(s)

12-01-2024T14:02:14 - [TEST_STEP][PASSED] - clearText(findTestObject("Set_text/Page_DEMOQA/inputfirstName")): Text of object 'Object Repository/Set_text/Page_DEMOQA/inputfirstName' is cleared

12-01-2024T14:02:16 - [MESSAGE][PASSED] - Text of object 'Object Repository/Set_text/Page_DEMOQA/inputfirstName' is cleared

12-01-2024T14:02:16 - [TEST_STEP][PASSED] - sendKeys(findTestObject("Set_text/Page_DEMOQA/inputfirstName"), "Alba"): Keys 'Alba' sent to object: 'Object Repository/Set_text/Page_DEMOQA/inputfirstName'

12-01-2024T14:02:18 - [MESSAGE][PASSED] - Keys 'Alba' sent to object: 'Object Repository/Set_text/Page_DEMOQA/inputfirstName'

12-01-2024T14:02:18 - [TEST_STEP][PASSED] - delay(3): Delayed 3 second(s)

12-01-2024T14:02:21 - [MESSAGE][PASSED] - Delayed 3 second(s)

12-01-2024T14:02:21 - [TEST_STEP][PASSED] - closeBrowser(): Browser is closed

12-01-2024T14:02:24 - [MESSAGE][PASSED] - Browser is closed]]></system-out>
         <system-err><![CDATA[]]></system-err>
      </testcase>
      <testcase name="Test Cases/Spy_web/Caso_spy_web" time="18.406" classname="Test Cases/Spy_web/Caso_spy_web" status="PASSED">
         <system-out><![CDATA[12-01-2024T14:02:24 - [TEST_CASE][PASSED] - Test Cases/Spy_web/Caso_spy_web: Test Cases/Spy_web/Caso_spy_web

12-01-2024T14:02:24 - [TEST_STEP][PASSED] - openBrowser(""): Browser is opened with url: ''

12-01-2024T14:02:24 - [MESSAGE][INFO] - Starting 'Chrome' driver

12-01-2024T14:02:24 - [MESSAGE][INFO] - Action delay is set to 0 milliseconds

12-01-2024T14:02:26 - [MESSAGE][PASSED] - Browser is opened with url: ''

12-01-2024T14:02:26 - [TEST_STEP][PASSED] - navigateToUrl("https://demoqa.com/text-box"): Navigate to 'https://demoqa.com/text-box' successfully

12-01-2024T14:02:30 - [MESSAGE][PASSED] - Navigate to 'https://demoqa.com/text-box' successfully

12-01-2024T14:02:30 - [TEST_STEP][PASSED] - maximizeWindow(): Current window maximized

12-01-2024T14:02:31 - [MESSAGE][PASSED] - Current window maximized

12-01-2024T14:02:31 - [TEST_STEP][PASSED] - setText(findTestObject("Spy_web/Page_DEMOQA/input_Full Name_userName", ["variable":"Daniela"]), "DANIELA"): Text 'DANIELA' is set on object 'Object Repository/Spy_web/Page_DEMOQA/input_Full Name_userName'

12-01-2024T14:02:33 - [MESSAGE][PASSED] - Text 'DANIELA' is set on object 'Object Repository/Spy_web/Page_DEMOQA/input_Full Name_userName'

12-01-2024T14:02:33 - [TEST_STEP][PASSED] - setText(findTestObject("Spy_web/Page_DEMOQA/input_Email_userEmail"), "daniela@gmail.com"): Text 'daniela@gmail.com' is set on object 'Object Repository/Spy_web/Page_DEMOQA/input_Email_userEmail'

12-01-2024T14:02:34 - [MESSAGE][PASSED] - Text 'daniela@gmail.com' is set on object 'Object Repository/Spy_web/Page_DEMOQA/input_Email_userEmail'

12-01-2024T14:02:34 - [TEST_STEP][PASSED] - setText(findTestObject("Spy_web/Page_DEMOQA/textarea_Current Address_currentAddress"), "La coru"): Text 'La coru' is set on object 'Object Repository/Spy_web/Page_DEMOQA/textarea_Current Address_currentAddress'

12-01-2024T14:02:36 - [MESSAGE][PASSED] - Text 'La coru' is set on object 'Object Repository/Spy_web/Page_DEMOQA/textarea_Current Address_currentAddress'

12-01-2024T14:02:36 - [TEST_STEP][PASSED] - setText(findTestObject("Spy_web/Page_DEMOQA/textarea_Permanent Address_permanentAddress"), "Galicia"): Text 'Galicia' is set on object 'Object Repository/Spy_web/Page_DEMOQA/textarea_Permanent Address_permanentAddress'

12-01-2024T14:02:37 - [MESSAGE][PASSED] - Text 'Galicia' is set on object 'Object Repository/Spy_web/Page_DEMOQA/textarea_Permanent Address_permanentAddress'

12-01-2024T14:02:37 - [TEST_STEP][PASSED] - click(findTestObject("Spy_web/Page_DEMOQA/button_Submit")): Object: 'Object Repository/Spy_web/Page_DEMOQA/button_Submit' is clicked on

12-01-2024T14:02:39 - [MESSAGE][PASSED] - Object: 'Object Repository/Spy_web/Page_DEMOQA/button_Submit' is clicked on

12-01-2024T14:02:39 - [TEST_STEP][PASSED] - verifyTextPresent("Text Box", false): Text 'Text Box' is present on page 

12-01-2024T14:02:39 - [MESSAGE][PASSED] - Text 'Text Box' is present on page 

12-01-2024T14:02:39 - [TEST_STEP][PASSED] - closeBrowser(): Browser is closed

12-01-2024T14:02:42 - [MESSAGE][PASSED] - Browser is closed]]></system-out>
         <system-err><![CDATA[]]></system-err>
      </testcase>
      <testcase name="Test Cases/Test_script/Caso_test_script" time="25.947" classname="Test Cases/Test_script/Caso_test_script" status="PASSED">
         <system-out><![CDATA[12-01-2024T14:02:42 - [TEST_CASE][PASSED] - Test Cases/Test_script/Caso_test_script: Test Cases/Test_script/Caso_test_script

12-01-2024T14:02:43 - [TEST_STEP][PASSED] - openBrowser(""): Browser is opened with url: ''

12-01-2024T14:02:43 - [MESSAGE][INFO] - Starting 'Chrome' driver

12-01-2024T14:02:43 - [MESSAGE][INFO] - Action delay is set to 0 milliseconds

12-01-2024T14:02:46 - [MESSAGE][PASSED] - Browser is opened with url: ''

12-01-2024T14:02:46 - [TEST_STEP][PASSED] - navigateToUrl("http://demoqa.com/text-box", STOP_ON_FAILURE): Navigate to 'http://demoqa.com/text-box' successfully

12-01-2024T14:02:54 - [MESSAGE][PASSED] - Navigate to 'http://demoqa.com/text-box' successfully

12-01-2024T14:02:54 - [TEST_STEP][PASSED] - maximizeWindow(): Current window maximized

12-01-2024T14:02:54 - [MESSAGE][PASSED] - Current window maximized

12-01-2024T14:02:54 - [TEST_STEP][PASSED] - setText(findTestObject("Object Repository/Test_script/Page_DEMOQA/input_Full Name_userName"), "Daniela"): Text 'Daniela' is set on object 'Object Repository/Test_script/Page_DEMOQA/input_Full Name_userName'

12-01-2024T14:02:57 - [MESSAGE][PASSED] - Text 'Daniela' is set on object 'Object Repository/Test_script/Page_DEMOQA/input_Full Name_userName'

12-01-2024T14:02:57 - [TEST_STEP][PASSED] - setText(findTestObject("Object Repository/Test_script/Page_DEMOQA/input_Email_userEmail"), "Daniela"): Text 'Daniela' is set on object 'Object Repository/Test_script/Page_DEMOQA/input_Email_userEmail'

12-01-2024T14:03:00 - [MESSAGE][PASSED] - Text 'Daniela' is set on object 'Object Repository/Test_script/Page_DEMOQA/input_Email_userEmail'

12-01-2024T14:03:00 - [TEST_STEP][PASSED] - setText(findTestObject("Object Repository/Test_script/Page_DEMOQA/textarea_Current Address_currentAddress"), "Daniela"): Text 'Daniela' is set on object 'Object Repository/Test_script/Page_DEMOQA/textarea_Current Address_currentAddress'

12-01-2024T14:03:04 - [MESSAGE][PASSED] - Text 'Daniela' is set on object 'Object Repository/Test_script/Page_DEMOQA/textarea_Current Address_currentAddress'

12-01-2024T14:03:04 - [TEST_STEP][PASSED] - setText(findTestObject("Object Repository/Test_script/Page_DEMOQA/textarea_Permanent Address_permanentAddress"), "Daniela"): Text 'Daniela' is set on object 'Object Repository/Test_script/Page_DEMOQA/textarea_Permanent Address_permanentAddress'

12-01-2024T14:03:06 - [MESSAGE][PASSED] - Text 'Daniela' is set on object 'Object Repository/Test_script/Page_DEMOQA/textarea_Permanent Address_permanentAddress'

12-01-2024T14:03:06 - [TEST_STEP][PASSED] - click(findTestObject("Object Repository/Test_script/Page_DEMOQA/button_Submit")): Object: 'Object Repository/Test_script/Page_DEMOQA/button_Submit' is clicked on

12-01-2024T14:03:07 - [MESSAGE][PASSED] - Object: 'Object Repository/Test_script/Page_DEMOQA/button_Submit' is clicked on

12-01-2024T14:03:07 - [TEST_STEP][PASSED] - closeBrowser(): Browser is closed

12-01-2024T14:03:08 - [MESSAGE][PASSED] - Browser is closed]]></system-out>
         <system-err><![CDATA[]]></system-err>
      </testcase>
      <testcase name="Test Cases/Variables/Caso_variables" time="24.434" classname="Test Cases/Variables/Caso_variables" status="PASSED">
         <system-out><![CDATA[12-01-2024T14:03:08 - [TEST_CASE][PASSED] - Test Cases/Variables/Caso_variables: Test Cases/Variables/Caso_variables

12-01-2024T14:03:10 - [TEST_STEP][PASSED] - openBrowser(""): Browser is opened with url: ''

12-01-2024T14:03:10 - [MESSAGE][INFO] - Starting 'Chrome' driver

12-01-2024T14:03:10 - [MESSAGE][INFO] - Action delay is set to 0 milliseconds

12-01-2024T14:03:14 - [MESSAGE][PASSED] - Browser is opened with url: ''

12-01-2024T14:03:14 - [TEST_STEP][PASSED] - navigateToUrl("https://demoqa.com/webtables"): Navigate to 'https://demoqa.com/webtables' successfully

12-01-2024T14:03:18 - [MESSAGE][PASSED] - Navigate to 'https://demoqa.com/webtables' successfully

12-01-2024T14:03:18 - [TEST_STEP][PASSED] - click(findTestObject("Object Repository/Variables/Page_DEMOQA/button_Add")): Object: 'Object Repository/Variables/Page_DEMOQA/button_Add' is clicked on

12-01-2024T14:03:19 - [MESSAGE][PASSED] - Object: 'Object Repository/Variables/Page_DEMOQA/button_Add' is clicked on

12-01-2024T14:03:19 - [TEST_STEP][PASSED] - setText(findTestObject("Object Repository/Variables/Page_DEMOQA/inputfirstName"), Nombre): Text 'Daniela' is set on object 'Object Repository/Variables/Page_DEMOQA/inputfirstName'

12-01-2024T14:03:22 - [MESSAGE][PASSED] - Text 'Daniela' is set on object 'Object Repository/Variables/Page_DEMOQA/inputfirstName'

12-01-2024T14:03:22 - [TEST_STEP][PASSED] - setText(findTestObject("Object Repository/Variables/Page_DEMOQA/inputlastName"), Apellido): Text 'Dan' is set on object 'Object Repository/Variables/Page_DEMOQA/inputlastName'

12-01-2024T14:03:25 - [MESSAGE][PASSED] - Text 'Dan' is set on object 'Object Repository/Variables/Page_DEMOQA/inputlastName'

12-01-2024T14:03:25 - [TEST_STEP][PASSED] - setText(findTestObject("Object Repository/Variables/Page_DEMOQA/inputuserEmail"), Email): Text 'daniela@gmail.com' is set on object 'Object Repository/Variables/Page_DEMOQA/inputuserEmail'

12-01-2024T14:03:26 - [MESSAGE][PASSED] - Text 'daniela@gmail.com' is set on object 'Object Repository/Variables/Page_DEMOQA/inputuserEmail'

12-01-2024T14:03:26 - [TEST_STEP][PASSED] - setText(findTestObject("Object Repository/Variables/Page_DEMOQA/inputage"), Edad): Text '35' is set on object 'Object Repository/Variables/Page_DEMOQA/inputage'

12-01-2024T14:03:27 - [MESSAGE][PASSED] - Text '35' is set on object 'Object Repository/Variables/Page_DEMOQA/inputage'

12-01-2024T14:03:27 - [TEST_STEP][PASSED] - setText(findTestObject("Object Repository/Variables/Page_DEMOQA/inputsalary"), Salario): Text '35000' is set on object 'Object Repository/Variables/Page_DEMOQA/inputsalary'

12-01-2024T14:03:28 - [MESSAGE][PASSED] - Text '35000' is set on object 'Object Repository/Variables/Page_DEMOQA/inputsalary'

12-01-2024T14:03:28 - [TEST_STEP][PASSED] - setText(findTestObject("Object Repository/Variables/Page_DEMOQA/inputdepartment"), "IT"): Text 'IT' is set on object 'Object Repository/Variables/Page_DEMOQA/inputdepartment'

12-01-2024T14:03:29 - [MESSAGE][PASSED] - Text 'IT' is set on object 'Object Repository/Variables/Page_DEMOQA/inputdepartment'

12-01-2024T14:03:29 - [TEST_STEP][PASSED] - click(findTestObject("Object Repository/Variables/Page_DEMOQA/button_Submit")): Object: 'Object Repository/Variables/Page_DEMOQA/button_Submit' is clicked on

12-01-2024T14:03:30 - [MESSAGE][PASSED] - Object: 'Object Repository/Variables/Page_DEMOQA/button_Submit' is clicked on

12-01-2024T14:03:30 - [TEST_STEP][PASSED] - setText(findTestObject("Object Repository/Variables/Page_DEMOQA/inputsearchBox"), "daniela"): Text 'daniela' is set on object 'Object Repository/Variables/Page_DEMOQA/inputsearchBox'

12-01-2024T14:03:31 - [MESSAGE][PASSED] - Text 'daniela' is set on object 'Object Repository/Variables/Page_DEMOQA/inputsearchBox'

12-01-2024T14:03:31 - [TEST_STEP][PASSED] - delay(tiempo): Delayed 0 second(s)

12-01-2024T14:03:31 - [MESSAGE][PASSED] - Delayed 0 second(s)

12-01-2024T14:03:31 - [TEST_STEP][PASSED] - closeBrowser(): Browser is closed

12-01-2024T14:03:33 - [MESSAGE][PASSED] - Browser is closed]]></system-out>
         <system-err><![CDATA[]]></system-err>
      </testcase>
      <testcase name="Test Cases/Waits/Caso_wait" time="20.682" classname="Test Cases/Waits/Caso_wait" status="PASSED">
         <system-out><![CDATA[12-01-2024T14:03:33 - [TEST_CASE][PASSED] - Test Cases/Waits/Caso_wait: Test Cases/Waits/Caso_wait

12-01-2024T14:03:33 - [TEST_STEP][PASSED] - openBrowser(""): Browser is opened with url: ''

12-01-2024T14:03:33 - [MESSAGE][INFO] - Starting 'Chrome' driver

12-01-2024T14:03:33 - [MESSAGE][INFO] - Action delay is set to 0 milliseconds

12-01-2024T14:03:36 - [MESSAGE][PASSED] - Browser is opened with url: ''

12-01-2024T14:03:36 - [TEST_STEP][PASSED] - navigateToUrl("https://demoqa.com/webtables"): Navigate to 'https://demoqa.com/webtables' successfully

12-01-2024T14:03:39 - [MESSAGE][PASSED] - Navigate to 'https://demoqa.com/webtables' successfully

12-01-2024T14:03:39 - [TEST_STEP][PASSED] - waitForPageLoad(20): Wait for page load successfully

12-01-2024T14:03:39 - [MESSAGE][PASSED] - Wait for page load successfully

12-01-2024T14:03:39 - [TEST_STEP][PASSED] - click(findTestObject("Object Repository/Wait/Page_DEMOQA/button_Add")): Object: 'Object Repository/Wait/Page_DEMOQA/button_Add' is clicked on

12-01-2024T14:03:40 - [MESSAGE][PASSED] - Object: 'Object Repository/Wait/Page_DEMOQA/button_Add' is clicked on

12-01-2024T14:03:40 - [TEST_STEP][PASSED] - setText(findTestObject("Object Repository/Wait/Page_DEMOQA/inputfirstName"), "Daniela"): Text 'Daniela' is set on object 'Object Repository/Wait/Page_DEMOQA/inputfirstName'

12-01-2024T14:03:42 - [MESSAGE][PASSED] - Text 'Daniela' is set on object 'Object Repository/Wait/Page_DEMOQA/inputfirstName'

12-01-2024T14:03:42 - [TEST_STEP][PASSED] - setText(findTestObject("Object Repository/Wait/Page_DEMOQA/inputlastName"), "a"): Text 'a' is set on object 'Object Repository/Wait/Page_DEMOQA/inputlastName'

12-01-2024T14:03:43 - [MESSAGE][PASSED] - Text 'a' is set on object 'Object Repository/Wait/Page_DEMOQA/inputlastName'

12-01-2024T14:03:43 - [TEST_STEP][PASSED] - setText(findTestObject("Object Repository/Wait/Page_DEMOQA/inputuserEmail"), "n@gmail.com"): Text 'n@gmail.com' is set on object 'Object Repository/Wait/Page_DEMOQA/inputuserEmail'

12-01-2024T14:03:43 - [MESSAGE][PASSED] - Text 'n@gmail.com' is set on object 'Object Repository/Wait/Page_DEMOQA/inputuserEmail'

12-01-2024T14:03:43 - [TEST_STEP][PASSED] - setText(findTestObject("Object Repository/Wait/Page_DEMOQA/inputage"), "35"): Text '35' is set on object 'Object Repository/Wait/Page_DEMOQA/inputage'

12-01-2024T14:03:44 - [MESSAGE][PASSED] - Text '35' is set on object 'Object Repository/Wait/Page_DEMOQA/inputage'

12-01-2024T14:03:44 - [TEST_STEP][PASSED] - setText(findTestObject("Object Repository/Wait/Page_DEMOQA/inputsalary"), "35"): Text '35' is set on object 'Object Repository/Wait/Page_DEMOQA/inputsalary'

12-01-2024T14:03:45 - [MESSAGE][PASSED] - Text '35' is set on object 'Object Repository/Wait/Page_DEMOQA/inputsalary'

12-01-2024T14:03:45 - [TEST_STEP][PASSED] - setText(findTestObject("Object Repository/Wait/Page_DEMOQA/inputdepartment"), "it"): Text 'it' is set on object 'Object Repository/Wait/Page_DEMOQA/inputdepartment'

12-01-2024T14:03:47 - [MESSAGE][PASSED] - Text 'it' is set on object 'Object Repository/Wait/Page_DEMOQA/inputdepartment'

12-01-2024T14:03:47 - [TEST_STEP][PASSED] - click(findTestObject("Object Repository/Wait/Page_DEMOQA/button_Submit")): Object: 'Object Repository/Wait/Page_DEMOQA/button_Submit' is clicked on

12-01-2024T14:03:49 - [MESSAGE][PASSED] - Object: 'Object Repository/Wait/Page_DEMOQA/button_Submit' is clicked on

12-01-2024T14:03:49 - [TEST_STEP][PASSED] - waitForElementVisible(findTestObject("Wait/Page_DEMOQA/fila"), 5): Object 'Object Repository/Wait/Page_DEMOQA/fila' is visible

12-01-2024T14:03:50 - [MESSAGE][PASSED] - Object 'Object Repository/Wait/Page_DEMOQA/fila' is visible

12-01-2024T14:03:50 - [TEST_STEP][PASSED] - verifyElementText(findTestObject("Wait/Page_DEMOQA/fila"), "Daniela"): Actual text and expected text of test object 'Object Repository/Wait/Page_DEMOQA/fila' are matched.

12-01-2024T14:03:51 - [MESSAGE][PASSED] - Actual text and expected text of test object 'Object Repository/Wait/Page_DEMOQA/fila' are matched.

12-01-2024T14:03:51 - [TEST_STEP][PASSED] - closeBrowser(): Browser is closed

12-01-2024T14:03:53 - [MESSAGE][PASSED] - Browser is closed]]></system-out>
         <system-err><![CDATA[]]></system-err>
      </testcase>
      <system-out><![CDATA[12-01-2024T14:00:48 - [TEST_SUITE][PASSED] - Test_Suite_4: Test Cases/Waits/Caso_wait]]></system-out>
      <system-err><![CDATA[]]></system-err>
   </testsuite>
</testsuites>
