<?xml version="1.0" encoding="UTF-8"?>
<testsuites name="Test_Suite_3" time="153.954" tests="5" failures="0" errors="0">
   <testsuite name="Test_Suite_3" tests="5" failures="0" errors="0" time="153.954" skipped="0" timestamp="12-01-2024T14:00:46" hostname="daniela.feliciano - vass-06956.VASS.INET" id="Test Suites/Test_Suite_3">
      <properties>
         <property name="deviceName" value=""/>
         <property name="devicePlatform" value=""/>
         <property name="logFolder" value="C:\\KATALON\\Proyectos\\Proyecto_uno\\Reports\\20240112_140014\\Test_Suite_3\\20240112_140019"/>
         <property name="logFiles" value="C:\\KATALON\\Proyectos\\Proyecto_uno\\Reports\\20240112_140014\\Test_Suite_3\\20240112_140019\\execution0.log"/>
         <property name="attachments" value=""/>
         <property name="hostName" value="daniela.feliciano - vass-06956.VASS.INET"/>
         <property name="os" value="Windows 10 64bit"/>
         <property name="katalonVersion" value="9.2.0.212"/>
         <property name="browser" value="Chrome 120.0.0.0"/>
         <property name="hostAddress" value="192.168.1.57"/>
         <property name="sessionId" value="def2a7694ae4744466b17bca5490b6eb"/>
         <property name="seleniumVersion" value="3.141.59"/>
         <property name="proxyInformation" value="ProxyInformation { proxyOption=NO_PROXY, proxyServerType=HTTP, username=, password=********, proxyServerAddress=, proxyServerPort=0, executionList=&quot;&quot;, isApplyToDesiredCapabilities=true }"/>
         <property name="platform" value="Windows 10"/>
      </properties>
      <testcase name="Test Cases/Reto_1/Reto_1" time="39.965" classname="Test Cases/Reto_1/Reto_1" status="PASSED">
         <system-out><![CDATA[12-01-2024T14:00:48 - [TEST_CASE][PASSED] - Test Cases/Reto_1/Reto_1: Test Cases/Reto_1/Reto_1

12-01-2024T14:00:49 - [TEST_STEP][PASSED] - openBrowser(""): Browser is opened with url: ''

12-01-2024T14:00:50 - [MESSAGE][INFO] - Starting 'Chrome' driver

12-01-2024T14:00:51 - [MESSAGE][INFO] - Action delay is set to 0 milliseconds

12-01-2024T14:00:58 - [MESSAGE][PASSED] - Browser is opened with url: ''

12-01-2024T14:00:58 - [TEST_STEP][PASSED] - navigateToUrl("https://demoqa.com/"): Navigate to 'https://demoqa.com/' successfully

12-01-2024T14:01:04 - [MESSAGE][PASSED] - Navigate to 'https://demoqa.com/' successfully

12-01-2024T14:01:04 - [TEST_STEP][PASSED] - maximizeWindow(): Current window maximized

12-01-2024T14:01:07 - [MESSAGE][PASSED] - Current window maximized

12-01-2024T14:01:07 - [TEST_STEP][PASSED] - click(findTestObject("Object Repository/Reto_1/Page_DEMOQA/div_card-up")): Object: 'Object Repository/Reto_1/Page_DEMOQA/div_card-up' is clicked on

12-01-2024T14:01:10 - [MESSAGE][PASSED] - Object: 'Object Repository/Reto_1/Page_DEMOQA/div_card-up' is clicked on

12-01-2024T14:01:10 - [TEST_STEP][PASSED] - click(findTestObject("Object Repository/Reto_1/Page_DEMOQA/span_Check Box")): Object: 'Object Repository/Reto_1/Page_DEMOQA/span_Check Box' is clicked on

12-01-2024T14:01:12 - [MESSAGE][PASSED] - Object: 'Object Repository/Reto_1/Page_DEMOQA/span_Check Box' is clicked on

12-01-2024T14:01:12 - [TEST_STEP][PASSED] - click(findTestObject("Object Repository/Reto_1/Page_DEMOQA/span_rct-checkbox")): Object: 'Object Repository/Reto_1/Page_DEMOQA/span_rct-checkbox' is clicked on

12-01-2024T14:01:13 - [MESSAGE][PASSED] - Object: 'Object Repository/Reto_1/Page_DEMOQA/span_rct-checkbox' is clicked on

12-01-2024T14:01:13 - [TEST_STEP][PASSED] - click(findTestObject("Object Repository/Reto_1/Page_DEMOQA/button_rct-collapse rct-collapse-btn")): Object: 'Object Repository/Reto_1/Page_DEMOQA/button_rct-collapse rct-collapse-btn' is clicked on

12-01-2024T14:01:14 - [MESSAGE][PASSED] - Object: 'Object Repository/Reto_1/Page_DEMOQA/button_rct-collapse rct-collapse-btn' is clicked on

12-01-2024T14:01:14 - [TEST_STEP][PASSED] - click(findTestObject("Object Repository/Reto_1/Page_DEMOQA/span_Radio Button")): Object: 'Object Repository/Reto_1/Page_DEMOQA/span_Radio Button' is clicked on

12-01-2024T14:01:16 - [MESSAGE][PASSED] - Object: 'Object Repository/Reto_1/Page_DEMOQA/span_Radio Button' is clicked on

12-01-2024T14:01:16 - [TEST_STEP][PASSED] - click(findTestObject("Object Repository/Reto_1/Page_DEMOQA/label_Yes")): Object: 'Object Repository/Reto_1/Page_DEMOQA/label_Yes' is clicked on

12-01-2024T14:01:17 - [MESSAGE][PASSED] - Object: 'Object Repository/Reto_1/Page_DEMOQA/label_Yes' is clicked on

12-01-2024T14:01:17 - [TEST_STEP][PASSED] - click(findTestObject("Object Repository/Reto_1/Page_DEMOQA/label_Impressive")): Object: 'Object Repository/Reto_1/Page_DEMOQA/label_Impressive' is clicked on

12-01-2024T14:01:18 - [MESSAGE][PASSED] - Object: 'Object Repository/Reto_1/Page_DEMOQA/label_Impressive' is clicked on

12-01-2024T14:01:18 - [TEST_STEP][PASSED] - click(findTestObject("Object Repository/Reto_1/Page_DEMOQA/div_Radio Button")): Object: 'Object Repository/Reto_1/Page_DEMOQA/div_Radio Button' is clicked on

12-01-2024T14:01:18 - [MESSAGE][PASSED] - Object: 'Object Repository/Reto_1/Page_DEMOQA/div_Radio Button' is clicked on

12-01-2024T14:01:18 - [TEST_STEP][PASSED] - verifyElementVisible(findTestObject("Reto_1/Page_DEMOQA/div_Radio Button")): Object 'Object Repository/Reto_1/Page_DEMOQA/div_Radio Button' is visible

12-01-2024T14:01:19 - [MESSAGE][PASSED] - Object 'Object Repository/Reto_1/Page_DEMOQA/div_Radio Button' is visible

12-01-2024T14:01:19 - [TEST_STEP][PASSED] - verifyElementText(findTestObject("Reto_1/Page_DEMOQA/div_Radio Button"), "Radio Button"): Actual text and expected text of test object 'Object Repository/Reto_1/Page_DEMOQA/div_Radio Button' are matched.

12-01-2024T14:01:21 - [MESSAGE][PASSED] - Actual text and expected text of test object 'Object Repository/Reto_1/Page_DEMOQA/div_Radio Button' are matched.

12-01-2024T14:01:21 - [TEST_STEP][PASSED] - closeBrowser(): Browser is closed

12-01-2024T14:01:28 - [MESSAGE][PASSED] - Browser is closed]]></system-out>
         <system-err><![CDATA[]]></system-err>
      </testcase>
      <testcase name="Test Cases/Reto_obj_xpath/Caso_reto_xpath" time="35.94" classname="Test Cases/Reto_obj_xpath/Caso_reto_xpath" status="PASSED">
         <system-out><![CDATA[12-01-2024T14:01:28 - [TEST_CASE][PASSED] - Test Cases/Reto_obj_xpath/Caso_reto_xpath: Test Cases/Reto_obj_xpath/Caso_reto_xpath

12-01-2024T14:01:28 - [TEST_STEP][PASSED] - openBrowser(""): Browser is opened with url: ''

12-01-2024T14:01:28 - [MESSAGE][INFO] - Starting 'Chrome' driver

12-01-2024T14:01:28 - [MESSAGE][INFO] - Action delay is set to 0 milliseconds

12-01-2024T14:01:31 - [MESSAGE][PASSED] - Browser is opened with url: ''

12-01-2024T14:01:31 - [TEST_STEP][PASSED] - navigateToUrl("https://demoqa.com/automation-practice-form"): Navigate to 'https://demoqa.com/automation-practice-form' successfully

12-01-2024T14:01:38 - [MESSAGE][PASSED] - Navigate to 'https://demoqa.com/automation-practice-form' successfully

12-01-2024T14:01:38 - [TEST_STEP][PASSED] - setViewPortSize(200, 900): Viewport is set to new size with width = 200 and height = 900

12-01-2024T14:01:41 - [MESSAGE][PASSED] - Viewport is set to new size with width = 200 and height = 900

12-01-2024T14:01:41 - [TEST_STEP][PASSED] - setText(findTestObject("Reto_obj_xpath/First_name"), "Daniela"): Text 'Daniela' is set on object 'Object Repository/Reto_obj_xpath/First_name'

12-01-2024T14:01:43 - [MESSAGE][PASSED] - Text 'Daniela' is set on object 'Object Repository/Reto_obj_xpath/First_name'

12-01-2024T14:01:43 - [TEST_STEP][PASSED] - setText(findTestObject("Reto_obj_xpath/Last_name"), "Feliciano"): Text 'Feliciano' is set on object 'Object Repository/Reto_obj_xpath/Last_name'

12-01-2024T14:01:45 - [MESSAGE][PASSED] - Text 'Feliciano' is set on object 'Object Repository/Reto_obj_xpath/Last_name'

12-01-2024T14:01:45 - [TEST_STEP][PASSED] - setText(findTestObject("Reto_obj_xpath/email"), "daniela@gmail.com"): Text 'daniela@gmail.com' is set on object 'Object Repository/Reto_obj_xpath/email'

12-01-2024T14:01:46 - [MESSAGE][PASSED] - Text 'daniela@gmail.com' is set on object 'Object Repository/Reto_obj_xpath/email'

12-01-2024T14:01:46 - [TEST_STEP][PASSED] - check(findTestObject("Reto_obj_xpath/Famele")): Object 'Object Repository/Reto_obj_xpath/Famele' is checked

12-01-2024T14:01:47 - [MESSAGE][PASSED] - Object 'Object Repository/Reto_obj_xpath/Famele' is checked

12-01-2024T14:01:47 - [TEST_STEP][PASSED] - delay(2): Delayed 2 second(s)

12-01-2024T14:01:49 - [MESSAGE][PASSED] - Delayed 2 second(s)

12-01-2024T14:01:49 - [TEST_STEP][PASSED] - scrollToElement(findTestObject("Reto_obj_xpath/sumit"), 2): Scroll to object 'Object Repository/Reto_obj_xpath/sumit' successfully

12-01-2024T14:01:51 - [MESSAGE][PASSED] - Scroll to object 'Object Repository/Reto_obj_xpath/sumit' successfully

12-01-2024T14:01:51 - [TEST_STEP][PASSED] - delay(3): Delayed 3 second(s)

12-01-2024T14:01:54 - [MESSAGE][PASSED] - Delayed 3 second(s)

12-01-2024T14:01:54 - [TEST_STEP][PASSED] - click(findTestObject("Reto_obj_xpath/sumit")): Object: 'Object Repository/Reto_obj_xpath/sumit' is clicked on

12-01-2024T14:01:58 - [MESSAGE][PASSED] - Object: 'Object Repository/Reto_obj_xpath/sumit' is clicked on

12-01-2024T14:01:58 - [TEST_STEP][PASSED] - delay(3): Delayed 3 second(s)

12-01-2024T14:02:01 - [MESSAGE][PASSED] - Delayed 3 second(s)

12-01-2024T14:02:01 - [TEST_STEP][PASSED] - closeBrowser(): Browser is closed

12-01-2024T14:02:03 - [MESSAGE][PASSED] - Browser is closed]]></system-out>
         <system-err><![CDATA[]]></system-err>
      </testcase>
      <testcase name="Test Cases/Reto_select/Caso_reto_select" time="42.376" classname="Test Cases/Reto_select/Caso_reto_select" status="PASSED">
         <system-out><![CDATA[12-01-2024T14:02:04 - [TEST_CASE][PASSED] - Test Cases/Reto_select/Caso_reto_select: Test Cases/Reto_select/Caso_reto_select

12-01-2024T14:02:04 - [TEST_STEP][PASSED] - openBrowser(""): Browser is opened with url: ''

12-01-2024T14:02:04 - [MESSAGE][INFO] - Starting 'Chrome' driver

12-01-2024T14:02:04 - [MESSAGE][INFO] - Action delay is set to 0 milliseconds

12-01-2024T14:02:06 - [MESSAGE][PASSED] - Browser is opened with url: ''

12-01-2024T14:02:06 - [TEST_STEP][PASSED] - navigateToUrl("https://testsheepnz.github.io/BasicCalculator.html"): Navigate to 'https://testsheepnz.github.io/BasicCalculator.html' successfully

12-01-2024T14:02:09 - [MESSAGE][PASSED] - Navigate to 'https://testsheepnz.github.io/BasicCalculator.html' successfully

12-01-2024T14:02:09 - [TEST_STEP][PASSED] - scrollToElement(findTestObject("Reto_select/campo_1"), 0): Scroll to object 'Object Repository/Reto_select/campo_1' successfully

12-01-2024T14:02:09 - [MESSAGE][WARNING] - Timeout '0' is invalid. Using default page load timeout: '30'

12-01-2024T14:02:10 - [MESSAGE][PASSED] - Scroll to object 'Object Repository/Reto_select/campo_1' successfully

12-01-2024T14:02:10 - [TEST_STEP][PASSED] - setText(findTestObject("Reto_select/campo_1"), "10"): Text '10' is set on object 'Object Repository/Reto_select/campo_1'

12-01-2024T14:02:13 - [MESSAGE][PASSED] - Text '10' is set on object 'Object Repository/Reto_select/campo_1'

12-01-2024T14:02:13 - [TEST_STEP][PASSED] - setText(findTestObject("Reto_select/campo_2"), "5"): Text '5' is set on object 'Object Repository/Reto_select/campo_2'

12-01-2024T14:02:18 - [MESSAGE][PASSED] - Text '5' is set on object 'Object Repository/Reto_select/campo_2'

12-01-2024T14:02:18 - [TEST_STEP][PASSED] - selectOptionByLabel(findTestObject("Reto_select/select"), "Multiply", false): All options with label 'Multiply' are selected in object 'Object Repository/Reto_select/select' 

12-01-2024T14:02:21 - [MESSAGE][PASSED] - All options with label 'Multiply' are selected in object 'Object Repository/Reto_select/select' 

12-01-2024T14:02:21 - [TEST_STEP][PASSED] - click(findTestObject("Reto_select/calculate")): Object: 'Object Repository/Reto_select/calculate' is clicked on

12-01-2024T14:02:22 - [MESSAGE][PASSED] - Object: 'Object Repository/Reto_select/calculate' is clicked on

12-01-2024T14:02:22 - [TEST_STEP][PASSED] - delay(3): Delayed 3 second(s)

12-01-2024T14:02:25 - [MESSAGE][PASSED] - Delayed 3 second(s)

12-01-2024T14:02:25 - [TEST_STEP][PASSED] - click(findTestObject("Reto_select/clear")): Object: 'Object Repository/Reto_select/clear' is clicked on

12-01-2024T14:02:27 - [MESSAGE][PASSED] - Object: 'Object Repository/Reto_select/clear' is clicked on

12-01-2024T14:02:27 - [TEST_STEP][PASSED] - setText(findTestObject("Reto_select/campo_1"), "50"): Text '50' is set on object 'Object Repository/Reto_select/campo_1'

12-01-2024T14:02:30 - [MESSAGE][PASSED] - Text '50' is set on object 'Object Repository/Reto_select/campo_1'

12-01-2024T14:02:30 - [TEST_STEP][PASSED] - setText(findTestObject("Reto_select/campo_2"), "5"): Text '5' is set on object 'Object Repository/Reto_select/campo_2'

12-01-2024T14:02:32 - [MESSAGE][PASSED] - Text '5' is set on object 'Object Repository/Reto_select/campo_2'

12-01-2024T14:02:33 - [TEST_STEP][PASSED] - selectOptionByLabel(findTestObject("Reto_select/select"), "Divide", false): All options with label 'Divide' are selected in object 'Object Repository/Reto_select/select' 

12-01-2024T14:02:34 - [MESSAGE][PASSED] - All options with label 'Divide' are selected in object 'Object Repository/Reto_select/select' 

12-01-2024T14:02:34 - [TEST_STEP][PASSED] - click(findTestObject("Reto_select/calculate")): Object: 'Object Repository/Reto_select/calculate' is clicked on

12-01-2024T14:02:34 - [MESSAGE][PASSED] - Object: 'Object Repository/Reto_select/calculate' is clicked on

12-01-2024T14:02:34 - [TEST_STEP][PASSED] - delay(3): Delayed 3 second(s)

12-01-2024T14:02:37 - [MESSAGE][PASSED] - Delayed 3 second(s)

12-01-2024T14:02:37 - [TEST_STEP][PASSED] - click(findTestObject("Reto_select/clear")): Object: 'Object Repository/Reto_select/clear' is clicked on

12-01-2024T14:02:39 - [MESSAGE][PASSED] - Object: 'Object Repository/Reto_select/clear' is clicked on

12-01-2024T14:02:39 - [TEST_STEP][PASSED] - delay(3): Delayed 3 second(s)

12-01-2024T14:02:42 - [MESSAGE][PASSED] - Delayed 3 second(s)

12-01-2024T14:02:42 - [TEST_STEP][PASSED] - closeBrowser(): Browser is closed

12-01-2024T14:02:46 - [MESSAGE][PASSED] - Browser is closed]]></system-out>
         <system-err><![CDATA[]]></system-err>
      </testcase>
      <testcase name="Test Cases/Reto_spy_web_1/Caso_reto_spy_web" time="34.174" classname="Test Cases/Reto_spy_web_1/Caso_reto_spy_web" status="PASSED">
         <system-out><![CDATA[12-01-2024T14:02:46 - [TEST_CASE][PASSED] - Test Cases/Reto_spy_web_1/Caso_reto_spy_web: Test Cases/Reto_spy_web_1/Caso_reto_spy_web

12-01-2024T14:02:46 - [TEST_STEP][PASSED] - openBrowser(""): Browser is opened with url: ''

12-01-2024T14:02:46 - [MESSAGE][INFO] - Starting 'Chrome' driver

12-01-2024T14:02:46 - [MESSAGE][INFO] - Action delay is set to 0 milliseconds

12-01-2024T14:02:52 - [MESSAGE][PASSED] - Browser is opened with url: ''

12-01-2024T14:02:52 - [TEST_STEP][PASSED] - navigateToUrl("http://opencart.abstracta.us"): Navigate to 'http://opencart.abstracta.us' successfully

12-01-2024T14:02:56 - [MESSAGE][PASSED] - Navigate to 'http://opencart.abstracta.us' successfully

12-01-2024T14:02:56 - [TEST_STEP][PASSED] - maximizeWindow(): Current window maximized

12-01-2024T14:02:56 - [MESSAGE][PASSED] - Current window maximized

12-01-2024T14:02:56 - [TEST_STEP][PASSED] - scrollToPosition(0, 150): Browser is scrolled to position x = 0, y = 150

12-01-2024T14:02:57 - [MESSAGE][PASSED] - Browser is scrolled to position x = 0, y = 150

12-01-2024T14:02:57 - [TEST_STEP][PASSED] - click(findTestObject("Reto_Spy_web_1/Page_Your Store/a_MacBook")): Object: 'Object Repository/Reto_Spy_web_1/Page_Your Store/a_MacBook' is clicked on

12-01-2024T14:02:59 - [MESSAGE][PASSED] - Object: 'Object Repository/Reto_Spy_web_1/Page_Your Store/a_MacBook' is clicked on

12-01-2024T14:02:59 - [TEST_STEP][PASSED] - click(findTestObject("Reto_Spy_web_1/Page_MacBook/img")): Object: 'Object Repository/Reto_Spy_web_1/Page_MacBook/img' is clicked on

12-01-2024T14:03:01 - [MESSAGE][PASSED] - Object: 'Object Repository/Reto_Spy_web_1/Page_MacBook/img' is clicked on

12-01-2024T14:03:01 - [TEST_STEP][PASSED] - click(findTestObject("Reto_Spy_web_1/Page_MacBook/button_")): Object: 'Object Repository/Reto_Spy_web_1/Page_MacBook/button_' is clicked on

12-01-2024T14:03:04 - [MESSAGE][PASSED] - Object: 'Object Repository/Reto_Spy_web_1/Page_MacBook/button_' is clicked on

12-01-2024T14:03:04 - [TEST_STEP][PASSED] - setText(findTestObject("Reto_Spy_web_1/Page_MacBook/input_Qty_quantity"), "3"): Text '3' is set on object 'Object Repository/Reto_Spy_web_1/Page_MacBook/input_Qty_quantity'

12-01-2024T14:03:06 - [MESSAGE][PASSED] - Text '3' is set on object 'Object Repository/Reto_Spy_web_1/Page_MacBook/input_Qty_quantity'

12-01-2024T14:03:06 - [TEST_STEP][PASSED] - click(findTestObject("Reto_Spy_web_1/Page_MacBook/button_Add to Cart")): Object: 'Object Repository/Reto_Spy_web_1/Page_MacBook/button_Add to Cart' is clicked on

12-01-2024T14:03:08 - [MESSAGE][PASSED] - Object: 'Object Repository/Reto_Spy_web_1/Page_MacBook/button_Add to Cart' is clicked on

12-01-2024T14:03:08 - [TEST_STEP][PASSED] - click(findTestObject("Reto_Spy_web_1/Page_MacBook/button_3 item(s) - 1,806.00")): Object: 'Object Repository/Reto_Spy_web_1/Page_MacBook/button_3 item(s) - 1,806.00' is clicked on

12-01-2024T14:03:09 - [MESSAGE][PASSED] - Object: 'Object Repository/Reto_Spy_web_1/Page_MacBook/button_3 item(s) - 1,806.00' is clicked on

12-01-2024T14:03:09 - [TEST_STEP][PASSED] - click(findTestObject("Reto_Spy_web_1/Page_MacBook/strong_View Cart")): Object: 'Object Repository/Reto_Spy_web_1/Page_MacBook/strong_View Cart' is clicked on

12-01-2024T14:03:11 - [MESSAGE][PASSED] - Object: 'Object Repository/Reto_Spy_web_1/Page_MacBook/strong_View Cart' is clicked on

12-01-2024T14:03:11 - [TEST_STEP][PASSED] - click(findTestObject("Reto_Spy_web_1/Page_Shopping Cart/a_Checkout")): Object: 'Object Repository/Reto_Spy_web_1/Page_Shopping Cart/a_Checkout' is clicked on

12-01-2024T14:03:14 - [MESSAGE][PASSED] - Object: 'Object Repository/Reto_Spy_web_1/Page_Shopping Cart/a_Checkout' is clicked on

12-01-2024T14:03:14 - [TEST_STEP][PASSED] - closeBrowser(): Browser is closed

12-01-2024T14:03:20 - [MESSAGE][PASSED] - Browser is closed]]></system-out>
         <system-err><![CDATA[]]></system-err>
      </testcase>
      <testcase name="Test Cases/Reto_test_script/Caso_test_script" time="0.223" classname="Test Cases/Reto_test_script/Caso_test_script" status="PASSED">
         <system-out><![CDATA[12-01-2024T14:03:20 - [TEST_CASE][PASSED] - Test Cases/Reto_test_script/Caso_test_script: Test Cases/Reto_test_script/Caso_test_script

12-01-2024T14:03:20 - [TEST_STEP][PASSED] - return null: null]]></system-out>
         <system-err><![CDATA[]]></system-err>
      </testcase>
      <system-out><![CDATA[12-01-2024T14:00:46 - [TEST_SUITE][PASSED] - Test_Suite_3: Test Cases/Reto_test_script/Caso_test_script]]></system-out>
      <system-err><![CDATA[]]></system-err>
   </testsuite>
</testsuites>
